657777238
232244296
683341699
422686153
700307079
145842651
339471260
221036177
11745218
69949608
209615190
741481046
37490250
625090055
350033200
711909284
277881293
233680933
93642301
585811562
846587961
846842286
702518996
988104347
907148663
182503280
76524351
978592129
624644262
191401151
491502828
178311337
142320326
508863930
121178127
201607916
250789617
77596093
997577997
632057880
994576255
562017772
315436630
335272820
623854186
214362959
165070733
212095955
216572054
876133591
427482906
926485480
301315758
566900161
44123602
656966793
350166167
429953380
460476529
562328403
947044964
93675008
957753963
658028211
139191394
394034582
730939453
822711238
858477232
645065497
641976808
367175962
175440963
810843622
277929998
658690470
896388609
624107883
186301218
340684585
115689954
171233418
873704560
669554987
928786049
858620151
560535027
377131624
801214322
944426815
708257579
219915868
110773368
177311537
408324096
151244045
513134185
940509006
338784796
713423491
