114
2738847556
5782385764
7357865284
8784375625
23770855684
38258577604
46787853025
56384877025
76885307524
78027483556
85045723876
85572630784
85734768025
85867753024
273884755600
358707562084
378020847556
470863578025
487308705625
520853776804
558747280036
578238576400
658378074025
735786528400
738645708025
747835800625
774056838025
782457008356
820354078756
837508674025
850738746025
857763084025
878437562500
2377085568400
2708730055684
2880650773504
3065727850084
3704758800625
3825857760400
4358800275076
4536878700025
4678785302500
4780760385025
4788635007025
5057200387684
5203070488576
5638487702500
6080307725584
6357800875024
6500827307584
6572803807504
7380486057025
7547080368025
7688530752400
7750683840025
7802748355600
7838740050625
8285750736004
8457080507236
8504572387600
8557263078400
8573476802500
8586775302400
8702358400576
8740567038025
20830570658704
25783057600804
25877080650304
27388475560000
28730500487056
35208700750864
35870756208400
37802084755600
40305052087876
40700635887025
42700788053056
43778006085025
45023080085776
46070088375025
47086357802500
48730870562500
50836500720784
50858320776004
52085377680400
55020700748836
55874728003600
57823857640000
58236007087504
58805002707364
65837807402500
67053088074025
70450086837025
70785400520836
72650870508304
73578652840000
73864570802500
74783580062500
76003558872004
76820807503504
77058586003204
77405683802500
78245700835600
78275000403856
78405800637025
80604573780025
80670845073025
82035407875600
82070300458756
83750867402500
85073874602500
85776308402500
86508005737024
87608570403025
87843756250000
