328795753937051025
44201295320763681
534408375698019216
114914602481038096
594758432225988900
459074773552223761
649597296456480100
2251799813685248
615500543439634329
478003461449667136
989365912279875025
353435202202347225
632438971794940489
136087723509284416
198655582933113849
25573896257744025
43019482212795456
264725549393057424
131621703842267136
67108864
604661760000000000
387770639706905625
636549485779784196
95677768647605824
622291270710195216
617549747163922225
7860020916384081
16677181699666569
261151160090840100
883259185110415204
824935148587472836
999522379044067921
525551242537655161
994620823407036225
984930291881790849
604661760000000000
530077818599611489
369733492801665316
452664545575429009
152740995417855625
753399593773655481
72057594037927936
569776900781719684
66826673525205136
434434196740018176
131621703842267136
703908279139471561
72057594037927936
467680619686829796
211467010062508929
934576612428690729
331185898336475961
2251799813685248
361813685808364036
90894078327656704
572982234544810000
491728519694944900
691456942213210000
980797668211767025
195122787585156601
780773564919449929
252236683498280209
453862692107395684
306789593542125409
143739214166684304
809459539383693636
962911570797452929
94745700839946816
72057594037927936
903789121713567049
461103565182444900
886078264927193809
69992010002720961
747641489658396025
463394411176947264
544075175689143289
12206225258713369
954152077398968889
942756320991396025
863996569922448964
578247686267480100
599488173238958656
726063019171875856
135422027527182400
44972180912134116
952492321549751161
2251799813685248
871806713297045409
304113040716731401
370041022034640784
489674731797211129
39184681144561681
923978148520828041
526319429760180081
455452540322617600
952300680536513025
211964117707272100
713342911662882601
654520906960312896
837001438336241929
610688104191137449
558545864083284007
787026171181952025
892943125186709041
839299365868340224
77703895655014225
115490967321744400
855666449751984025
394623145986259876
967452543785639025
67108864
726187532384973376
736318830808189729
915538468343009536
595680634894215025
333222173588952036
60051618280336489
813439366269300225
479033261546354944
895832344635576804
921429531083664100
640069245072898729
979640836350597184
67108864
719465995689535396
25733731635212689
108524468825192484
590463133687680100
524288
146812328165018961
813631940591878144
341251035987307681
479930563863444100
122460639362262756
875652352866954441
999901770412381456
20048683277517129
242980623737699904
971409457357932096
71804754601384464
110271580733722500
199683524455140625
2199023255552
866373583444615744
470814686528071876
813628834053502756
155436208630920100
494878800547203076
707214828303792964
598331751653664900
303584008499745561
67108864
205592313548568996
822154474543839649
729568284873813025
739008140895053929
988059840239808064
70368744177664
858351000490964964
291788956080854761
979904722327876900
810016403483046769
718756701143040000
677839489476226561
995559017560053444
947740261662147529
172447903006677841
174772174476179641
377561134612201225
730221105598479049
476422406003353744
596259439728927129
521083685907400225
304451575228488249
12876230890257361
854750549087003209
977100187277023524
113792306109647104
517441560370823881
690614002196972100
181730116956404025
127466158711488961
142105305783593476
67592862668403076
185258376384745225
736400113073357056
517723305775206400
902220195390514729
17592186044416
315282554333073441
316798141271097600
126649419927910884
736899692201389924
285463977899700681
815360982778921744
83705287602832921
352745138106414144
344170737031563556
1
923613340954129849
694971512192436196
359792393939380900
909279217699859556
499182227396437264
322406571029827761
101860106156400601
638505307318303441
428546828731153924
116922660641356249
469609177283972496
460033275645185841
990825314803955569
178944589581554329
721209635753428129
273249924154130641
689134352167274896
722482784202556129
203146952601737169
32768
374813367582081024
138886866559130089
246036701491473424
596021811615711121
498383219425339161
391905076987354176
60238494830890489
548761411720999684
795857283160688896
247029307837384900
798668500174502500
504411357502669824
727142550314918521
167433648249991761
618874562081984481
881845900812915025
850944390119193841
376251199404444225
79256199501850176
57498857079591249
157650506700361984
585963218975734336
368285793349340304
95393540900968704
632398690910770081
894056184778066249
366452352676192561
309077145753479041
817178191541311744
845702980439905449
709408056111322500
990842873774562649
976238723833860096
131621703842267136
999648830835360000
2048
310908878610625296
140118815578621441
954636629353806400
197566653867906436
884570107364952129
16677181699666569
964743475483446481
97130607363518569
488918047915562500
656958508056252900
494138238553108900
839394976213440144
55077895502360809
711055016427971524
56743262792901136
548580013078515625
112670220196822500
745679282132636289
630040034050374544
35458735740619801
168377826559400929
22482376352385049
550277749872583056
528239737209060900
688662867829836769
250529718304595844
908930720616330724
733016322293548176
655202894909465764
315847803627451456
114430058840665129
64289040136537225
967758366595881025
4503599627370496
999395939249909776
373616445158492176
586782246517505424
594329547922542961
662929716888601600
679127148138907521
612735443488994809
859033933423497225
306099643980951076
894152733247478016
15474997998117025
355756481821375504
70368744177664
2384185791015625
197331219162325369
125158477052953600
75124475682518025
559074903838429456
374813367582081024
759421104292662436
92885870799723556
376080588713793604
373933375160846400
132064291510380100
621677623919929600
961461191978625625
999901770412381456
126149932727142724
359352756781110544
2541865828329
539373320998478404
197832828005632576
216607100127241041
522446959604255625
972882803206382656
771367550016956929
380214026161020676
695629400608352016
168676097483629849
968787495893281024
41648949663432049
824437926078152164
969003811149127744
4503599627370496
626627643748992964
694240247235169636
981758961314625025
752811979491453924
24002805098421769
713342911662882601
142244328836055625
633696358747725625
481456792561007376
131621703842267136
109928208757109824
185557177424764324
335066207635827369
121713649100777889
663143518292027536
122592531567058569
905108124880093849
492304461307556769
95905465668277776
67108864
58223408772144529
168377826559400929
279862796282401201
433327909639107961
936726082963671025
425553775923039241
393942138688906201
848397164578970176
21223571452934400
909070329202529209
152699464138412944
689067482598186769
2251799813685248
72981987478989796
203041102589478976
657340879223265769
67108864
304019798535049216
686166562086737796
840602709461893225
702661146261806449
738746428098916836
133585850147228361
439946832036614400
869199888748445604
658782571220499961
29888880222144064
329431393560025
72133590425842729
54560543716540225
40983411180960000
139175672181503364
36028797018963968
67108864
744704813169021721
108841345780009924
986116547002748121
313909153595025444
358685290916207649
359610256743115876
231572940559348644
426799350826587684
803377529964263401
70368744177664
874124067793408576
304998060593027025
431347205945440656
700852776753267009
713985415678636929
249537459142190025
422885944997956969
241887479960612929
77015149127089156
144186829571309281
348728180027437456
923600332253625625
877685219838817307
851681009795653801
65382645977093025
954725576657756409
680752095532696576
275962511310038281
278525677788302400
616993707480880900
430962075162172324
91517158475080900
437683486522698256
159892555644011584
182185249758752881
972895552785193041
466560433606453264
364534378970580625
159947504306640625
989420625785277504
991409281787781376
713342911662882601
656868047942821225
835534723538533225
737074804872849664
911688475678906849
928966667015230561
726360036441732225
589648704738341689
699799007638169604
424859583390376369
792942829802943876
325410290929712704
331908889592238336
14269500130830169
312081693078140176
506905744961728225
681224709045024400
551040781785148944
268595913180710404
211870960447847184
693105844577205796
435961406451397696
750982521192995529
2251799813685248
115138525911586489
178512479394346384
514334881523388025
621336908502535824
891773973053946801
626424399989731984
42277047498496561
953803572738770329
228283719844687936
528217311274502404
943174373763722500
190612997958475225
985529099986141489
262475783634449025
846379802440494529
256685372414082756
242801001470509056
399827279821860900
130119948618359184
967454062451750329
693599857509586329
932488914654478336
549755813888
924557369674917969
41714890966279696
170276365615333761
810990614090329929
77984016302241856
63263571527565049
136085471748750736
443041827930060129
289351989945328324
169750919198509609
628775164351461136
716853639838377409
59935373281680400
970003864341858564
284803460768738025
864047651198473225
760975770579919504
166575140608720041
975255296789922201
73453174908541444
5559060566555523
950715454851660996
867803148618225625
221629771009106944
660952270191863521
732904431102034129
821995375167835236
767777468983516161
511797982710330625
37251416399187600
286090768191466225
999522379044067921
221992395801276100
231349955409813361
358535985463775025
15399168697131769
799006685782884121
755833962683120161
185011206115904100
612897230110411024
921918793643968576
19270120342625881
353076710832277056
2384185791015625
839299365868340224
128003938085904400
621974854109822976
900075328831554001
649723624826574736
948313665695812441
651658933332570916
671547016408156729
322044258836619225
669522142180028929
65342075191321600
130788981522693649
39440417290285456
32190625311686521
178614316500736900
994014980014994001
195450905094496804
58210675351680996
895178460452741521
999395939249909776
636412953867462916
945784756134798336
603025987141255441
493494314597165025
390561468833383929
799491838570455625
236274794946399364
539271864123147684
397329964122640201
858771162632068624
838623465597376900
886966360416877225
569794391968285696
727442715445570576
458305632965838564
511116753300641401
549755813888
102464030486401024
377557896414760000
349295634495289161
536870912
170289976588767721
675556254086533264
185890444946620164
295848792345625600
169264034286581025
123220294523370256
225975637673364601
88617090936240441
951578933493377476
982134461213542729
736107932483590276
571087370321026441
213430465462563904
723823513265668761
523981353297306969
999395939249909776
56248160274966916
110287385253938916
667631528355677284
118976730424821369
217200938704686225
739136460412889764
911602213209104400
115028555275642801
463763937838652649
447428618704508809
562726215239132025
286961751195372100
990747284779877881
806769848969135041
218907481628748004
221632060868084736
315293560957445184
351788603680819204
665349557807123641
833832267899835556
5994884426836321
476154087876091249
936990964387180096
428446136090520900
246443824140001569
995221801472641600
547665412033286416
929960434258971844
896253948827368609
374702121989147241
718937396306901121
111572642504657569
388113891151039876
294088326875988544
443081736374110201
990751347855364624
168377826559400929
874578360979835136
45457988559681681
558599139535589604
365712794643221776
242968205987474704
913371351271892496
509232362913304969
141890780860141329
592830983828563489
892196034344709264
135262723468694481
132803330674579569
914573174120908864
14746581874605025
723542576141337481
404534871981852481
891118896690065481
396504275987081025
285142295588660224
304429764099377764
959957786715666025
132004161847012900
256
23026661868798225
42771526798579524
356900748855477264
197069232494288025
823693482421418449
562949953421312
477699604899218244
416115417142187569
271322260416249156
898960107171364624
900206418661063056
67108864
295159513723650801
498557221921535716
259434016997075649
427715965992000676
584692246781744656
222754371657143769
814556720386817521
451741416275923225
485067629057113089
684303286888040121
679213303066816324
35491718608066681
560011571726745681
855004885097926564
8192
62237549101906116
820857593746014889
794843222116358416
999522379044067921
701357888558650129
288972804932600464
714631982592037225
883284667538385025
303821637329632041
33554432
705060230227750609
883403678746042624
465458039444991609
524468513629536256
299127766168399081
588196695171030625
255553928168496400
114282060617464804
34633081591119025
46186737491178001
279491791266908224
181066003203657121
683544651181478464
264712672271541316
74723010149299801
67459828218629401
647675836436043801
937595764763002944
339901792306362841
1319337954126864
188108734187341444
841895405835502225
663624145164114436
2251799813685248
153695768537789361
67113424501257744
587785518581041225
889386954934044736
877700944763302500
576768184814933136
169154893876389136
274877906944
73088195202441225
272253240312808561
209176750871685601
244244910855228409
61945234552896016
887624670540722500
816221615202925281
851421244770909604
337945217664591364
385926166217793600
134834466675496900
126139624311896836
462144522577767129
854362896265300900
74816144992210801
241718813931653776
291967531736040000
401637068724974329
373737549291008400
923515372392573184
544107373039140964
385105023652846249
326170200405039376
10752931758966336
523291131714936025
475022468810312644
984930291881790849
16677181699666569
185321327564391769
16677181699666569
363124089281710656
539066691195638544
698632184972524401
922901055342631236
50777256156876649
292714951980578884
2251799813685248
910813270907621376
56456554210574400
202091179047525625
62337562680907396
56971060539048769
397275963370645969
115400950478779716
378824399809791376
695926952597748496
799006685782884121
17592186044416
270591668513221696
516776741035653609
540724236146053444
188681004700535824
743367855924484561
624663210568129924
549755813888
408049091994137616
890827214145836356
103853270369680225
213621874702776225
375095905251843169
457886447723263329
912665067311853025
789577370042682244
342587221325821081
902111780558105104
447283497674449489
60604554980645776
698430545906151184
623837107790624025
103131651711251241
46797013990130625
528153655495108864
28177166596350249
504664312480933264
137328288289395856
177357797899470864
920667728366033761
567697330295886400
999775294624544881
147612137310562500
570675778196892736
561623452248975649
911013580307258596
658827198348524100
106116484205583504
839222731274092036
4503599627370496
45140874384064761
576556600995177049
731872057754924944
93746868446658816
150909483981548601
182356844879020816
112410234222086025
851853441203428624
549755813888
670531620989442304
123912606549450625
475667500007829529
323455196052838656
896814748299211225
76252550710158736
190581696435636496
358362294803016100
988059840239808064
841161838798050025
425143167846161296
7550544991152384
741351429774264241
748256427510003556
706034140118674129
769861881692530225
512472444057445249
981546358913946225
721711070384425209
362488036847202436
619384171878910321
474056106825155625
50361087748468644
784083341656857636
567413558134827889
471428013457096336
890160893997124689
709261186409425764
179196199645749841
427079315669485249
453941186162483776
885842337569168529
490764041004071961
398394909445873041
366311093832596025
29676959446260361
980389418162745600
109022005452888025
558419244110407936
999648830835360000
131477344413410304
678329648440936209
664278841621046961
967744352185360324
661005180621107001
516687659399431881
970372509356265625
549755813888
916225815393103609
221835819972239001
209851832524399129
161911855768894729
770113621132747684
511116753300641401
827360486234777889
653173196792281344
5559060566555523
934193880621147136
506378089542150400
78632562130060324
935224317205101225
135351346675020529
832734991486491025
516051599260309225
16556339471673600
882429409275825321
802809962763350161
845893562418527841
695024805092901529
813402666213015321
220391009058571264
8192
743078533845240961
461440265072250916
758627558787536656
420099348058709796
333446650042972816
484452656229426889
522737929088130625
995849058542261641
269142234036640000
288230376151711744
278923732640877636
918775608552731556
378645610821678225
619111399192160329
683714924648454721
348232304729100544
912272569988492881
565776187560350116
13077467185416516
287654327964900649
270834512737322689
849092339076988356
999901770412381456
479249403874912225
68178926121014916
688172025118209025
188766455791773924
633852319406871184
527637341571158016
301357174923207225
580222245605811264
826889723930952900
43907193480908356
994014980014994001
945057439493859904
726477326832250449
245618537304688900
97228320451622721
594175965916234816
490465544724997209
2199023255552
111136031619386944
499386245564784964
661780380578320201
98683339593512025
853355241924299521
689716867387915249
897627735699552400
407034991489843600
644519962033840036
980217480880286224
198337443726250084
6103929382011904
680458203470199025
34656874050490624
803969826118886025
299334993924904336
260869013138410884
594525564745315921
255827842553244361
298567810243860921
351467932974236100
541611922622694400
36028797018963968
20923860015974041
313744876408576921
460506966423236496
748651879548784656
384384743191388416
982134461213542729
534604828004230564
374813367582081024
269752808840419584
317742231279218944
36028797018963968
994014980014994001
417116974339407969
289103767697894436
839299365868340224
163370453403032100
821465683807248481
782625219389477776
144859517474805904
672789515394375625
461786161134056004
74721470621312089
998501218008107584
352056827024437824
196914715700541696
379102770514194841
90502660501233201
740257574816715076
982134461213542729
75767953091883264
17179869184
970372509356265625
161238244075011684
273413546337510544
542081635457420356
713342911662882601
236758342768927204
372070874289967876
414413613162621801
885685080781498624
224827088244103801
125875442427439849
175317986219948649
999775294624544881
154243193983753329
204965641770703969
931972888071230041
340561757779969636
713342911662882601
258507360318588481
77463048847560336
572898596998025104
999648830835360000
810508637424331024
520352818175812801
152448867617940100
747808257794855625
155002949065731321
80062712589416704
949126208928739396
269571411496723561
86219878860335089
550209238702897216
363353149912474225
118333993800503056
793732732049404849
93269312700062500
988059840239808064
456556995019320196
91443301504524225
470663709263323801
676973915465788516
910031599668823696
980764081691574244
104998196469199504
594625411286093889
963809296442506816
46327859406855625
308987337917027025
958289280584700100
24100579998268225
517843279948491225
681542213802490000
93888894702050704
814661962156305169
999711976742336484
836886517158340324
900326050136475876
272575940306211364
33842067481682496
633743988934712881
558545864083284007
777095033353343721
661599384580209604
737983968485964489
357890839160366656
712507796428929361
319904585090772889
684432836651402721
398380678868706304
697246524796126321
36028797018963968
773603484600993124
846885192873431716
979377282800485776
994704808384232100
633778857735448681
839299365868340224
499448109605079184
258515474006988900
616836016407915396
211583954584188481
119561998594328689
5501124223950096
131621703842267136
764610666930795721
19279755714433600
87771023920539001
18684687554499136
790886311252687881
591347442607704225
460796015403180625
821935594252449769
17592186044416
837406921031354025
247056088023916900
308600506084405824
585462827467552329
597603584459290564
297271997367621136
219182976613473856
71279668121410576
779238085324815424
713342911662882601
560241792006804196
590423579368623504
252730169400235536
946183381315376400
998862103886192100
339427124853232516
72057594037927936
286845112678551361
2541865828329
962360105328207936
549755813888
634675055646564
685402373670799225
780209315057376400
725400454819122481
976238723833860096
136118599297421764
686281351584158001
357870061397766724
839299365868340224
881435276061144025
42536139987697225
104306911199298025
454482262015776016
665467916371584561
604661760000000000
260441151851928609
171177859160804521
934598961542655396
936720169433302500
189404005664547025
587510410700644729
900853259964144201
769722941844165136
217437342570339984
113755938645681049
270399654720110224
101209901766991369
529902608357145409
409995810134959104
306767902645807684
72821969291811600
733680526971547024
114775934823984784
559156975841856016
2651698669654609
753101197607353156
908139796364343481
425933463946751524
448311027474984976
392343837919820721
740762409253206916
882728770943769156
435749038105958404
231375287844581904
396271205581576081
545937502502450569
982134461213542729
521387552938180681
16677181699666569
900955419932491225
999775294624544881
748225807910218089
849822220100616676
36028797018963968
246741705236778361
860266066688005264
776198145166408561
713342911662882601
49803929890179481
332098419413636100
239763203991564100
999395939249909776
404813506417690969
392930998273463056
793390692493884969
549755813888
294115788459473761
756225917548500100
531064940458584676
291757893608007684
939127039675691584
181922582676154896
374813367582081024
229277683366637049
196765538104568689
38882470823740996
850548397359268864
519941450246097649
121130734139251281
34145982211279225
56437681327410244
355357844277430225
26641374928972164
942505458084803209
986419376109298576
191934466422627600
50110592273726209
501609659857188624
545446383225296400
481118911766060164
547000632377097921
641501128798774336
55037438235951649
564089460754385449
999395939249909776
880757374294642009
315175822166058841
839299365868340224
682942392764404369
221813955062321521
667412756469342244
637413763634025156
187333839718790436
546735973733377024
390506645216385481
991427011218909841
187499960256174336
180338379894227556
929663031033122500
491424541263937681
568316124630828025
285606604735375504
958477423062034404
982134461213542729
141693388077799684
759317963244452676
442337027674019076
449784328581182884
41866830067188736
128384559801799744
866869809384649225
999395939249909776
121623995016049761
945361180076672164
300950299071354384
581408145576545049
14652084245090436
350889122090948809
292049864853137161
178365117277038916
31309478879853409
136606302949204201
929119627217322256
699936201886366201
54801652615710784
973867449437589529
71671851301680100
239592121220916324
436460119050848656
143090096360970256
245358211577350369
863795847422192400
558660998639728656
262659590485621081
371622585452319601
675500977655482225
230588112941119921
518942169202982464
829485282176202276
42838179137247321
83898478067475600
60887441762500864
982134461213542729
661593689252505409
802208103855061264
274877906944
70368744177664
451481883277568256
849883467607650025
956853989701183044
836045837740798084
784910485609027600
201324648163775409
821145455340685225
594961221115242436
549476932815354769
403682182196493456
283684061204280009
982134461213542729
210711506244232900
639186397938047569
913764147959313225
76479978827819044
540929786018904100
120796073307717025
619148873625938496
741145693545276100
848692178673438649
155336504386115529
41789229014739600
260072592302050641
208008233936164809
38409775292174400
286245851469743169
447139044794500969
353800415988827536
617427773013244176
650106465134656401
32701045503164416
244796411848364401
687778711638062500
19001199087556569
725746136391651904
458966659108749961
221328707740134201
95578919382144025
276610273891875361
589734935330492169
429102987843820900
129599095681577536
39456330415902976
141723645726164121
990753830297060041
812850486797977369
34920608810901489
926235421825852516
116732309986498816
999522379044067921
512389632489021225
124399681317492100
777782526576681616
147892182053760676
512602559152782400
15762401495850409
100335014787392784
457969709362875649
596767270535879689
41072399385786756
429293969423162944
191848697140751044
75993637393219225
364813337572857616
36028797018963968
357601159505640625
73183777789200016
437305118777345025
953429255979354441
780370378002748009
252912827492889664
891011107512219409
659888067742162704
998862997377607569
216664752522102544
269567028405608704
353366647306715025
660522891142652836
399236232120450624
90180665976319681
408551045554440441
418172432879301156
374813367582081024
906225825349841481
126723900560796036
324527740511729769
698993723455818025
536489780613709129
965355310778351089
63045823015668529
2541865828329
960515127970035169
266340772130486769
675705584248370641
497819537850978729
881948025373732641
153485897828654169
792924288474739369
490347671849413849
956838082455534049
426397751496183769
362339638221864681
969211774531149444
690191399061542569
291235355947632121
878269296693652900
949985817529721281
497896530481322896
422178688112784100
2541865828329
614866379310637281
269651460837181504
24742254662230681
501177168976632976
41270844806152900
97851750871896025
64074953840696100
225276197061493809
2541865828329
173581605142662564
661811479377741225
755274017678250625
841470192286120336
15616477912332649
824152667116817025
588857198808458596
410264294722312900
33068595451371076
671649610992813124
645363900788866249
255864321736248241
88033452913253761
335388030007572025
661880010278087056
870709263509789089
891123962152653376
185085445274736400
254831065373586601
184674218347688689
230507766838715536
392581161640850625
816816788125888900
127109838892510224
535115715314249521
993928224701060100
411495049566482401
999648830835360000
102976441607129476
451917017212630225
670407964098820249
821711240740546816
997523615021881600
51907753314918361
354661070317638529
827063663357324836
776695180508703225
131070457743317764
751310314361549056
258600428786677849
721996926702384529
807307799145535744
901906803506307600
981652268849264896
976238723833860096
984930291881790849
374813367582081024
402818558962332769
63934251733086289
370183522629013921
72057594037927936
865994038772232049
537649098187430464
126558761193964324
599051611508220025
2199023255552
123318640447316521
11552697828009529
136086608693664225
20877044535032464
825087765023922724
982134461213542729
313529605230876736
648653006998160784
78493801720507209
997532188405070224
515217917530138761
148667472188272521
147379840364474041
215795231983823716
483581154436800016
654834685940659225
352264994474143921
589038646751515024
49610166139159609
5559060566555523
799873318348289641
742664749440840121
694949030514160900
10741811543429521
945806563929153424
541806334961802304
114269464986878224
16677181699666569
489595157455728289
485955445158662116
944773481045278921
32768
104868876654606736
988059840239808064
995178162584924224
980525114467931761
8192
693210500851799044
641724552187494400
190783432847441641
820287778555365201
527315508466564624
890313742979041924
418244271118577929
531466073521736809
773814833145511936
939267841471955856
877575736423935376
160811281804352400
878782742464252129
604661760000000000
595528096156399561
687897935482600129
965140126222857025
902354648252862016
973228428612794025
106813822392345600
728558321420325841
70952695080819841
349749374299431129
490018656577582276
332975455890465025
673945071205363776
396465818226370489
716608276637078596
306394218779938884
809136757518805849
847076401322711296
868516843808985121
270587211592800400
475192853444567556
893348773111291849
126560426114035684
669888426521094400
133669576734684004
914420555449026025
832371386393146609
2384185791015625
272152372051791504
205572980958055489
51457672698208569
538384048064175889
799377261817316004
374090650163286016
984930291881790849
404868107378700900
275375235358305625
735717936763160289
450733808474360161
792424183622959449
306092593241373316
42967307530224900
609123852375376900
862623448294608081
273790555174500049
214780543197631524
195308319039992064
474226678923639489
231735960467068996
65873797109023744
497047713949499881
79782394657950625
467681805521258409
201814826466278601
234179861371710244
120615883439100625
899014877975930401
82424746550992609
287201266594670884
590468338949068129
635639602786768836
250595792546411844
427665770350790409
596781022787089156
875458703682888004
727702578814632201
879249181569728641
90479414544949369
800681417710945156
909883069093723921
214575376336524225
762201644060976025
306631859362302016
797313262632608016
511116753300641401
603916689611151361
731006831362890625
556282298264162409
778241502997920784
305231618941888681
916459422687352384
82189826437157761
623892678560525529
149163126167347776
272727598739558400
561357474252209041
546722151178637641
741631751960954481
839903673370732569
201146988232409956
133131574924512004
573194536433246641
350175380118729489
458180338794698809
999395939249909776
549755813888
457100570952305424
101372765839591801
323362444916510224
374813367582081024
70368744177664
607906013992825284
801896768370898321
499734659187633424
17179869184
724776153572055321
984962016363780676
751859845120387441
366206758508538025
532863357549909604
368895693066265600
994343332178199025
683533458447637329
341367379246773961
486227603785050625
7553400072269401
544077527206764321
250699857115599424
968061720914428176
727870322949517225
2541865828329
49002673079244676
440102931405256681
810305652628983681
402623607624953796
273502499185912896
84881304776545369
690524785494804100
364836922859982400
774114253404341641
704635017274817281
481110112449630225
67108864
608246265472890916
949803472917003769
33627682697661529
885297894630900804
437626373162222500
382314610314506809
168657144942127689
999564111510049024
756627107341608801
370996140384975625
237075937586949136
20208512570595904
122085489245875600
154063473654676804
16815003679037041
102002007307655961
715237396318068100
901633902890402500
558545864083284007
196311490123775625
904618305139691536
612051685394131684
330546871316115364
2541865828329
975311684743375204
673172230273323169
449990137317293764
418771168136846721
190865558631456900
926581034768368849
243171397725774400
661490388624512836
23130111245313424
999648830835360000
59368553342956900
604018027301725089
380899064408422849
679650100351923600
16677181699666569
284659181134921321
672801965016364096
21358427959462441
228697733168296324
839299365868340224
36280534769301001
31169636969365504
38862266182711609
433443739806700249
566713201454280721
251260579065892036
78133957840279441
919114000030383556
46769549788459969
552395344315311225
70368744177664
469687812385605696
8810044632738244
361732570783189776
67108864
939322888532491225
963897063844934025
393066480553820164
865920350797915396
833103206838765625
2384185791015625
541605781932709264
605491357868095504
869368355806167009
833343632054964900
947383852685294116
422994617876772496
4503599627370496
726678289260867076
57333850558214400
664485463669009284
349632439040157001
196038067327230769
187820722410625924
769235567961170025
192150022017338401
83999576896508025
253880234865256427
332537063536511289
432193977330427456
920799301669928641
664903253056000000
668111640309569296
958084123113092089
819410837880791025
220836955878787329
36028797018963968
511116753300641401
999522379044067921
340862836654152409
17179869184
258915670608154624
377328763157646400
126165118375317025
700530175455915249
335096171847256561
406799819163280449
255623495958081729
151246840792190224
591635744850032689
196987651111402281
215448085216788736
573280947069950596
816521926058496784
379817580767883241
860955218652479076
236513091103645456
198320898393863716
712342780712136289
312928210080817956
567063855870707776
722177950495849444
138599838887940049
19946677809013264
376050601186203904
232436739013794225
852386592529622500
654087729767665216
922162642007828004
828094640108673025
859512661490289249
673695347496565156
307424320262367889
558545864083284007
40595128093334929
385683465148956100
206636705971048609
821331160164447076
213476077865131225
8235008934302500
168377826559400929
87367943118553344
695543521747965361
233052426714381444
17179869184
467386130688099364
699774992456700304
120988492251668001
469228918208179600
105633295462868644
730325208123504889
332349283337620329
643532018105616676
109819513701795076
812204175466164100
999648830835360000
981686639435418081
113016070596319641
549755813888
731759521686136969
406397512471963609
337004669755387089
706189048566003601
795218890044215296
17058389584372900
986863060538334225
66326036230865889
57459589673290000
985751547439845796
981890978996590884
31946374670598144
275466755169834361
999901770412381456
682881712971764329
334528086159040900
999522379044067921
423767871257448025
122592103005665601
934440164693789209
38362180015374336
162800522887179024
401170653831754921
916599633142410000
715649167560250000
424075426588926121
415055073185382400
720098072108105625
905297381632341889
346960346315560000
86931826192625296
576460752303423488
524267698610055625
684962207064318096
260259851412696249
690235725080581696
609229079058438400
368347312665077824
429951625260925156
566343392852410000
711574849604179521
66408778724184064
137054474891933481
140749003824751204
127593368106175321
417199062812965225
4
892497478756397409
127285810451676900
256241726260936516
435843037970600836
29234795765132164
16485348439859524
512329206687323536
71726508977074704
216702215377173904
366509000174417424
70368744177664
291895561776412801
141030930018722500
909552006283009600
500546544562045881
974261150473115761
405145945049734564
268621118945491225
511116753300641401
251800757099720676
923615339935140889
685684367209087236
56734836720233049
74800512738086976
319203333747642276
418251334603237444
8388608
440419777720255204
818536738410960804
801623703939379281
2541865828329
954317786239393801
648007829463742225
311268707588135236
176123305068702784
60692956924672836
929282232202993881
959065413882597904
213425719975406656
437790808750694884
575518930686529600
688460760996446736
44896104159192064
560303653668029569
353848797210055744
770882846308431649
304412095064380900
428707234521552996
447370882366115236
201714164774252001
240342330834761796
965066937659022025
851793684343623025
761936054769344196
277656268222380100
242092943257124569
437132142292493025
81407569164893689
414011880750002500
212336100864342225
677439227228177296
534496242094065001
115325483288331481
558545864083284007
46428297415174756
135972540204746116
212113690707436441
817508911394056036
746738395865989696
269775080199917824
2384185791015625
486227455957414161
938735120306233600
751893544414910209
609124934098780969
707406888163175281
970154037957584484
892918516794420964
620515425615840225
5559060566555523
938474127064080049
393839298983601241
407676537999007729
887141835671249041
86513868141495201
407916328319458729
549755813888
536870912
531925460874168804
271195277011600384
738166653730725025
439737713883691729
162702722211705025
396626355022790656
239984197566512400
17592186044416
366604923583395396
4736007688920964
59577828456318601
193330241154835801
926875805434283236
185482471604097600
617856636671799184
704049522207874921
84757734869721489
999522379044067921
658730199461265936
386934731983008400
268863058844644356
17592186044416
644080741808980921
487204642160211600
990541225515909376
81961279868328025
983907542027372769
838366228940028100
740054707147176976
527640340098873600
431193082297337721
591156308377876201
48926179123931641
891243067919797264
978501153146077584
443140836868427049
552865522865927076
624882161630173456
919813632563584201
200552634117847089
53546590798257769
821574264193060921
80263036432353124
8234087878515625
914966982871074225
610009465136674729
211736086193226816
744933935334566916
125865605022134041
884564351417172969
221982342288300441
419034691828632100
695248384762851364
867051563379233296
904002396141644836
565159207931611225
382102043060928961
336495468972467025
831309946467524001
713342911662882601
590752797485384704
357949942905072400
254687521241725504
80210727162120256
100219845225182761
178515694689925329
997026351938660761
42552245371185936
293314623094872369
289679026722697924
16728118288049529
999522379044067921
886117169998369024
823188426879182400
636399821293291225
916064379769200484
156354822159260176
374813367582081024
938387920093245504
429080741000417401
840351215993398729
261059592652687921
994536213698853225
457506597610675600
861272663401972900
2251799813685248
595337597574637824
991435092371305569
67108864
394380360120398404
144985054207140900
609116228828148196
917480442409776036
135686984799122449
225019197940753225
872939518778280976
631000182178329601
370092382210978596
655823569642787716
58409355807436176
829445449618925764
794478556415290756
226338403137128164
216598222044101881
809474713789848129
246561075248393889
976238723833860096
403860462257027889
929788725207069841
99966327729579441
8589934592
243643745886363684
340414586303743396
999648830835360000
4952162649532816
155930743539648900
45421651827073600
227581933860363289
580167672468138225
86548519230542209
131968231571462400
492624802713246025
453660214608666961
736092324424732900
998793779961237264
931389736644963904
204295711308070561
622755972166529881
970372509356265625
702867518163083025
149923745523214884
977725238284810404
606504252311901241
43102630433592900
910242636456844161
974496666146364529
435652237926022329
17592186044416
135890230444992241
291769842844103121
13657822062889225
472583046459604081
237533761911666025
8822996879394481
237974264815123600
485848938920822500
115118244250313616
1223561432590249
526611765734283681
207895492756958724
72057594037927936
837293016991385889
547315496602754049
701433060306192036
994014980014994001
673378376198093316
446681718693210256
981970421386858849
221262252372137089
316717256137009924
579178217959233649
80540073692980561
174937628146789764
620699942561955876
69833927387643409
272463470126712225
597458080900423876
214935015601614025
376753122310774225
140058476478040129
969955906810926025
233495712776751481
353524539231855616
301843681681538529
867474037490076769
378295422007677001
811683014733237529
641523167588599396
353832186760202500
813778371353802409
916638639626325841
370641434956364961
44879415794445376
897512520274647876
750226602641625729
257884357769800336
504028289710452004
908057826183345124
539770761154883041
357607028278411024
971221825717492129
275049683180914849
53758549972927801
906668292743898721
17592186044416
474487275879015424
497876134101044689
886215949226708356
16384
424926343349152516
744528910314426769
750873227060242225
4503599627370496
882811640004880356
894512232209218624
491429375487617121
839299365868340224
5667577969089124
506787094462938025
864157483750906944
4503599627370496
413813054112848784
660941805429725625
786358030299646249
415376495151485569
754026828487341124
185947800962089104
398846810940067204
136072974521297025
93666863254781476
890049817389834256
462024804540124225
17179869184
318287314997376400
455799031615210000
85170692413473489
931904769648213904
192693793496256144
999901770412381456
788014945552839481
262306613882453284
424644421247516089
151179616757969361
564677293368316129
783139127263899289
893130907399809156
582042589970796964
444942473662727056
397695643566535609
544546024574569924
999775294624544881
999648830835360000
984930291881790849
121870093647852676
38007022735302201
691860862997427600
860599277398749604
227132621695211584
299821985358480841
194735788236465961
544612180856747364
50546266685850961
609551905840754704
199019365004698225
784406530862598400
558545864083284007
230501825007875136
185979460511289600
387809588849985604
762183399346696336
530085189549555025
214869313058400400
130651747687080481
867959456439435889
875191007639240721
651938578334308225
653039090793772281
84890935715761081
28122362626645225
66134485282387600
188566118037936016
648748426667827264
209418362573945121
625066635643187364
626909717159453025
91380611060492121
659867307873508900
324211318551998329
75894866825452900
137170683589209664
537051311461271104
715896290568476304
757942620542198001
598966454596251361
476859419893507225
971885308618414096
571846864099024900
440040978422375716
656686695839753929
112872375732014649
155832670606860900
503446046626062400
691443108801258724
403717540748268681
783345647845785600
408310998433246276
528525725597071504
82879182140177809
925364438538070609
67108864
844617556206792900
925227508790550784
646022080734880144
971810971605201289
107367691812649216
803978932457530729
332584418256755625
475933331289016225
638704844708853924
587108380718340441
89867716843625809
804560598607920400
342978666334878025
365930656330100625
511116753300641401
59250371014548081
770528496651720676
851301643524128281
39911268462690304
825910867571475456
179555798622582001
2251799813685248
97844242261213449
403204898690525584
765575246558321761
424834255636299664
82592554000975209
699420076257531456
390029813141221561
799006685782884121
462222765466430224
127405313370338481
143613722391136144
925779779996344036
465454744208183844
334004074316892736
741542960025858769
497824804189206081
809785123052539456
262796535876827716
752856224952148641
50633404098755625
764599157855577664
49599047910982969
162946943550264384
215043149738412304
380463221358072064
970372509356265625
799006685782884121
907446365623642849
999775294624544881
77846414926167616
244522395425075364
393113078123213809
75925636692444900
782020275930724609
31064001517529929
681892168846605376
223256384190020164
395016151737634816
904852886042378025
923798079001510801
958979018360617081
618700491767927556
999648830835360000
138303308598174784
841921302925913809
222411176044751236
723546536601159769
943613106891840004
754025949720248976
999648830835360000
114433264358179321
452181788485172496
988059840239808064
525840054092296804
275635176693934864
333719505164744449
680365431902414241
996903872218941696
85381730043519529
70368744177664
133507567691491876
516073933541779600
296885275166009209
53647711832739049
285204420903352896
626852718478896100
766781680789025521
78572427422061169
901088629922875689
148679518541788224
518293737765997209
807723717667471081
610787030770822500
739313276274224656
303597135298299049
966330062312224996
470909606365617444
290638834111834209
332391469298952196
970372509356265625
360601467815028196
490689487577013124
502036199829626641
195021866890291204
44021381250427441
53580300636156100
292812737500627600
125491700766694084
399599577514709881
614937185527000249
997110929701536400
2384185791015625
17592186044416
294217812869695225
948457912507265521
154974203697152161
421168444193106724
424451654529208849
584497662170683024
851883882511362481
982134461213542729
988059840239808064
675791891806640625
649895641761746704
113134649025953025
142946864533091025
55129428344578624
480134678436270144
381094473208279009
525550948208349184
13183270489843776
205267794550712100
324735884669952441
405692841305887524
970372509356265625
516355763432262121
539257212445091716
119832856786555929
988059840239808064
494040876384811396
567104118430806649
92684808978356401
116502886693836864
505820548845626884
294162365125451641
713342911662882601
144688266563633881
100650790227377569
345828664246416121
995324873013451204
929554832740377600
374813367582081024
815485032566325801
777935790620675856
822496968428786596
988059840239808064
661149441403231225
374813367582081024
70393519608408441
916726003681029025
2251799813685248
247637475053905689
799006685782884121
161991185580213796
675226918738817929
170786891523381849
136945552268648704
486335208740909641
476579097767997225
545035145257681936
322710138404824041
72057594037927936
44652642586734961
999395939249909776
722289167782944784
471784661552930625
263107101982070889
651739729040704144
830840424352106256
960899570948522500
254312652256700944
826344702129731521
80605961283372100
309490473716942400
942594228731072241
960979188896611600
237281278473328644
490446547690832100
950345515345208896
247118597672401009
794661930703515625
346545682388590864
659172378729319225
277001820315021376
538475902378943929
651817461815536900
273892264533786276
772958441256663601
274770747679782025
341924954944815025
999775294624544881
982600445822630209
225878383849556025
76099074494408449
860990337288922500
75481316462708689
93096279339015241
466219994164453764
251264809709609796
4503599627370496
118859203167256161
972755665102575225
842037883301993284
571328817323413444
511116753300641401
2541865828329
221509184094254884
983320703868080656
531817555813117729
796109014998844569
9204425652331204
88250105429671249
673277551657266724
6409288647829089
917918204240869441
267514185398530225
273688782045369289
911825851352649984
149529641783034384
532433801366139456
53188810361476036
153707376292634329
70368744177664
1125899906842624
648269934730190161
596891584222008100
72057594037927936
54503808795618064
7576982787689956
892491508130629969
287547681368295076
546254062098140529
454228226788064481
206634445839760689
137608805760778881
999395939249909776
582263360981319889
450342738740701249
847260823561998400
331876769634476089
984951837796970404
841345232686612900
533169909328043716
160323365618424009
151583273872759089
133281581736405001
72286830429582609
128
695459602948146436
12123975144437776
2541865828329
982134461213542729
750975407992234664
158357314060409025
892854632186301316
176560373114029129
999648830835360000
970372509356265625
957628612010850025
174761351131944976
744217048105463716
654254083846026049
2384185791015625
828965688907829841
282149648053536025
899500661425087569
3106755634405284
83990063311193664
823388412796995529
16677181699666569
515099620133448100
993774926157820816
42053289839344144
29590532576582121
884033391249789001
783635058227552881
674781252530490000
797577925834529856
151093803535442496
746330408032155556
415777279487043600
23320479706677136
12617309324279209
138047763969362025
813350527077027289
593006532745042276
717575799240174681
573495823046304900
665360293957224804
984930291881790849
962047754916189561
589640955259634041
581959145083051024
155303336384506249
952207191640747849
373417870557257289
214489480263408100
121576409051335744
2251799813685248
159021051604666969
651667877736984196
970372509356265625
420487153495236864
289267755441320041
148271523970093056
98196220608268644
590689234070231409
111739209363867409
521550524258702500
69643324004846656
16042351557144025
708581606756681025
713197944073746576
182257210433933041
57399406308119824
124683092296514761
518949105010213284
361283637418012516
460793946363438601
430961047119775225
984081026761650724
255281008316628100
86319890202891024
786155700523883089
965952896313766729
465887628028948225
304509121073549401
666816944916314404
363500272757186244
109896811487334400
224903454297616900
762512922151979881
512567553471162289
215308924449961329
92054141952105025
205289528648765625
582382213926325264
783758331581202756
681697780488207396
298558549698163225
137374713816902500
352939379015262169
696141299178180625
246451156481694784
33257760621346816
892536509380182016
993667967520049936
50116703225230404
479848256592904809
274877906944
151183896899350225
735626672624844225
603159256263358089
463282914180827664
26055767818476081
418052876110047396
508116843175922500
822919177571549184
486096670775306889
999648830835360000
340854765772459225
101496992245277476
471720976129247296
881329578106568704
684810578107546276
982134461213542729
891714909476843776
228756677057960164
122941494375159321
823557796380725904
185540583924896841
497357197909455844
133979094131276304
718048464809779216
886500384923752036
180279844047187600
987726099080186404
57909890889667600
683416131240338496
900878480500054225
141276400860035961
513165573452466081
817279729626421504
974743141535874481
801467291276667136
644000333983586596
809622463402194289
839299365868340224
487147860081326656
130202030733984225
359007071203872144
281229699447414916
591992485195009441
4
903129133104034225
2721461098140625
780192589080852544
692413787214718209
348100173460021609
13539404081513025
881912008577500209
454410204658401601
964395604841185764
28651373485671556
790113069466238116
401645424107690361
782387909354817481
997010371815540489
855255729900939129
915148835721637924
155195805934122121
997722022774771044
615336921566407881
67108864
321162774300062500
801846646961963409
24181015066051600
34371758019495961
132551921395315249
935651838054778441
348511736359578276
957905749717747216
604661760000000000
76190714270489025
395662830375126609
708690841100626176
970372509356265625
780101857139062500
77366356632871056
932065700798508004
656671517845754944
379811485650402576
304829918686262025
80040793678143489
880133075944338241
879401614153920649
384526045170892881
2384185791015625
999522379044067921
517053890344384836
81312448984810884
701525836696817664
36028797018963968
160750737776280976
680445213024242961
676684314870681121
358180145342030089
37304239694733025
716713686692229136
37788419562798969
356617734588942436
962140258229625225
537217356036472384
17592186044416
293240497750888801
234665600299777936
197067964647084129
465071147865485001
267111014131754244
33767452772600625
21797672948122500
655032433423747600
679272893280257956
981179480230781764
3297594562198596
35184372088832
794763955505641104
369974968602728329
695747884940130961
6113609951438929
638985405629103129
393946588726509316
944478655323068889
487148524539267600
893139354330613009
549755813888
615421051865719696
834325179239872576
123529774003272729
168076452884666089
157673978127821584
558212937678066064
10687991756969536
205171570316929225
498871249372761489
289195295159891344
411895325710955524
743395346175435529
608144258640914116
5962056926923449
90370517559441025
250801680663479521
58662427873945284
764995133098560004
277888997048561284
304630187718660769
256231443351361921
604661760000000000
903556549442599056
487191237851576164
835723401279795396
400861807371882256
657000910794829329
281365396928632384
56594086216653456
509096120534478400
4503599627370496
466497879042250000
865633590688262400
414134512297268569
999395939249909776
181053456582197824
2384185791015625
832443059847846976
123129771338190400
151829213369098489
511888812566114916
100161240533516449
836317072183912900
89515933047473956
999648830835360000
401444925245337856
45948330110739456
418068448249008384
633373876751018404
498962652663223225
16677181699666569
256
508930257306510400
295161962861338609
902024973223502209
718230496400857636
416529705519547876
999522379044067921
995111830195632241
999510357952012201
696531053956609600
837616986120930625
769819531075747201
916570159106163849
876162080974019401
819811284292570249
287340029798827041
999901770412381456
565959063543090064
930964524187170841
722881530355360000
788977087321167684
799006685782884121
879424900867624329
428613336978319684
759987896766485409
374237577994156816
722102132389701184
662598075701625625
856057703092370496
24514422301755684
93776845972842916
817837439104009801
232610374987932484
206543653516147600
936226079107344169
818510032802686249
716576401856872881
716775468734868624
60439125321377401
348806008234764081
869012163571151961
475962291479241616
876366002511696841
256
47491219326739204
925782196980280644
121507232793423376
576345699771317316
635151005227795456
90712297605541329
257168566528881604
671716861040555716
437034782692839969
807030397571874436
984930291881790849
217485207350666649
741798038000474361
619825914126355225
38304939369291529
135517686917652900
384969497254646404
844072974917051364
619975980727236225
816519412200641769
144300431329909156
627917670000228969
256927811881181841
348596214491777641
302595999115180225
348397065811379809
799241853922719076
913281377719098969
876523605731819236
673900847808158881
528998042280570256
14511019480426249
679505206662239364
626500684168633444
389760623703469456
41797853296424289
716909011569401616
16677181699666569
881637558678202624
831787462839773584
82769554027302289
813105975600179881
291223225545644484
64680005216569600
688500383089229824
89696488918425841
919985536476325225
326788499224855684
658410381322808464
537295791999464689
314401908947474089
5712718387705729
559497305420025625
384944588706462841
494258187321810289
2541865828329
129992488630073521
423480047480874916
15391766919873600
17179869184
509198498628568681
735452239760584641
199185814393664400
429750021630155524
466122044385241344
257093211286872801
27980523831892401
72057594037927936
962155171700737569
507556955155859856
874523228719724089
64866926824338496
46794266688030625
818439906191942596
230777735175115969
832375698135987600
87063902456633041
62554597918525584
104468951122564900
999775294624544881
496721146334043024
216409158735288484
374813367582081024
247691962768665321
36028797018963968
922844391617001604
984930291881790849
863559086270882401
685656036236163001
799006685782884121
779400871935796224
955788692123980521
420713764053483289
105862719652677289
957203953207680025
23011609366416841
894618443410256656
262568662853069764
106538204893236649
949391169561777721
357850018834503556
123837308496615025
639383813985973681
566416829832756100
315946551967095361
935311007365596225
920124425988794896
549203003534417761
591473265485686081
984930291881790849
161880648468787249
811996930666690729
220391739536148196
659705564946321664
822641852855523600
904055293188877729
847734794476721316
520419023344143169
9414673535556
406031218809524100
789953690107692100
351705305231685729
328207650960598201
324532685295356209
597792571040998089
64004597369707401
873371190789409636
558545864083284007
785001174248526400
255030419688793956
695945665999616400
72057594037927936
391147364516733504
605664041059593616
80041198246843024
31758011426866176
543832965618698596
775321649901673081
429370926732864169
976238723833860096
21594507348785809
631651225608122769
996068773249067401
663362988664754169
982738813032458244
146057315583244849
110262470868232489
337226486176626601
861439146511526521
622888466263671556
909067735815490969
343097924320236996
96588647632528164
95392624829011225
558545864083284007
518695210335980484
361065604986473104
17592186044416
351272031358028356
24595985458331329
791210810385099225
346564034182641025
32877757257129009
72607892922756324
882203154130430209
231786558239887225
433433868346446916
322734430920228804
50873097519827716
784148732531149441
162093306342096900
277953860533610209
31368196866497481
951911670682713664
677185053426726849
14240703796736400
937825838089559056
36028797018963968
180817590759951289
908829962733244644
159881139682851609
675551513247070464
182675641795415521
870124145671020304
92451074591328489
897178669233035281
561374699364331776
233623378916608576
530662542694969689
24177657884472225
294772460429853289
490057306475428624
566686903319776836
149132145494626596
354606972856277904
15899185907216676
484641773900730625
447477378906250000
103164165963404100
634737297077568441
990524330064788544
240137282607193764
855572499655367641
180615729168962649
999775294624544881
389796995494190025
775451581871760369
893234526348609316
72253076045258329
862415036290063369
271175333153710441
314186558178747024
229906843375440400
123847689919200025
391151871290036025
682597721965436176
931024626599838276
535593301365129604
553185460394428225
831108610609709056
760260315318071929
916920889313459044
107263714509868816
748178550220922500
765080111982416400
107884375947220041
731214670111249921
807342461969730129
685572936308635761
864672882871828996
992913234249400489
663157819742250625
683346988649025936
588964199646400900
79837325764560016
646923647139978321
403982971829516304
723863326828893241
994014980014994001
829168447816396900
39723719921458609
982939780147908025
451680689847075844
582164368599211225
58424255379787801
246262759349223969
271390806054637929
642388885858505569
766372777247276809
455838674695911081
4503599627370496
839878261888330729
703535847662711844
11839583021783104
859231525006340929
827370893837284416
206854123624474225
501596395949967616
399832609023897856
475612540476435684
305196685670964649
2541865828329
339619558172152384
269839955967121089
67108864
442161484140826564
5559060566555523
705508332097448356
374813367582081024
66002940782640625
5272308236078244
17240400865527849
494055431739629824
927750695427385600
125936005856633956
574510715351452201
965905500948157225
654829735150836036
393851916930098176
778269087245707236
585095781803660521
770141076756466041
138309987850658064
976238723833860096
558545864083284007
920993024772954225
620853892317209329
423007712736365761
378758365843176484
942134219259464169
597276371657730625
882579646498238404
997260317040549961
584887567373771776
380291993721745249
650174916272388516
442546269288046144
78671809981352025
402218350149955689
17179869184
105185759246778681
28319226314947929
444013354806979441
319294346215663225
88714036332168256
808907068721397321
5559060566555523
320093686682723529
939258576341303296
794988146733882084
662023076040480025
118579138058249089
874399990265906329
976238723833860096
39074248839461476
39648680415415696
345687160376272225
89627465904513156
795856057404307201
563930833248478089
934733409891854400
558545864083284007
393917222708575504
723872360668244544
604661760000000000
778425524266590225
185275541792967025
666147394465317961
816303012642132544
943715168558601156
807618033541355521
880984636010721124
817303191317554176
889491214725439561
4503599627370496
597604887819337225
970372509356265625
404868393710363025
236909514624255225
514067118826837081
298832704710853041
945153386378100025
479629527609044836
358973886231047025
454432905918399321
28240262725979236
50088985981153344
287691341575670244
518510283944802724
129512281407909904
713342911662882601
999395939249909776
994014980014994001
78781510521315364
860267170419656769
194477516997594601
379682850022282816
788202141075715081
158102173354009600
13007863722288484
724391639948448004
316023125797872964
358537327926977956
888395030063127409
197587383400384576
168377826559400929
487299851281920964
880679840103011844
314001104974740225
994217068835252964
981007824302308881
185158371416306929
31465512726744100
550861619310275625
750299881247381529
527846674956769476
812233872861314596
696129341313508281
75105706730073616
728416257317979136
186171624871210000
986403175318022400
17592186044416
262198775597073121
312716052257721616
832003245253810161
17592186044416
131621703842267136
210775847416542864
892799815027437409
202593769252638976
719483675958554896
820489074904590400
807409158866179081
125294965494743521
102789898118997769
899451617394081361
89422016749030449
65845180182366649
30459799039514881
251842686035525809
22559626651493376
833423066989685929
362015986086035449
2384185791015625
57262461711160644
877759379377554496
653942695345210756
934904165150771776
72057594037927936
684416884657806400
223526640564453681
835754624443922569
970372509356265625
504196370065386769
710229381155664241
442244508655150224
80024267213529664
82719088738621696
638473600801975761
62062672708916100
704014189136025156
555618448238108761
814223387742412176
924724996607750625
863409432404579076
344662426208021476
552729591082695321
576766099360099489
485460099858110224
220470440092754401
909026095297960000
111382722007731001
768408097850032201
864570610487243664
906483925505116036
897559250923305369
999901770412381456
765566265876474969
432679422297038400
142599724508221369
335949084045100201
614916897407309641
968624808793138225
287529694191946116
931538025981054976
535772750977490049
484636377266573401
999648830835360000
601611807940959321
604661760000000000
169363336136572900
87466062058437924
500735402197053604
454114692422105625
159000578386522756
524156579603881744
999775294624544881
839299365868340224
933438311665008769
716420991349400481
394920861330453264
604661760000000000
544842439703962624
379493548592847529
70368744177664
144725081234540004
680766428846204100
984930291881790849
553548246307732900
984109642449230025
59281058781126361
255617232719988841
31901672844835236
270304721514590884
658890869823506761
28509910169790841
274877906944
665685005123477089
280784699734176225
683621722975268401
341923923458067769
493739802675764100
110796339471227281
273727005964861696
728095238321330961
135091363967068441
616089861809766400
272654019989283241
949964669210916100
756417708832591729
273687512878310400
138809615009997376
263173453884844281
988059840239808064
966654022365922500
876753318799336356
527014316488805289
244011939829068609
713204299873749121
766761933015819225
267428843004341529
270213520642118244
228971808615760144
94464478607950564
405623540074442596
4503599627370496
156406146787908900
45629536708368369
154165959930311289
130801243833386116
293828190398179369
269417825192686564
79657480880891761
529183098037877284
158260451648222884
274478337181867204
998100448931351529
502370340106259689
213999049587697969
156843846372084964
37798903096360000
255895742857563769
602178284546166784
497415622749582289
868624836936201601
511044728644905625
703284829420224100
256434585476414436
16677181699666569
899729952797721600
866072146645980729
604661760000000000
17179869184
27743887898581156
970452761125209664
979227036251298121
735723350828107929
370310788524735556
656298215488543716
825901648766681344
374813367582081024
1466474780787241
219280959586253601
981475966812806721
260085005196119401
489320380418043321
340289761494396025
743467348831507729
422836578505911025
959342859306724036
814668735177700225
497356749379739536
138220860637158244
989478068337914884
614064457593022500
612702700481771524
156793346450188816
6626680246771776
116385549537853696
5717423612640609
832620275988562944
515270356062635716
1187654118920164
34923893325216025
19814828580643716
493445952051954724
145734875054635876
897006180025226404
300950507535351844
122282885586710601
853984548445768336
22932802127383204
383509121689763689
514592910566931856
85624551261126361
473235699859421521
995388682355072329
277955703674352025
352468747006534656
334300595510776896
17179869184
743088138503462404
280083612815523169
114252036429324544
862903277528812129
860749194096490000
504640611063972100
804897163724214544
906208842481900441
596633316046862329
901444030664836096
111536099163622849
178906442121022225
327712367053958929
980684698017286564
181832268935038401
948909359424925369
737857989287399236
616899486903378064
982134461213542729
713241389732295204
213709765940951296
611449843624277056
290399927344680976
759681299031508324
73976166607360000
921656690791784676
564941174861473344
63905098666198084
465161985447511104
389802070123833481
700751645302810000
850752391399585609
558545864083284007
638971039510802881
661347373928863561
657382316485221889
273214822706399809
969491221201267209
61029912317744241
984930291881790849
518020953313725625
920471232238086400
894310202799579049
914377754047930225
240737136941784681
999734941566321444
97720027909712784
562751194037493136
997821851376350224
412506942963157156
279473236321112089
417798152084955625
48220041709528129
124014938613372304
448643803104705961
681914692670312644
2384185791015625
589124700708446464
910462588754546689
577816443953203456
788123525907136225
314326965932987401
496233786254031424
744644125682811904
405542765320825609
753315708739513924
958772437770609081
800073373333794849
297413229997299364
870363613047571204
34733780627400100
70160794052411241
174277464563525625
202071603612157504
174239777813548225
318047263242931264
657947001316898329
753588856105021764
269644343635864201
639676922383398601
343585894933296016
561038789184351076
51418370610340864
4503599627370496
362919201199195536
87000677179747984
984536766592304121
428721335492567716
112541297731836516
783639325049870601
996549373852054416
149059094518158400
817062414000842304
988054393061599504
374590944318875904
741020725666918449
758129084714615056
484961578105181584
326920539522358336
903176465913217024
3522406356818496
16677181699666569
46305440665260100
208789543962153025
635818218184702609
774849595636822225
771665605726770049
1684337579025124
649519960526272144
271114537502306404
351211772400787984
291868731325517824
12281886497210929
757938770758304100
304450212354885184
151964273632358209
727888607842982161
695604995026773129
718393332885118641
445347483130334404
65573874526525369
700275605308480656
643735582355520964
56338356367422529
289084145801680681
976238723833860096
156023167205382400
952108475299411600
885532019872897881
29299861115568484
752919231468782596
78583871121766201
961641545509098169
261501199654734400
249465928537403449
423232254701654841
973084851346100689
334222685837921764
173600754876669121
604661760000000000
452658135126405289
413988932224360089
162596091792451249
131359635184747204
74131914016215225
17592186044416
25169019102811024
72118677117427264
47020506307147129
478651878439984656
137419845282541584
177258923265093796
512766388797788889
999395939249909776
505531138910836900
911538064671740676
774366715237663744
197824561336122361
327543528641470969
156296501178051529
16677181699666569
915057906081001281
723684940043840644
104948357491960921
909192316010566756
642355541032081321
17592186044416
158928450524005969
256229089558903696
970372509356265625
200245277450307600
823261150180060816
137609893407705625
44557018652062225
191003651301726025
436635392895269929
766267740088043209
67108864
534161382545902500
732653180916334129
557112648004843681
631242631548715264
61790080971275449
236198766320099716
691101428540610816
148062034277736804
235516333620663001
993293161290801721
343202583954822916
624482712534058596
709519075857179809
465740726844384016
745517550525350724
337407384812541796
59347349312776996
260826054418987684
82946196302538969
73965639507265009
178148749968577521
694363892891570001
55473025668657129
360367369274559969
338752979563810816
685389822911080225
976238723833860096
191159606631516961
256608224853135376
653135537236368169
325434578753437696
592223901852722500
818317468210052196
912027280541425636
661908110941641316
15581488584143889
311704084444841104
734445832531415104
670783252414552225
569801335074570769
144115188075855872
746946533365190596
65963021920324929
581574225630819600
955503831666530169
16677181699666569
618790148853208336
158411795323902849
413724114721071025
991753129192608784
886408893931310649
2251799813685248
211024939518991081
641571600432795904
108141694397412025
884418229976376384
409323901902884644
799006685782884121
100848840772714225
882594412946731521
12990102765153424
392752343517790096
27
769071569850104049
198074698937882244
722326527113998401
98520823267512361
493582780506763024
207581444372878489
283839864352672644
688891087488826161
161829043924516864
81673011925859025
617937711349580164
13089662286843844
931110058537036249
552537141466353241
847835524799783716
214633308112056964
73462347137020689
273828317335477776
742668089703833329
223454824460707225
537013777628193121
970372509356265625
112707485321616025
984167279829723025
9604889860611600
65661246855184036
538593670513484569
4
994014980014994001
113949116532250000
934112308607450449
659744440117478521
470935673803595961
826775988249172900
775416925472156881
839299365868340224
93780581404239409
736426794528796900
162963257751552241
982126043448471076
119079452746472464
505127978739073600
51345940275973476
587991576593863744
368507696809529104
487482896485660516
994014980014994001
168377826559400929
444253826665121344
459763357900707441
792654356918749924
497589693282542884
459040965756384400
15400645692038244
886160681056044241
2251799813685248
931248192954408289
961248665519812609
253594134774153481
768300368850447601
14431026374448849
46542439361833024
722681231363560000
742311683956713924
59678008156343929
999522379044067921
516711741248996164
747647286368004009
678256229095396900
218518983423739881
983875298903053456
621237496905046849
137233686308126409
411506560342548441
326017263962016225
27730153652255289
255558555750832009
80927692657084900
161196974333164900
688888189150623225
966396981634535929
791992929498503716
586720804359804676
779132233714486276
212984367367262436
94254020744863329
74157469467953481
2541865828329
344668978047203716
749930087771831521
365777566580475625
750234489880922176
345474515683723204
797493232689354756
36944874388145025
306476909395123489
63981827648334436
279801424793283649
72057594037927936
100947672791343225
108950318271165361
807456136239668161
799006685782884121
842926565199164329
16677181699666569
620912163632080401
53747321632718596
69410883375059209
121016261433175056
16677181699666569
176212681874425249
874513029900312196
335142286609733001
590839975817900964
736997087579769025
305143833231841536
17592186044416
940030328331798544
288493488958578201
756731542574112400
445065182811315364
85241704337712400
987203243304240400
702496505390217316
835864660715733649
853788304028328964
488936248957255225
589442247518524929
845875925869207689
744499390410375961
374813367582081024
733792984504980625
414441025763567364
5559060566555523
732269879432736100
884131730811880849
470284869494322481
787214990017871424
680046011134854529
449875615352360976
160149114726322500
713342911662882601
968260453589121169
397275402405345424
912254894445566736
843309135591273316
355375477695750625
145872856210034704
164681497193321761
39935920484229169
807918149008099584
796614827636889856
927854282575228761
620930813678006689
563002951376471076
862024898932761600
347664960268276849
35961704403561225
524024515394181376
827882538838338064
933920652844072804
906422647834909969
156393482914213281
716598587319660369
456862222762905600
984930291881790849
550394098077792004
648745245147356289
976238723833860096
397305209750609169
988059840239808064
906089106355862641
68374595063241769
847215772788789504
982612814829377796
494351168070827664
226752070416447744
999395939249909776
220579117894054144
999648830835360000
419547491671120164
47454442921925649
244394093548536100
178340521454238276
821640726948888001
10533604737489201
538563679806240400
132641556962412996
374813367582081024
664336385829262224
420695435421510544
925883310943173025
356817091028005969
252250250967944100
436927596804900100
286399606750859281
98128236420215824
918733872807759969
924751026089578081
540132075006389089
556543014479827236
438169622160080041
742582238022373225
841750332973603729
40820271105753441
610292635797345796
664683027432902500
69157828211137600
473664744876963600
823478103398905249
611093764559268225
386094240776362041
120993309104855625
36028797018963968
876547818637755625
305466862850781489
970372509356265625
74461224601457281
999901770412381456
84304928486672100
49817194983080281
892202731296836569
624388538182029604
286783257683476324
143169697478887524
769083477357610116
465505616323278400
846464369943810289
366843517518222889
305102796945154321
134283347376167929
628830493102165561
141504776223494436
230201547392178756
236125314645216529
160637072899802500
606406768069695121
466705921423723524
293150120138359236
358730507152734025
515003882814044100
25125250177567296
805791732345222841
999522379044067921
464164348623366400
512
149607749566392100
248286316818556900
456842991807804996
374813367582081024
637064600788113289
621030170789355625
984930291881790849
40243963659076324
747136836674100625
976238723833860096
988325575402213801
943961664840994816
520876950912983025
604661760000000000
291682880768413696
66490214399011225
957283547056159761
151752720156885225
625546442315203600
760168247626638400
242803993448108304
432751885469762401
126802604244422089
236532771185629801
479713101608524081
766741910546552004
212754175950525889
128271357316708281
416416121844159376
228948169875472369
4503599627370496
219314023818301504
976238723833860096
243763635038062500
88803856960057600
672912605859375025
483859711973664009
146252620765412100
847799382734448400
762040373870679121
900762238520162704
245455879850671681
87553027847044881
263845351516946521
214977974074351929
719556053325717001
567896799916561284
690049934857308249
976238723833860096
345766872402263601
704349134625581449
348682586533107121
41104035536655204
562039550766806841
130858040011191364
573476384961159696
503385019579586596
196873187258931481
428979125026400400
119832864402270244
721909613756885449
364726009550250000
523901389471846929
60602944974635716
566622382354724644
362243819483633025
746469777830280625
514790219739791241
4503599627370496
397130304699390025
229439902133313316
44385495672609025
697464762468899364
150529871699494849
302959662086656656
882314829650822500
826346983809254436
506530313945274221
57619143510334641
829247776399463184
58948847770770244
994014980014994001
239589805979099689
149008671105386569
243058454845948921
785315655262779876
980434862437515664
131284053571239396
975935240834556409
999522379044067921
192327282201309025
320273455349909776
167281083436010404
903805954500913216
964392680338830961
411102674870952100
267935157163468089
840761992960116516
458304463140406884
645656271301376449
999157049716206096
110382166387705689
304143544083299449
207672647677211025
582253291660905225
99786404914379044
16677181699666569
953073290037335076
967061096206881316
731838444023020356
122685435723276864
137901409976325681
394919483819030416
28635782038978816
260206911063878416
315236244614377024
2384185791015625
172951467502184281
37622842130227225
563588605184848996
9519688100694321
237983525795144704
364642604960325136
549793177652316816
364730554707723169
916365996490505625
827795920479736464
757922925979536100
557978448118202500
749540247736005625
86318877762555025
374813367582081024
391707473882544400
23236602086611489
767521061942846436
239029369201877401
833973862392229636
996854084096194809
363207275438240809
463010902841412025
749135492099090496
632630030017745761
125185440591278116
436281244905587449
792234847858668516
991464149344893184
627877409748091281
834132571434702225
306070920360612289
128575594598169664
830947624383117796
524014433027881744
382527484073491969
156175705174118400
974722813324104196
628662443142228496
592673419891356736
639608266361806641
643172473766319025
754547348277628801
382455426186057249
970372509356265625
492594354557240896
388296748411198225
301163951095492356
372561727707209104
481390137468602649
625301727115968841
64659490636113025
78864671686817025
265283421726818089
65971601437890625
784506548913930049
279205974533106916
426980950627586436
211259615557697424
529978358015015625
73357926233795856
371469390764820544
359137203976647184
57647741088313600
722410128894919689
722498978300361201
666123989935341249
207114548221379236
5559060566555523
884482239030167281
877300838157405321
130122724745276176
310304240148672225
771979752053231089
221439635366112900
519781487479377984
972610982654472225
705664973815678276
307521660952878736
6108877114401636
561959889715225600
641141987373803776
20166651227142225
386202454070379664
582633749033987049
898079452383891600
415298299422416400
518517154938310609
75045710711657284
982134461213542729
116654185167936516
386512867008528100
844653678178378084
186277422304137124
544190714384180224
799006685782884121
24993345426894244
74138690470755681
810328430685448249
95217261768827136
473097894493696641
955764835792707600
282475622798672164
588680836553073664
165506878421033956
743138383377015025
811942699244834161
248512756497049444
427426456510402801
587612071902788100
296798835368700900
785484935469774400
495182592713173225
108523931195246436
243727545131290000
577255520577022225
745293072967423561
123632592054718756
998171077005414400
396369467927755204
923856655899192129
876554876039068836
139258489463437444
473756921661800529
42272056164466249
267455346841365904
876112893009432576
894214835430024889
106406604404863504
581284239626760121
443570460309852736
492108139811623204
179041020313376881
50845211101835929
511116753300641401
604661760000000000
108949859465687296
752083673778201241
13473987167025025
14018400634052929
93899844381564225
305865855538441
843211712143360000
417725350378997049
575761814896407616
579287457879609600
783401864843606724
916374822541849225
470400888899666176
970354019588940100
801620840662496100
696812889884682481
62718028314448329
2384185791015625
599562478773011601
237246686756700516
70008674572642576
477110762134274304
342031290629054569
36581015700536164
537012735569694784
105946590109606884
219694006206033984
676369583722951056
399150303686131761
364824663827437584
16677181699666569
511116753300641401
544209255713749201
493828727682906256
645969908444491024
261711671516416900
208758529283812036
138988398874167441
766960334735696656
14845301167277025
707422803070827204
16677181699666569
549755813888
848859145941683529
2199023255552
300351340297548864
145873896597523396
31713428806361316
728568320012882496
999775294624544881
317766199672172304
288795635564850649
998111898074583009
677131723160659321
262198482702559209
199772869729453056
220659889643316036
843253310088062500
125299327862555401
93608132817709444
37247625852673600
593024033466208369
475006506638436964
611741571748810000
541463061911177169
163808849856963600
363300661045275625
436865099696105796
9178366178364100
532606564345422121
555128141101269961
22091042474130249
293820429245618916
999648830835360000
374813367582081024
653695273048720644
799006685782884121
142299363032870884
17820418694045881
679890860622172809
158346008748579600
72057594037927936
947546580114121849
907135337963821729
63520211186458569
976238723833860096
623452102797788224
329080753147916025
227429421883480881
322098758287577401
480902650578159601
188858928100792576
330271470705635001
764170676537484969
710181238973370256
708488433978002500
131621703842267136
290944672521979876
818949901201586064
818087346429839721
232124111341930404
376261663964941225
27985552642768900
51521858827432900
571796545774945401
463125362804657316
667110083438597184
942415198557472656
223470274784186329
16677181699666569
904640481455313604
86547335997189796
255828883478908804
128328936374720656
142580545640985664
370988931177200449
503242466322055716
496630329139841296
79591986676588324
369926362055118400
127710437943504784
904274355959828569
106844753932260964
574128716076926761
72057594037927936
573585434243018289
370373631821723401
953040726362850304
3879021490167681
236693600181072225
833310944091299556
17314790391548329
614411345790042025
531894289672532224
5732608887432036
548454372911318916
445243400961328225
899367343160040000
72057594037927936
160528823439114256
734736933936928729
809836181283730225
459817741158298884
530361892057655025
591089861692273969
994308820505122500
723068141146198225
458789643580335376
387456664481349241
173316867835230625
950844438362100676
101006568727873636
67108864
118533725661201984
656758463466011449
361573419052921009
828782311069282761
216536607315473481
109049515544584521
457431458918198436
776131386348475249
696710491133957316
726750840045067929
313296836663938009
893365101965164761
861656145719957316
808955899281939049
624903762880051209
150958748416946404
148685443574175225
999901770412381456
420218328434370064
993478523226309184
359420635687068004
503719243545339721
789934760699473081
901242875578515625
388885159136017476
176092808935734769
282675561125311561
953364929393454561
454935929128699456
224337003719891076
800736760754525764
70368744177664
160074801540567081
950861662827764164
162988674073599364
175029674018899441
554797787828385049
579859540769337921
243037000046736
891802261862891929
532865564996299396
486186024661568100
151473011120934244
472183343598384324
2541865828329
257732568410784489
892639400363545849
168377826559400929
906303868624004761
258327436748045284
499749938654543721
262144
35522764559126244
690048188742897664
977351491826592100
756624480417572881
173972274859626244
155331475359626449
454627157131244304
271215620522995600
370285233069806224
553579605210724416
914626836676117504
892667984449255056
890908552050948484
309529828951402500
257053518403855936
957434386436720644
450713949653724241
603267401082033216
526774242098453904
254546523019977444
940594137301090276
765170520715387081
976852198363972225
421448440321884816
991040006791465929
5836177384634884
797267820592102500
7300690636158241
367613825414085649
477820258320793600
511402478400810000
700841121727901764
866676653452090000
505624373308126864
274877906944
60845463839825289
378174622107639681
480984186859155225
419749952131265625
744540717749617441
947775955118001025
592152538007728324
721215094682482569
903368252225628225
173212943278565281
719767602785704225
89251576840000576
79677595457384401
932792906267082025
499525669090147401
982412075412018729
434533730308475625
448456554828282121
50981045073530625
536870912
978098884107014761
514754310050150416
873466772886480249
783964910765484900
631733893398173449
36028797018963968
408986927817056164
233582903340439104
623506110332688961
714963636833690176
937478701516886244
249923235893632900
50844301934949721
863503161319669264
806727867475335481
290322769144198561
110401607160321129
716328724758374809
993855623448994084
832675290333847489
325968852431712400
35328781534549441
668588058871764964
271211487599614864
111955125641241600
696214760700153409
255638989560927025
312455321185574961
335567929799320516
970372509356265625
713342911662882601
999901770412381456
274877906944
993617562506290929
347637423856916736
131339335220766864
703143295802032801
15699872730551689
872071590296934756
778473399511468816
908019725002476100
275827453012971729
511116753300641401
59170543526501521
797203372477251600
491801851825652736
619645958940531721
844752565383599961
105780874164719524
37831601398068676
245579035674387856
527352443314071769
563808488568368761
172699812906588900
976287873909004864
81875927916090000
958018492551524481
713342911662882601
839299365868340224
295556750126623969
999648830835360000
799006685782884121
756829945741028644
982134461213542729
361555548347881449
289851832427905449
248688915464844864
451301202176360704
458467378411204864
759860298987514921
520874077035652096
757966247042004900
624920241929860900
744343139326445824
431717970672885169
744015656972350084
982134461213542729
291938783103078409
713342911662882601
361841282387678025
301076056570432441
607508788171107001
334379946023426304
417420305800848529
520735306054326724
999775294624544881
984930291881790849
133084637550059584
854806180643029521
348792731717859361
795193156117521225
256
248355822246672100
192543697967940225
484151809374873124
558020550173768361
274877906944
265327344491217316
63634319542199844
22722822550591744
134644631886444304
17179869184
842381193081213289
450617572780619209
10882500078685284
982547923513686916
134476730893697481
416614494866289721
839248840070825536
125828287542100224
987946291548355876
286835175627562116
433076467398727936
287494150474736100
747245160088165489
781417176970197681
600307544608196569
558545864083284007
115886259796904100
370329678805612969
39256675782350625
961777505306338249
2384185791015625
335334114296803216
567560004501934656
220638316684983961
999433888143345216
666432145504526116
184918353715438281
948648550930556281
612744046207614864
124186595894206596
135110391114911716
398049531556718889
656863348823176356
301937276444358025
136515142301957136
685859286292755961
734990272907853169
855426552757925625
442315358165164225
855481322082162889
684018532295948641
898387011068843209
238940134531530961
106339604289661444
137614232167549929
64852957328103844
706224187421045764
356358025186777636
255235319284741636
738734407130553201
2541865828329
804122761344739929
450967205891364561
168377826559400929
222325615339873929
5559060566555523
956379380332966144
267396142440824881
166418396883692100
201826412481894916
72057594037927936
534222386536263489
197286323533901001
558545864083284007
617830471296837184
923747262086821225
405156872740112964
2048
219858849592477225
6014263070822400
416282810308831684
604661760000000000
815089497529871041
808485704206705561
122102392760414784
92702137397646049
159498095025759876
712806888002135056
242210476776154896
547888830475716900
534694566403646884
350313993782917264
552666825691259904
571219709179334656
144142137782229136
497682708901285636
782901020850231364
35655543026176516
8331194994144400
972945551746240576
843888462701360400
53465382609382276
527953083627647601
531412589791704196
724537396805640625
538372023492315321
379152758224038969
984930291881790849
720752473674759241
102070362992413729
242996767484562529
813430605151438884
331135921431915664
949691200880462121
35184372088832
462447875959180804
153101515094280769
108469804738831936
799426642563184689
4125015042638400
444941256982445584
657916616388671649
274560684741568996
817075195409605924
355573821186012100
291576161647217329
619022574852135129
425514722238861025
986417977703235984
546503443267898944
975893765518956025
894972653052583249
120939330910582276
365576422331563921
201406244816191041
999901770412381456
953802096076782241
160080574941698436
594340132807253056
427066781381020089
320117525205018436
372495159156154225
291372995796652900
389761129393207441
90696569211181521
38173331114161156
496776738469096836
999522379044067921
735443205986661316
849086353269957124
211489612560480004
550602976465797696
218431679005562500
715116205118920969
461794205664209889
251103552146861569
60710596061411209
827325985709845924
529215080120663616
2147483648
236311824107769316
720069744891346756
345816517138078921
478846599126080329
999648830835360000
240865930260736
390351192997799056
735853651215765625
64
976238723833860096
83636737749628561
365714844721217161
440313421023279556
55683836752144441
185205410532220324
180348726523823104
765406391607005184
803746459011008241
521366621733556225
558545864083284007
606215124342116041
984930291881790849
548951120755295449
797680305556509001
799426964441599209
581498557338517729
583337835224706969
430761926746544481
905156373387820096
207047368404176400
528466942193753124
534746489248140625
603120832167017025
549755813888
938563133933891761
503097257793554064
921625609137902244
819328934431753216
415014244348544064
799006685782884121
800104222050673401
983319406822636900
334178553617276944
689464264837342801
151562253520020841
4503599627370496
578126841120961729
630465919862983281
925197575094535744
108254538115289476
595592570739659364
173822437325072761
335586827411059225
786044385027639364
132424027320661129
23913124444916100
591555716059787649
285597755848613961
292938870324975625
634922630333105625
959185783780653636
459177750751674249
436907844877022401
773355143240389161
4503599627370496
2698684574788225
241023789128577169
79880549530149729
585924752588299524
851418814315252225
262285564578979984
299637421428760900
17179869184
75271820515266816
999616232826377604
677090711435537961
857589272060545600
942374595120598809
123910850014672900
185455598347713600
307465522351173169
980302025849712784
206467654821894400
589589801684590144
993955852634435716
873071650489513024
948745959813743569
674670596157855649
498666085118510761
999522379044067921
410964359867600400
308902280664027961
999522379044067921
112734394162406041
741594954177173776
339305537020374544
635062832233623616
669453404958950329
799006685782884121
654328256768870464
797796012892775625
125237858897068996
549755813888
412979481029961616
131849756637443524
714827791311461881
900220198970027716
773743806906343056
461952711739945024
202944840432048016
476041089622436100
290590287190632900
315531092993743936
115306388592387136
174191922183111364
809200876595500489
485047445625389529
466011617770990096
999395939249909776
195225244602174081
757573653363959041
821654399807080849
590757221580870276
897903035119431936
477322968939980881
529412089059981604
262991961678201561
678204207257150116
440912094178870161
946487197697541696
256485036924216324
671924003750025849
9
336247643134661449
872978334280945216
1048576
926411087531315169
96991974738139716
689429997137577796
591315822112890625
201784336034524996
324656829936942409
288291125222280196
391212873514694884
186543887287409289
708368935326419844
319035780168210576
111097321983397201
379057430748312801
593802746407872576
227822194674116289
31086964767171681
605339808782369956
377563400744210641
319638266186284816
680674299592694884
415281447580989025
404628308993664064
487944930680363601
68536914188531364
311404191804936169
362791062874746025
110175629587851025
72057594037927936
311604454009345561
512911885930611561
943612904841170404
195783674300760100
344906869586524729
83827873949410969
21186198929711209
242200056128786001
313899723100862116
502374492153251344
214364152417405225
16677181699666569
990778529467359396
621693896374511041
961489188596913601
107408789506771204
579666958907325129
118121989183307209
164523839737467456
627194269506024529
72057594037927936
552490445074940100
999901770412381456
102488590032345664
177460897522766400
600367750801020225
403388132756319844
122362941958005904
150194004947956369
947066081090932804
621404570508658596
984269475748880721
2048
683835031217944225
451493084320387201
755834960739862249
624416327632833124
36028797018963968
382405241016771361
337998870791150209
35430633791351824
598205431828132569
999648830835360000
26824861262020900
798606293930880516
550602117199719225
88345676466760036
76788050028738624
490381729716757321
67837440973951089
948738118840844544
262533932543945104
681813155083248400
41879274378813169
705350627717105601
775282291000343281
799806702969316
145287399869900649
329741150632508241
118238417005678225
70368744177664
727723429330653184
110784720269631769
2944489773501409
692518880549359249
544504923923481361
50366164541909329
744304253820644416
835047087691373881
986196259453629316
558545864083284007
324178063286976900
511116753300641401
474230974677067204
355487314035649761
285765821537934721
13576975651278400
690221162820250000
186759053800688656
464340615287834041
15076157943990049
138243670321727569
67381467500154025
999395939249909776
217926734617927696
874141065194752996
502916039698090225
977734432167875209
122307030754056841
67965438951312400
87274402102742569
501558773811508449
347857663111624836
566800343321704969
731580188471652100
79264149397821025
863000308421653801
290049136633534201
511116753300641401
439914692491465104
214071646059427984
958937644449075456
474216857573938704
645887249833947664
754185230278284996
992391718800451216
549755813888
321425507073216049
539397997806091204
736038876313180561
910265511295819449
715743390358051344
390732838691650225
524494514251404225
174104548169573641
931596056295448644
799006685782884121
77906538613335184
797253214624517641
155020903281763600
778850686273830976
63722707262944900
496161658585879225
970372509356265625
346938326240325264
492971637813972100
637810351286308209
825235199379684900
502807675083491584
615885141872250000
5559060566555523
287938795882106944
999901770412381456
151058452623187321
512189556251594809
581902105728306724
58859406366899776
181388749501651561
295041366309826816
412482953353696164
779601325862824609
716492706633402084
79205828086090000
275934883250961936
20813368930265664
88767944468492004
89230308300509476
522720689871028009
303927843040773121
182070047335695561
75515961132408976
752748236522979904
40846141611152656
161286559960800400
17179869184
211659870474365184
929217686289984400
201681057462296164
982809688588732225
686059796674329289
682452985280194129
384094274332546404
929175428719126521
900075573602104384
258031967530077841
2251799813685248
527449408708237129
577662155992073881
36028797018963968
903110126582734225
94469423946111369
4210684846244100
804602333509808656
660450742585614436
36028797018963968
839299365868340224
809069262521700625
526217789289777025
632906260791375481
374813367582081024
161098857849773284
548423020289244996
991240466832360000
49428460761615376
984930291881790849
222712059792573796
383197525584427009
428985656362041156
331396851551174656
721410150304168900
713342911662882601
773893855690441641
805274935983765625
168377826559400929
594960675008563600
388814950440977841
230321586192929344
807618768658254400
6983215018690689
244840136541538756
410254429511522761
19522707870531856
95971143363657409
541881221398420761
851409869456312644
263163457577181604
201220795608488100
104609149357624129
992412742475925904
32305632892831684
125745259209408400
777944051517208689
599368020885881641
38976418195989444
364864150052660164
656997953890134609
162282539047024900
276295914681862084
604661760000000000
815057516239118881
957051897378025849
80789633570339929
604367749418999329
867267243702072964
941785536959886025
694955217774547081
619841985973395364
365785559601138889
985404967941786921
162770322593633764
604590809191858129
695618231135886864
764258763796913025
