1087284
1112831
1040427
1147828
1069873
1026261
1069415
1049569
968650
1055505
1030958
1091883
1075520
1018005
1088804
1094495
1206992
1090460
1037026
1069722
1042777
1069105
1015048
1089115
1042130
1060383
1073544
1036368
1076951
1087105
1070029
1045452
1159179
1057516
1072613
1070708
1058486
1081416
1099648
1056268
1065330
1047832
1165314
1046387
1083096
1205646
1072208
1168722
1056851
1092768
1094099
1072942
1075938
1083323
1095323
1077011
1095197
1075265
1019704
1083600
1048822
916705
1089489
1076272
1030307
1076195
1137308
1073919
1078988
1198085
1082831
1046277
1045699
1107499
1068441
1044682
1080084
1078977
890203
1081870
1076750
1073316
1081354
1090459
1068441
1072664
1126855
1065358
1063732
1105701
1141190
1054442
1076228
1043059
1080915
1172118
1066208
1033639
1059011
1069229
1079319
1082543
1069873
1117320
1079460
1065175
1079597
1084396
1072549
1096466
1059418
1101039
1044209
1051958
1082407
1056832
1070201
1084958
1067499
1129801
1040275
1076963
1095186
1046517
1059233
1097219
1046117
1071055
1143100
1035216
1069119
1096725
1082711
1052091
1076950
1085347
1079919
1049341
1142502
1047912
1050889
1045805
1041444
1074244
1075420
1094437
1058431
1122255
1103634
1066696
1131103
1100638
1051735
1073763
1078087
1054589
1066978
1120535
1090099
1087599
1114711
1077243
966369
1081702
1061681
1084200
1067485
1062926
1079612
1066721
1093815
1066932
1039545
1225865
1055505
1060987
1076750
1053807
939161
1092207
1044053
1067398
1071311
1082744
1120000
1071138
1091402
1169105
1059999
982608
1040175
1067167
1040811
1029460
1077363
1072102
1082454
1117269
1135056
1083825
1079612
1079304
1083268
1040895
1082072
1032403
1041575
1068290
1000177
1039991
1032353
1082097
1105003
1076318
1073749
1077373
1070440
1068841
1119729
1077597
1068525
1062996
1029746
1067481
1076272
1094871
1069975
1084147
1085458
1083001
1065329
1078259
1068802
1067490
1098814
1072074
1077653
1072664
1062698
1048862
1051352
950901
1094253
990895
1058058
1074775
1038868
1075122
1084393
1071579
1064030
1057909
1048419
1095764
1091442
1049376
1047924
1062606
1076795
1152668
1037941
1143683
975859
1037729
1131034
1046887
1210822
1128288
1061340
1198085
1064702
1049661
1093046
1086717
1046927
1121555
1090951
1049551
1100790
1047156
1142423
1084720
1089101
1055005
1071629
1078809
1053806
1056659
1047660
1153635
1032210
1108752
1070830
993112
1038870
1071055
1048931
1086498
1117967
960274
1088820
991753
1088670
1015361
1010312
1024958
1042212
1070455
1048632
1064756
1057411
1063732
1064788
1094871
1018218
1078591
1102335
1075496
1068386
1066308
1087890
966369
1077688
1031000
1093800
903194
1120000
1070411
1062384
1094191
1051593
1071525
1229529
1079467
1039095
1063865
1029046
1078749
1043526
1075467
1117665
1087143
1067966
1085038
1133200
1202238
1068785
1074131
1034255
1047738
1172875
1043477
1048917
1072916
1048938
1068451
1079750
1093959
1062596
1081513
1071195
1022006
1100016
1046578
1010979
1036650
1083435
1063019
1095197
1102534
1019354
1097537
1076260
1070009
1079839
1065427
999095
1068188
1072822
1087306
1079834
966369
1063063
1103335
1044580
1061393
1028257
1126893
1085622
1077362
1100691
1040299
1109708
1100540
1050481
1056462
1051863
1088804
1067212
1032456
1012518
1129884
1105621
1064766
1040202
1055674
1029601
974916
1085606
1070897
1036470
1151105
961018
1081416
1094802
1047777
1079319
1079204
1078385
1067978
1075617
1136586
1062414
1062954
1069115
1044371
1052156
1002758
1044013
1079372
1068799
928912
1078540
1078526
1050829
1039991
1008458
1055122
1102534
1082179
1182885
1046887
1198085
1062343
1030412
1032444
1025067
1011459
1038359
1077722
1091846
1076698
1066978
1210822
1048917
1110810
1125317
1066700
1069090
1052848
1081049
1059913
1096765
1094976
1059544
1126619
1086730
1135407
985079
1196310
1098955
1072109
1074033
1077653
979738
1050844
1025962
1038942
1047003
1090938
1199929
1102882
1112201
1075142
1050580
1080084
1074178
1072812
1046277
1075980
1032872
1100280
1098396
1096182
1015605
1077653
1114413
1053522
1077859
1092610
1072031
1093712
1092895
1074770
1067454
1047546
1060436
1041718
1113041
1080531
1073983
1084651
1037667
1053446
1099657
1099489
1072340
1083323
1085347
1034813
1021166
968929
1069890
1040857
1076048
1086680
1077363
1036405
1052816
1097114
1163516
1078670
1082988
1131034
1071343
1065502
1077729
1064461
932125
1093643
1076169
1046517
1088885
1102346
1076014
1110810
987242
1030690
1082680
1085756
1153635
1078071
1034879
1043477
1078148
1062641
1097196
1041714
1065386
1066231
997239
1064337
998676
918229
1074852
1090444
1073933
1069168
1079839
1024353
1076593
1152201
1196310
1082097
1052371
1143598
1077861
1075617
1059623
1046020
1088331
1084041
1033158
1069827
1033639
1090637
1055142
1037036
1139247
978205
1080907
991876
1026813
1084021
1051574
1057785
1024571
1012044
1065157
1041209
1071012
1077257
1091855
1047961
1051485
1085163
1123406
1088710
1082711
1082019
1044995
1066122
1083435
1077681
1036207
1077363
1084937
1080634
1149728
1071545
1064492
1079080
1145873
1067374
1095858
1072089
1022131
1033844
1188684
1090830
1028641
1064100
1038609
1084195
1032560
1080652
1048917
1099956
1095471
1067913
1029815
1082831
1094783
1103023
1151646
1083268
1047546
1024230
1078659
1090737
1037551
1039746
1086967
1068225
1080181
1076218
1052353
1114976
1095186
945368
1105144
1140104
1079376
1094162
1144049
1042225
1069115
1048524
1032511
1081109
1202682
1143885
1018823
1082097
1092698
1081602
1151105
1033494
1067178
1051606
1168068
1075122
1038157
1036435
1046144
1108967
1059999
1057336
1207765
1088618
1093566
1099057
1146638
1089199
1075872
1051818
1088366
1079805
1071600
1040895
1077857
1049152
1059816
1064837
978205
966369
1086270
965875
1042697
1052799
1159942
1082631
1081513
1079900
1064111
1083862
1061483
1075619
1026078
1043444
1067530
1076753
1039934
1088670
1131316
1070708
1028270
1045301
1079460
1044328
1084850
1068892
1082329
1094326
974584
1093003
1035331
1044053
1035591
1088984
1084415
1069801
932125
1091855
1095630
1098806
974584
1049661
1094783
1078562
1049998
1117262
1060706
1150206
1038703
1087068
1070229
1141968
1073061
1071937
1066230
966989
1084200
1084759
1078736
1049617
1084862
1065520
1110810
1031318
1109284
1098449
1039991
1093959
1067783
1078480
1070897
1073904
1068166
1073503
1068089
1090278
1108064
1079592
1079347
1083246
1129884
1206520
1073197
1105154
1017563
1060383
1083531
1048960
1059214
1061530
1070187
1120685
1099982
1078087
1024230
1086206
1079089
1076750
1044145
1063870
1031447
1073848
1062202
1087459
1109943
1086270
1074433
1035177
1116167
1089011
1143087
1067490
1098046
1087652
990586
1064017
1082019
1086226
1059877
1073658
1100115
1064030
1033210
1086540
1083697
1088820
1049822
1082270
1045323
1094348
1084706
1082711
1038465
1072882
1075927
1027624
1088104
1063766
1163554
1063575
1019761
1064492
1146117
1074035
1073248
1031839
1047247
1074266
1091167
1083862
1146393
1066305
1090216
1038703
1088817
1081752
1002758
1077492
1085419
1049775
1044560
1051483
1075825
1147505
1045323
1075332
1089271
1067898
1074401
1063370
1091442
1084297
1036750
1043444
1094873
1072942
1078004
1054589
1050674
1062975
903194
1084099
1216423
1114440
1143757
1084396
1096828
1067258
1067529
1162838
1097327
1063445
1031170
993018
1076610
1032071
1081354
1141990
1073654
1039276
1071311
1044052
1073248
1027945
1071367
1100016
1083046
1091296
1122603
1092232
1087890
1055300
1074033
1082097
1062996
1203471
1033105
1073368
1071525
1079467
1059243
1059214
1073378
1095154
1212296
1160311
1094326
1066112
1094498
1076699
1106280
1100853
1101332
1114183
1088746
1086378
1090475
979738
1073344
1066231
1085354
1072882
1082420
1083825
1074438
1083999
1077437
1055346
1089615
1088670
1071038
1087408
1073061
1086600
1055214
1076313
1059865
1069480
1087470
1084302
1101544
1060159
1087599
1143547
1122877
1075620
1033325
1071148
1057986
1082862
1073544
1068382
1028621
1017562
1064234
1064511
1092113
1031959
1063078
995684
1058428
1072551
1076673
1038507
1037060
1029590
1072645
1070952
1214639
1069355
1055976
1109035
1102882
1093959
