55515
1865
76353
8622
49541
55788
37626
29535
65601
57851
86630
69433
8045
79721
6251
6615
11685
41900
82546
13414
39344
7355
20951
75104
68082
24856
40561
14209
21247
25701
46167
88672
36349
86889
10923
26782
62276
57452
60522
40117
31131
31763
77271
46260
64889
44594
56326
65241
84714
80948
46234
28662
48577
53443
37479
50317
52650
77730
1553
76469
36216
89105
81926
5236
3197
76059
48893
5419
78600
48067
24174
73138
72631
24120
11910
39596
73954
31666
19203
52080
30989
66950
13644
69955
13936
18193
22141
76446
50781
24185
45657
12337
42408
78874
8719
47916
42070
77132
79187
89327
30748
49534
74183
48168
65801
54877
23975
42147
32891
52161
76249
29102
61584
48259
1172
7781
24543
57408
46762
71776
78803
54862
61941
81577
59280
25342
39921
63598
8026
23131
9418
31133
40431
84980
52096
45035
75670
14330
49795
29941
7708
76965
48603
12217
10930
47907
66223
53628
59010
43588
40849
67399
14987
70712
51145
85578
60498
53286
53679
79348
6095
6667
80272
42654
76011
66415
65812
35475
54963
13815
40023
64297
34044
70810
25722
15240
66628
42920
50457
15321
28860
27095
68483
66698
89226
87757
53204
77251
3744
22634
61171
71478
58471
73865
63000
12802
67497
521
75914
53733
36971
48718
89328
42746
84096
79728
26781
18487
13944
41359
78251
29310
73838
31238
8388
49247
71499
17208
53368
12286
63513
76384
14820
76572
25857
88033
20603
70185
10851
41440
44969
64322
44855
46164
63778
77350
20474
83484
23693
57281
49672
56336
41142
8823
59746
89623
61621
17312
34847
6329
69668
15656
3377
65898
39551
399
81722
14429
17695
16820
85689
65041
4377
78487
33460
12377
72558
83208
58271
18410
18518
79098
86956
44964
73782
1698
68937
1537
2738
73324
87771
50904
38014
23794
70705
57068
43467
48196
65301
63052
51858
82154
16860
47599
43272
38362
80209
15334
43273
14579
24390
85596
69026
39725
83319
39165
24287
65444
24843
35485
47178
1353
37379
82957
82280
19496
32701
11745
33716
37385
70977
5000
7556
84078
36355
19671
66346
29516
58127
27024
79472
15926
76857
8889
54251
32777
30874
28075
60643
36151
7157
16191
3812
33497
39811
80294
52001
29842
58464
83989
53653
25800
49100
80259
62356
1594
75480
30230
29073
83687
18814
2653
76095
44939
75144
83192
78222
79386
31610
36238
23191
16640
7735
16967
42286
63653
43095
64302
59326
33361
80030
12592
3026
74396
12635
26418
49676
46665
71570
17748
67535
20551
48626
15982
25780
8436
57158
59210
66557
69687
38452
45705
18784
58950
23926
84655
82916
89267
13947
79142
68382
38571
58194
5866
56276
66780
18936
53258
3947
46606
72132
86255
74890
68995
10009
51096
28652
23460
2130
20820
55641
63446
39011
31712
53498
61184
64597
68698
79455
62688
13929
86159
32433
58947
12978
13151
70855
80252
88680
38504
69616
79717
78588
39103
82621
26765
7785
46913
81546
79081
31791
8378
63267
13797
20633
27159
30712
49176
40677
59590
52355
64008
63926
52460
24148
16498
89311
40222
52743
23957
4870
48288
47983
16936
89288
42087
50331
45530
42511
71188
35039
43203
19358
11509
31267
61825
58596
60323
45629
76445
49042
4786
71214
30320
70146
70619
13533
2116
52653
58005
57042
76119
24866
36535
73090
63809
34814
19623
18527
45356
64209
17907
86356
35213
66393
23103
83716
25896
84864
18221
62018
48729
8521
38685
4377
26428
23331
88351
74799
70740
23708
77993
47001
16849
87210
24052
81054
79702
17584
71692
57835
42822
56352
33727
42321
49434
81584
15055
28273
39024
21515
10208
66532
42277
89816
77825
36563
4336
81664
28648
60351
50515
29953
56163
19183
88548
45718
27752
8229
14051
86605
38908
722
71101
46847
86747
17767
13214
74066
33877
17989
18811
53508
15082
69251
38142
3194
65474
77619
43897
46902
67868
81135
47379
29150
29489
39029
25549
12882
79294
26506
24092
80349
47310
31625
74732
73661
36033
20272
56064
28210
89128
35918
41360
80418
24626
56437
24884
37586
4986
59871
11128
7602
87264
41031
51638
50025
66349
24306
60037
50807
84000
44035
2655
83532
82360
39870
7471
1907
8454
69257
47115
9927
44711
45356
10721
15106
71547
51395
86598
52907
34711
17163
63431
59684
59800
32268
10204
47065
40060
62096
67003
33885
51407
62641
52609
85961
35309
34093
66617
16785
27008
54096
15309
57959
89988
79899
4292
1034
89058
19434
68152
51021
16882
38022
54046
70635
35433
61780
35522
77950
35632
23362
43979
76854
66802
81522
44775
47403
80222
87058
36017
83930
75109
13133
15299
54835
29899
16478
45402
74012
14135
80303
34196
84421
53915
48373
37680
61437
36946
30858
71014
8533
44432
60469
31478
6207
13318
11095
13135
44392
38688
22885
34580
68756
67765
66180
4436
16996
7750
85669
49190
24121
36213
14231
4356
44251
43046
38297
38648
17466
72931
23137
37665
3916
59542
30869
52900
43918
17256
71648
31811
63893
34959
15763
45031
55655
63941
70445
7592
85485
54086
54590
54575
77114
4949
23744
69356
36938
27752
36147
81253
39383
41316
14842
9170
64319
7389
38576
29143
83387
8505
8571
55108
82385
42878
87116
9011
59771
4876
51851
43699
39396
54203
75979
64633
47222
46494
86071
73909
35467
27733
59956
57264
82327
15442
2970
73303
63461
25708
15555
33783
81529
30910
43212
79352
46884
59895
8402
53709
16660
66459
33649
27803
86070
41795
29039
28114
37590
53350
12374
83588
48869
49361
12600
82423
40767
70106
76580
70431
74447
84187
5077
31959
53683
2934
81301
58856
11326
40524
73673
28858
64882
8839
7734
31288
20446
88447
18386
63848
15280
49785
59269
32254
18391
42453
25399
8717
167
23592
58244
62712
4408
83140
79793
78544
80011
68879
76112
38131
61657
38045
47333
8124
86881
42704
56587
42735
87521
24354
79024
32845
5735
29550
26558
8463
29631
68775
7440
70802
5667
31033
55966
21059
45805
83439
82348
9635
23327
3541
35930
43175
45535
51360
45400
50992
84738
61307
74547
19862
33091
77457
77947
78011
47920
69652
80288
67523
26385
75671
80171
74741
26106
50291
39450
49055
38097
50069
58388
58313
58609
58214
82774
48132
88503
27669
77138
82263
57758
65819
59978
30602
4823
74268
76608
86127
35759
12722
34929
41308
3921
30836
52461
20609
73637
23774
74041
29956
63913
24462
40286
69859
61171
1171
74357
8512
40131
24442
51543
57562
82082
54800
13581
15925
24344
48406
34561
79798
26478
29027
54396
17935
19060
45649
76803
12485
5967
25792
21777
65259
19246
60895
39839
88003
8100
20508
51990
75719
39707
5744
64568
5268
21340
55198
38949
65818
85222
28135
79891
79958
66375
328
81278
17821
80389
78410
58984
78233
61757
71199
31695
84468
49285
44969
48826
42847
34740
36529
19724
84695
5793
16837
58909
20783
46319
74138
34746
88682
63054
21421
21703
35832
53050
54094
30103
32677
37672
16692
68855
70510
29544
26856
13057
20933
84465
25544
36347
59669
79679
15213
85073
66943
73780
77550
24239
30478
53650
22517
37517
47999
31485
49998
56038
53847
38187
30933
51826
71269
60220
70948
23376
1602
71442
43078
27693
5702
83985
20593
59494
25514
34579
87253
1561
31097
83583
79326
31338
67858
23830
44113
15754
15268
7047
26733
55038
18379
26433
52087
32455
52081
81761
19566
21869
54595
12204
12066
77608
3121
86447
34548
69282
65255
63299
26995
14826
29634
78519
64306
27114
67483
57986
21204
10551
81230
78915
84990
88118
20018
63470
27569
51080
26320
67369
85016
66826
12357
45543
5958
57201
62263
22429
41887
10407
61066
18358
28809
28882
65039
7175
7551
74473
50100
52492
18509
52586
19260
78977
61134
9623
58828
75461
78204
22432
50387
53742
21972
16573
45661
59096
87992
72873
47691
70002
76738
20859
14245
55279
14830
3185
24936
18856
41215
46665
28601
87704
12604
55357
42712
56490
80307
12416
89625
23840
65113
23609
63000
34032
57013
38624
87017
42620
70755
29804
4325
77342
65505
62867
62965
42381
12825
73738
18129
68803
80811
77231
61705
65878
88174
29016
77842
26743
12404
16322
14183
39890
19798
44599
12859
25102
38208
13150
51578
20740
207
8813
10998
25224
21852
66278
61622
22341
81559
38644
8417
25381
85775
38818
49698
45856
29144
48061
52269
31677
13286
46066
28389
37729
83230
7917
19111
48487
84960
11679
20087
12124
78923
55338
62811
41767
65157
79160
51320
76516
50476
31089
31772
55359
50102
86584
40467
11058
29674
13585
34547
30699
30908
32285
40655
54803
11441
74946
7565
7937
76281
59640
29492
30053
73324
46964
5675
83481
23005
35898
40202
19177
15564
13638
42430
80069
57750
51864
62277
56576
28872
29952
49197
1732
28589
66674
25816
71462
75620
89200
19846
30866
42281
55753
45150
76083
66952
15380
25074
75302
25643
10271
57099
86717
24410
1673
76932
55744
27690
27972
21470
53375
24596
66261
51925
24349
44098
11456
72663
58889
61495
28814
23360
42631
14785
65425
15797
35179
59637
20395
49767
14275
62523
77662
4131
80067
86907
84517
62983
68128
3356
1942
23900
29317
46960
69437
3634
21670
43929
39212
63113
31559
14427
48837
23736
36970
88040
13606
72314
9631
15437
38340
54800
27016
71095
73836
52354
10773
55452
42233
22710
16281
87377
74058
25284
89503
80895
72494
13848
28471
86859
36499
83962
82463
51474
45035
1367
24497
14414
69876
48275
5813
38199
72437
51737
56820
78704
71251
86634
57559
75964
80227
74135
63707
48309
87807
49180
965
41532
37193
34565
72899
55079
74174
2303
86126
43704
8478
2611
40719
25860
53429
2741
958
1716
75057
48356
73943
44168
25968
47659
49154
82055
27235
45929
88836
20649
70911
39530
51868
74593
56447
48560
6495
28612
9811
69648
40814
13818
41229
32026
77105
34106
43294
47553
29043
62301
67855
77083
25861
36432
7754
41078
49733
68885
6112
32999
27201
43300
71337
53700
4512
73448
36073
79901
10475
17648
50402
43151
7900
38235
28607
14934
54499
58459
65954
43309
68751
50460
87694
36746
5253
35559
74696
40428
45903
10609
53117
23085
86424
8177
52274
57772
26512
67211
11828
75244
73571
65428
7020
38475
20200
88105
7125
71355
30852
6738
69776
74294
6570
22080
55812
4947
14371
52303
71266
40107
81562
70688
21950
70749
23708
38764
77452
35043
22132
42890
27901
34938
88163
46899
33394
65673
57399
89362
71808
13683
85393
69493
81330
65037
80446
66524
81785
24490
14319
6746
21205
63693
54622
86114
19317
42057
4489
23350
66696
70807
23418
78982
7181
82970
61275
72568
86914
14228
22365
27609
40704
12472
27568
29809
48929
60318
54079
47314
50188
32671
54065
1694
58213
53589
25672
42930
32530
25377
17463
46945
62225
82562
58635
42559
70820
2836
4306
61382
50699
43998
64026
57657
19370
58177
25769
49611
68680
3408
78375
43429
16103
23496
19345
77473
53653
13602
14796
20977
85419
69797
30607
11146
40808
62762
382
22480
76778
18146
52380
75877
41543
71933
19117
53936
78823
56039
21627
20579
43453
41262
21078
64756
70262
12535
66556
79475
88118
29531
28520
14632
21069
26926
68385
57874
87193
3010
67819
71654
61150
41092
47636
69346
5026
30449
50092
21244
57254
4481
29419
79982
78459
60638
18012
70249
2036
33487
12615
24398
12919
87282
70049
67296
50156
1180
84065
55325
21110
31475
27029
24565
29023
878
71349
85212
44524
79377
72194
55902
77535
84720
67507
19436
5860
20621
38626
55190
10749
40867
37157
82870
46490
13557
80329
41554
23695
13727
45010
71134
17839
29767
86026
71161
8701
6139
45488
74908
39325
34456
21297
17455
29451
32130
26237
38729
34212
25757
70586
16682
44685
13138
51900
47120
50112
77585
68255
5286
47216
89534
50645
70813
24981
39804
86753
19821
88485
13873
65985
64627
34678
50703
12081
73118
61600
11141
2326
12272
61700
64283
42485
30344
70401
32962
39134
21754
62119
13186
49917
77038
88899
54987
56527
27352
63814
17870
35381
11733
81639
9999
81185
53820
22559
62604
14286
66316
3337
71830
85299
11351
62712
44643
35287
38238
18319
5968
16476
75375
21267
86575
78449
25211
44315
30733
10340
76090
47513
2632
22169
85006
28851
37613
37967
8844
82109
83621
13050
19850
19326
21336
68158
44664
36672
3838
66217
46846
72434
9652
55949
51042
25783
58791
81413
67313
20537
21850
57447
18477
56261
79886
76919
35409
39308
46234
39369
51163
46532
71629
81873
6055
77722
72912
16791
54844
46003
37789
19030
57258
49325
47061
41213
76705
13788
24177
22403
16698
77773
26438
89484
3609
37635
23861
4396
76304
84933
25756
33552
11875
41162
47146
15079
81538
81060
27502
60779
79267
74546
51537
9954
46458
69740
66389
2547
74091
51950
58624
53174
80666
83029
373
32826
46493
57696
43468
50621
55459
50123
29451
37903
66829
67164
30706
6362
83657
12407
73531
62611
44422
17693
52503
30872
11243
89070
19135
72256
81572
28723
51988
42523
9498
47569
78273
69293
47425
35612
9991
48633
11733
72565
27913
51904
81540
62601
88471
42313
43287
7332
79163
87686
59926
35086
12778
70054
49510
15797
86075
77517
62814
54692
71793
59386
41222
80658
66134
34120
6612
50269
69515
21725
63498
65758
68411
43802
33778
333
8811
21637
37493
29183
7854
78016
33665
7484
60559
74020
85374
50307
42125
24639
40579
44890
72605
24500
62851
40699
70295
87358
47420
14468
74663
49842
78693
25025
69986
82537
40480
85253
13779
17815
20554
35081
48761
59228
24044
50441
61720
22817
57802
34226
22963
39809
83244
20963
25079
53391
70527
3057
58725
78151
19539
473
69491
44160
85010
25658
10193
4768
35148
55759
69069
42638
11533
62127
70333
86848
32287
54414
74059
6855
76363
33597
17639
36788
14930
35498
63646
43791
19388
50276
80155
67319
50410
39152
9408
49126
30051
60991
78229
30010
28056
4274
31660
25004
53393
54401
49765
88537
64069
9693
61747
9469
82346
76163
38183
46902
16146
62256
41671
50606
67539
82850
82708
1837
46558
49023
52363
42048
55038
71404
33039
45422
21628
41535
16185
5182
46906
75591
17074
44476
51851
57213
46050
15144
82004
13741
60583
43359
86998
11767
51457
11529
30898
8106
58063
49476
56357
29324
6192
66099
38724
34383
55479
41942
36778
54604
64655
12779
42611
30596
51374
4293
53602
87307
27901
59807
51155
22127
37705
58563
68635
670
68744
53529
80937
71786
20442
26100
82897
37192
60030
6696
48073
68414
66015
50386
1496
54379
72687
27681
69019
59253
76735
51927
33762
56599
89470
85326
28328
52441
48853
77954
48227
51131
79230
37783
82923
69818
83728
60544
9015
49738
40914
17776
45095
79407
62710
84487
11240
48188
21658
19268
40247
26796
70188
52017
81831
47040
85777
86529
54882
61687
35326
64032
24918
23083
66974
85093
72799
17558
17719
21079
47374
45574
7836
4080
62478
32653
4365
71182
88999
66940
47680
9842
59065
26750
972
72686
23192
48389
27423
35781
48461
30323
33719
82118
81993
71855
61980
57592
31253
74
20227
53344
13143
41876
81818
85493
14511
22792
30467
9229
53267
20020
75591
77675
65574
5124
55424
52720
46239
36224
39078
78953
4322
82588
60222
84375
5503
3081
63596
13941
51721
12144
42349
19494
33558
11346
86167
49280
23281
12368
24470
58973
22862
26228
26828
81383
6370
89405
29182
1688
72556
75155
76229
24230
52615
1042
51800
77634
12045
17681
25613
80721
33969
6098
38123
50624
2824
70124
18456
13869
4463
16141
24452
54357
74051
81417
63468
72883
36147
81883
22260
34921
32407
71778
43520
71635
69220
85319
35710
3187
17933
29713
67069
77353
86664
28950
58421
67466
59919
47263
82738
74064
60843
30246
62249
83853
27487
80774
59788
44830
9943
46548
39397
6887
32583
53947
38283
15012
45705
44523
34133
53198
52169
74584
46086
50425
42862
15381
32912
14312
11457
56780
78514
18270
31333
77216
84024
42922
42215
65883
73805
56620
15174
65791
6034
15540
44769
18344
56446
19455
37448
77289
59029
36225
58219
22738
63547
45729
55578
43794
19853
73141
32595
75226
3052
79790
6075
44259
6644
17935
59511
77860
15135
59309
26044
83151
1683
12071
41651
24541
82985
61991
82851
60649
86110
68565
65103
49579
77078
48541
69750
88430
62115
6584
84810
11143
10313
35862
35543
58962
16221
28226
79829
84821
18203
63748
22850
23981
82921
80006
26590
27903
71989
133
73207
40700
76567
71546
81745
61642
27733
57166
66644
46873
88729
78713
69539
65039
25755
77092
73266
53438
61117
28721
70030
47703
48580
73030
46725
48915
44162
18814
23011
29451
84304
84271
69767
34786
47775
83877
32665
13068
29548
20755
81905
40019
70513
67257
70195
44361
28144
6846
42433
32702
12467
56508
33411
19637
70994
74733
37980
68493
18684
16434
16061
44225
22744
28525
87634
42309
13474
6615
21872
78168
10018
23095
56055
65226
54287
87345
3966
22170
84227
16851
19709
5786
20633
75897
54855
36391
28986
29776
15619
80591
1950
33384
50778
13898
53524
18990
45692
15154
47154
3807
51542
22149
7953
15063
80757
82285
9285
62854
21338
35297
57076
29473
49355
23458
21846
32464
43253
73144
56937
46180
45835
78135
12502
58333
55005
4108
71161
22127
75246
36373
881
74323
81521
54110
84982
26579
14094
87222
61106
18091
81354
18939
62171
54656
2884
47618
77675
2914
68063
74371
39054
8141
64791
41366
80249
12813
73886
50036
69083
21608
61475
11502
10383
76982
57410
8635
34979
59642
2127
26800
74304
81932
85837
12967
81378
33353
23415
46008
59779
71668
60032
76670
34277
73186
13008
26562
44273
69710
72841
3444
63813
10006
16346
47102
40558
62034
46140
40772
52042
21296
20642
37386
57723
67422
35759
8690
71085
70160
28093
47498
43283
14848
22265
10043
42229
26961
85801
10657
52021
27425
65318
14497
82178
16637
24641
78469
8644
26950
85895
28966
13390
11109
85031
57853
82358
79080
38958
45250
82871
55692
23545
80938
86889
21853
76986
89513
28776
8479
10763
18349
89298
33593
66528
82266
36245
13781
26465
76909
50353
18069
33489
55724
16204
43840
61320
58732
69845
75536
88505
80284
9729
10208
57387
2233
51640
88491
11545
16218
74516
14307
3924
38095
88049
43723
85778
42168
54417
37831
21967
35633
6228
16026
32258
25012
85305
45021
16378
38195
75670
22162
61943
9580
71644
48497
31494
62382
54040
6186
79674
31857
28100
15099
30630
19612
73571
5472
86192
55812
70462
63040
23919
29315
31158
72608
35019
22551
29390
59613
1423
62272
62356
21829
40980
11711
23982
14829
38081
64478
26297
43672
68367
78025
66176
63160
70511
73183
14606
24102
88427
38305
37913
72804
70395
47257
8376
67235
5808
32832
21151
4235
32167
15112
13832
59451
25823
76109
43719
84747
41478
15713
14247
6374
53073
77929
57545
13579
76031
73780
67716
14056
50896
68961
88091
51403
49618
51276
32577
26982
71077
58266
11188
75022
17851
34075
56646
7746
81822
82854
60385
75059
72668
49659
33953
53857
68371
28820
9391
69789
43228
49817
74182
67950
78069
40280
74753
31070
62293
69975
84982
49677
67125
76820
73998
48670
36246
10752
48499
77522
61176
65112
44019
4759
41742
9150
57265
77992
73768
58739
43472
49974
24787
57595
86925
11740
79840
14835
71154
73797
51222
62125
48338
33487
23823
82790
36502
29317
43809
61764
50697
15454
38419
30889
24547
12433
7319
59380
51044
23717
60261
19666
83625
31758
55207
1299
55031
73745
54264
70925
17
7204
72251
23993
39135
82415
46192
54908
54501
25021
29912
81273
46769
35806
57086
54267
30182
14048
82228
40859
57028
7038
65728
23567
86010
43318
7021
51895
33743
50882
68307
22920
3504
17757
81329
80799
22143
25530
23241
50871
72850
66547
72519
17505
63582
78488
34994
31709
41930
68721
53377
78796
79556
35540
88114
5339
83768
85291
69894
51782
72803
37437
35166
54016
37028
55989
58595
89902
70213
85405
84747
36821
10786
56231
8364
51061
65519
26488
22396
38375
36602
73946
25154
627
25812
75201
17745
51665
15649
25181
18570
58304
12069
45653
47856
22736
7234
35151
67312
24363
56575
73174
64527
71180
29609
54345
64304
88329
74169
29584
53900
70014
66718
22125
38765
29472
26454
4160
34545
58361
9455
17189
85770
82176
14117
73505
14626
52313
73096
55660
13186
27347
87832
87439
25572
78086
27706
28417
52925
71242
26388
80438
58869
84767
55081
53028
48282
10055
83406
1090
4332
55742
50394
68781
73222
35433
34905
15666
76855
58009
4732
73753
78394
63296
87545
24666
85970
66601
28957
83151
61013
44857
61558
10106
59590
81414
6161
34206
87311
31156
26713
52069
87824
81552
47806
44163
28932
69192
46188
87371
66455
89842
32775
59900
41047
17722
26903
78693
32447
47178
81158
39028
66927
58588
49107
9894
62998
76587
49962
15412
44758
23468
71828
29401
872
43125
55431
56314
60789
84727
65575
73884
26030
21342
74448
56562
15842
33639
19756
66718
61067
44333
19303
1762
55180
17226
16481
985
41373
52554
78704
11506
12673
71100
79651
35067
63219
15215
89724
32170
89362
36462
70977
9159
71611
51899
39430
2438
25938
24096
66471
81759
80726
38857
57268
28854
43156
60306
7890
81689
47433
4775
57683
43533
26436
50156
16970
53140
4937
37104
17216
30417
82609
77138
34573
25041
31891
9425
47763
40714
18645
52949
48036
61812
70735
79836
18458
42439
61863
29539
12309
1713
43144
77298
28675
77091
26631
56230
4533
4701
82678
10543
82082
39158
59172
48321
44370
82731
21705
69850
54050
56410
71069
57232
87213
24420
20111
85384
46157
49419
17984
36823
79746
39822
49426
29482
53621
81353
3216
40199
15818
41129
63193
87816
12851
11642
45139
46662
81934
20670
63924
16223
1458
23056
74651
73838
59858
51967
9418
32004
22043
74456
81790
8921
82969
18565
84065
85277
76449
47589
71520
7992
27388
19361
16691
48790
2048
43102
39000
57328
71086
3500
39047
29826
23638
43877
10214
36297
57491
52257
28301
52802
46927
37112
82940
44174
77104
11311
55848
50791
41385
21529
82826
83196
47003
81563
18910
33397
26605
66212
51030
3973
68520
77774
85216
26316
30841
61584
29860
75509
5870
52474
85101
56575
19873
24240
73026
36224
26803
8219
59421
39694
75404
56814
10438
69569
5999
17856
62872
16736
61671
38035
77176
79974
70022
87397
75123
7224
41525
48001
42735
29593
38723
86922
53913
54564
42112
76004
47811
27054
81887
19903
70932
50607
45859
48012
33038
52669
6093
37115
25143
35322
9363
33870
37993
43756
13472
44801
52497
72735
71099
77993
85819
34794
83389
37569
41961
37363
8856
24384
47616
67444
33013
17437
23556
86711
13957
80700
25138
75429
34944
82506
82214
49381
43806
89943
64474
31346
80671
17141
77772
31245
10226
68873
47324
22650
67987
7633
22246
47221
63305
60500
69158
52038
53003
84994
87571
16298
45219
5922
85332
44153
31896
31443
9132
66451
3345
17527
77040
83235
22902
52173
61146
21917
73301
85077
30499
36036
39310
7546
14202
44046
68310
9547
49666
55876
57763
59641
65985
3855
66968
64401
10947
17636
83031
14583
87538
54347
18998
22277
76785
8471
29780
7958
37619
38292
70899
25554
51942
46457
87054
60545
71642
40288
33016
72225
8911
19029
11088
34122
36711
21807
84545
48736
28213
66703
19836
41881
55969
17765
47440
66609
87107
53573
3499
84031
9658
66917
82255
45821
5685
50484
13697
30783
6304
68219
23131
81823
63769
13849
13648
84543
19628
12250
46608
35474
59829
49430
4902
50651
80532
12756
63611
22924
59227
8228
72857
55563
82817
60773
53066
28773
78180
27112
3177
52695
9486
6210
59397
23562
88546
9163
77542
16127
89166
51197
84448
34783
85769
67220
50313
8617
63701
69776
54592
40121
82578
21721
23412
42310
11283
4263
89934
68435
41107
77430
53325
51866
53464
60513
35375
58329
78621
61792
56829
86819
68538
10567
67020
80988
49601
46548
30690
60000
45328
17912
49939
84611
35022
67996
9361
23374
28601
45734
70015
21729
57222
2196
25004
52184
6959
70889
85111
62607
60259
30360
33760
32620
21381
46097
7984
67638
88996
25228
32860
21281
3514
28181
82857
61539
5693
84061
6501
43492
69775
88452
61773
41982
15910
66197
9669
11231
50410
39191
82158
40516
9413
71177
74963
24944
65182
81406
61300
66837
39353
33666
65047
49216
86827
5188
32224
21416
68113
82964
656
42953
67660
69780
58580
19096
69918
83830
50308
29281
57340
70961
51363
67510
67831
73968
55984
85091
60929
85260
45376
71903
66484
87911
39809
59782
34227
37531
61885
31190
18131
27210
78380
52924
56624
76450
28631
70600
57372
63687
5089
2459
66445
59368
81331
82057
65000
69801
86716
7776
24865
72317
62445
2514
65800
42341
8195
62848
36134
36137
37787
65563
26031
45048
84163
87433
29932
73210
39004
80711
89956
38570
1317
43446
71652
21134
34802
20444
74881
14399
63256
33222
9556
2878
74097
38556
9097
55667
11381
35261
18187
61647
34735
69982
51817
51226
69033
20177
42045
25572
10229
42280
2589
32858
57166
81835
70682
63896
74515
74598
197
1682
29766
87799
46663
36153
45558
79146
32315
35372
79267
78413
42821
77446
69722
10979
2155
8653
74201
67675
23737
69897
70269
21136
30466
40553
13009
30571
12685
34668
51088
21278
42649
19402
14981
48341
52613
1691
54338
66798
11532
53437
48305
28511
49828
70669
11800
58688
83821
63062
62247
11340
2162
73021
62389
55114
56233
57500
58541
58278
41536
33697
47846
19523
82331
32593
49680
37718
6102
42928
45673
86204
31329
3504
8974
66763
86902
50484
52383
23780
24526
69040
60867
56926
40892
23576
13818
78715
54337
52273
48615
54619
77280
48495
85538
43903
52300
22273
24806
49663
33956
71560
33921
84829
52434
83754
49015
30448
58986
81224
54253
64811
15203
2470
25790
19200
33654
80844
70635
21039
77846
38009
27013
39025
3091
80477
66780
82544
32099
32707
15773
66281
11264
4094
74415
80819
4546
14981
61125
10193
39262
75475
65038
67251
17615
17771
68412
44788
78226
27989
54939
40069
32840
7579
81868
85463
41941
37644
8093
66811
74897
43685
80549
24342
4038
52355
24661
46935
70805
48360
23636
74800
28198
57415
19696
57662
63803
63699
50498
53255
31122
65318
77447
62984
3685
73912
62296
39184
12736
78088
54109
41490
65086
64767
56135
79381
33273
74307
36049
13743
11820
47877
59548
69478
34903
7663
18498
36908
70032
42455
64733
81723
28533
35638
1094
70540
52284
31163
9067
12432
84713
14527
21086
74686
30707
59747
26988
66715
55017
75747
59896
80621
62062
17670
20035
58216
44368
45794
49431
8376
15568
11003
17977
57899
38291
15774
44202
13507
45554
23340
47587
14468
48080
27580
37352
58729
34189
83954
50988
71156
24100
14016
44000
59487
34894
24765
13329
71923
89747
10999
61748
20687
55183
35276
55735
61119
67182
39977
85168
44486
12020
38937
36273
85166
44673
18362
67148
14891
3199
36564
30985
76871
63391
51574
36789
5305
85087
79293
24958
52155
38049
11621
61800
48946
81443
9774
53283
29496
15001
83492
74333
21511
65876
64373
62975
64165
12720
36344
42259
75557
41613
69455
30143
67869
63473
65695
8874
49468
57122
39899
65180
40407
4246
46652
49426
37111
1157
84673
58867
47675
77319
4732
19880
64019
44809
70546
68834
46142
72298
64056
49902
41590
46931
9303
47968
40255
16399
39019
67820
25037
73389
15856
84990
14636
49386
83545
12798
22519
3559
52776
80506
40844
11257
25578
75088
66837
29821
31773
85281
32721
88504
20557
86563
88482
24792
51320
71296
21090
22326
22192
75605
51009
21699
72593
53854
30176
40039
65201
71964
23749
31292
14690
30292
41309
8177
20386
46570
1736
47719
39081
81103
201
70981
24640
51909
26843
33026
14680
85315
15571
84636
85029
68382
68641
67890
48455
78677
61057
58108
70582
29686
55952
83051
85121
7266
59768
57193
20423
38287
16642
2904
86168
48256
59074
5213
36961
43240
24345
61872
8062
80799
40057
47987
84804
31386
53157
47371
73980
54353
38459
4848
62277
17196
39377
64300
32176
32700
36281
25698
56711
66791
38353
38339
48635
31638
12473
43737
87537
75613
44484
20870
51965
17890
41009
22486
51343
33824
46064
54290
15967
68496
54339
54131
44730
58214
26324
15024
56065
75191
65728
7832
54515
18584
38136
30361
78300
13999
74324
66500
28278
81564
45146
20406
79296
59402
72432
19767
37556
76988
86409
85305
20440
83937
22595
87011
63574
15392
72087
7636
37349
30431
59676
78335
51587
75800
43072
70614
57026
34106
54733
82253
13096
42037
50553
35168
66856
68937
79242
53146
18715
64414
45422
67494
37974
49590
23737
32066
51916
41538
24967
50763
17845
13473
57652
36171
86564
78329
72022
48509
2831
27196
84961
73700
61881
63146
48618
1562
68801
11305
86418
50402
25486
60760
27183
35935
28542
33598
69607
85522
67688
61765
38191
35781
37196
19949
37917
68086
50339
64159
56575
62286
82591
44097
81668
85666
48733
39982
73875
53008
14054
47081
35023
24710
40431
483
85300
28243
12631
46637
71606
77936
41924
30241
46826
62258
69223
14299
58595
89911
18231
43681
2246
12583
314
72760
33814
23289
6894
10641
42656
59682
24524
41052
69854
59711
41578
68156
75569
12182
14932
76374
36402
71981
48043
26273
30281
26889
85898
25576
162
34215
78456
64532
52194
8447
7025
510
76850
13523
59762
31627
24948
13454
13215
24317
27730
76914
86116
30676
15367
3681
30381
35899
69972
33135
31901
24164
52188
8478
77037
40572
51096
40145
76275
88413
33514
28828
54273
31699
8234
79968
52861
43113
38240
57475
6138
19904
6632
68210
24101
34550
76612
39433
65387
41731
68284
19004
21727
50039
62255
82263
20808
8050
2168
82742
52399
35207
68682
50806
44002
13912
50717
57217
34787
24407
22833
72136
76733
30019
7988
81674
81765
87017
12509
22200
40964
4099
4056
86139
14011
85324
63453
82381
74442
85899
44809
33583
34291
34981
51102
601
23332
21109
54987
16060
38500
72012
23608
58228
3501
69993
25700
6502
59059
28804
54844
33301
46496
12978
84336
40033
77892
1186
5440
34217
44213
72778
41183
643
6374
6571
52031
74505
11188
59999
66535
27588
83976
17958
6136
52073
56441
25995
33921
38773
30637
42737
28195
65938
5734
73324
85163
65235
45827
55239
59819
73723
7523
6553
67894
38937
58323
45482
39312
71767
14842
1657
18671
46209
4368
75804
76260
76925
11320
83799
68477
83919
61796
60340
79263
13250
25790
19025
38202
77048
79265
65391
45413
24022
53183
76873
80219
17996
42475
65714
33214
45160
78696
52805
77498
18564
1823
5764
44434
55007
18851
62285
18779
24087
65658
63272
26984
48078
75114
81144
81949
89372
24476
19311
61810
50310
61833
9010
37759
51277
40933
2275
77812
45016
52250
9667
43181
6116
37535
50898
20216
35762
44057
60562
55188
41853
68387
74620
40224
37141
9616
70309
50854
45213
85257
74527
43854
14465
60519
22290
21560
47954
47088
78025
4796
332
42162
14956
14715
43
66463
88720
51443
58154
49708
63795
19198
20121
85782
80712
62909
26814
32156
66049
3131
84459
31512
47949
82163
60513
34237
43144
8483
36325
54592
86092
29827
78986
54759
54117
68237
53527
83927
30843
4848
13970
52555
71597
53842
51126
52427
43234
14520
41700
17198
12045
65076
66099
69723
70142
62431
24914
36087
87953
64992
52727
81445
85390
708
45238
12902
10864
56537
16126
29983
39441
69568
960
74158
71645
58608
58697
32852
54245
83541
18129
44976
34710
67639
50572
63916
39622
69746
77394
72393
75087
10731
23256
72639
54133
10603
77005
61055
26043
76128
25148
45760
88322
10108
83436
10487
7034
34297
36141
42759
72170
3251
40692
73155
18745
29873
6403
42617
25010
71636
65794
47488
69025
10367
69071
56701
55899
27367
73247
74372
72294
55703
45874
35999
48554
72471
53775
8611
59923
17991
70596
48038
1971
38697
42052
63010
82347
44999
73597
52375
15095
65553
70783
55218
12395
69585
54120
58318
34223
2862
81192
34065
5264
80445
79697
74064
21605
63702
29424
31778
80695
9652
88109
42840
87740
18104
37126
80269
45869
80630
36797
21308
59170
54241
47285
71630
88880
7186
63254
24486
53579
18800
72095
12171
74252
21087
85969
67609
75602
1296
7119
8090
68711
57981
18952
25966
25581
79172
53558
31128
34204
36760
1559
29494
48621
71248
27941
9514
23974
75713
23091
47173
33603
36712
67453
67904
74918
79735
9218
10398
43409
50395
40329
69672
42637
7786
13248
69077
20960
28429
43736
26723
12683
30444
66646
28387
80572
11097
2565
21375
16269
19404
85788
70100
41058
80626
12215
83442
70552
30149
49462
11857
25013
59108
9005
17544
39955
5187
6669
31548
44674
77663
814
84091
3666
80904
23784
74884
56702
1346
33642
21334
29331
15504
72353
50019
44302
59125
40541
8361
40094
36633
12212
60805
80873
42931
39770
78984
80393
66392
74037
31317
82996
22436
17696
64658
55845
13683
34647
21586
57973
80148
78641
6729
32164
44697
15283
44982
42585
30908
6631
70734
13358
27410
18692
30396
26543
9779
72362
60687
68029
55571
75938
13517
18127
15182
25604
5994
21840
33668
21767
31992
53364
21971
44285
74877
73522
16122
81789
38230
42471
11848
35768
72366
85708
77023
38611
50359
639
33038
33321
14443
75082
2723
62989
55904
60657
68159
48261
67179
68151
43962
13908
22361
16105
82752
50599
80170
48949
56249
52127
63920
48474
2562
29441
51071
89493
40766
49440
83693
68983
4653
33559
39364
49531
44200
10330
28512
4118
14469
82790
14365
58579
63916
83531
19032
26646
2641
85477
38934
80479
32198
87134
79776
46385
69584
2003
6988
50357
74224
56278
34517
52966
70259
27497
69513
78816
50313
42489
83101
69461
61940
27974
10508
31816
34645
75679
30637
15429
64753
25809
20033
86900
18829
24097
38375
6509
61615
64741
56283
28219
7326
80327
67515
29303
38963
31425
8925
38812
35152
9468
64055
62975
81019
47010
59415
24266
36788
27674
4432
53537
51295
19302
80801
29221
10754
48132
76224
63149
63474
82369
58965
15219
46270
30263
25253
13696
56034
21465
62262
33156
36745
77376
31661
64530
76905
18112
80866
48207
8381
434
72263
87678
15229
11754
55834
59512
56877
32225
30195
33893
13221
59975
62618
44134
14099
37272
73450
49983
88317
20975
49193
43075
23819
39167
74231
67051
81311
23577
12867
9564
43944
4706
28513
67955
9331
84030
19286
55890
34644
88303
65639
86053
9143
22786
18904
907
12575
26230
24856
73419
73252
40319
31901
37255
62127
77989
19325
61353
82169
60590
15129
57876
15499
88473
2112
36205
7752
43466
14138
69059
46462
62394
29899
34495
88154
25882
11337
16328
80894
4874
83351
9768
8237
46062
50345
67209
85228
28549
9567
46847
19127
41598
30735
65220
49632
35777
44745
52934
65861
3562
44719
111
35995
71350
20074
48973
88342
19405
84052
82068
22981
5519
81134
88015
61802
79905
11641
33329
46903
42237
43920
12802
71004
2840
49009
18715
8216
39716
65470
23937
72772
40837
10184
81919
5169
7399
14891
25363
79448
32645
64993
72592
31354
40754
89865
39354
10877
72480
32117
66021
37268
46093
43437
62603
59969
3830
34493
12631
15921
5663
89677
50404
30392
9259
17712
20850
84146
75331
51993
85837
19073
78669
36355
2277
38112
30460
68763
81147
40474
83310
56459
11272
19598
63210
807
68642
5726
3891
76718
20315
49422
32174
8574
44808
26402
81330
80389
39620
24828
39705
19364
68178
30900
71295
8907
80847
59502
56516
32362
72338
43336
2414
1788
27588
48243
39833
21463
84488
69920
53326
87825
23623
36098
45120
4812
39066
84189
66483
80924
33766
37164
30006
7133
13941
43921
22711
65090
14004
59015
43094
18506
26045
68161
57550
78913
47189
42018
87888
51029
16374
71201
70175
53934
57403
47368
22316
44581
42128
21115
73310
13986
85524
29422
18587
87650
45155
74461
45207
18910
68637
47020
45031
74223
19555
59789
32051
34742
31567
17642
77807
65928
22303
51484
65641
72890
48646
29871
39425
71930
53874
52752
32648
52266
81457
1476
49094
61498
59825
7449
46194
52391
7655
87839
55388
1639
27985
45980
24938
73363
75067
77644
54968
41847
35273
7270
83859
18745
76027
5757
72538
65948
82830
25821
44175
45063
64050
79135
82616
20966
27942
33683
41880
32621
82436
33985
75741
18556
69194
79880
54721
52830
32151
57766
76716
14924
8508
11563
70930
26123
63323
80671
6442
44310
73076
86089
72994
41105
81465
24304
70524
80844
33033
60844
39990
40195
19852
64463
3200
67128
21369
64055
55883
76449
35208
48230
30273
28835
64379
21299
54910
30372
88043
45066
43747
52410
85315
77105
43122
26798
74523
5683
77531
59381
74122
11266
85528
45469
38787
26605
16404
66496
61453
46826
57132
84754
59594
38032
73019
81313
10907
10836
36743
80686
89663
14977
88346
71561
36605
76428
15587
60107
5880
45280
28027
26654
31377
15505
17907
51407
12817
28972
70435
14030
2569
34873
75705
20199
86255
29956
34107
82118
53524
26105
16679
30649
66240
62329
77209
28814
59498
74213
54272
6354
88662
15879
59962
64402
46869
59964
5227
51513
48176
60325
89242
68019
41182
21175
26843
35448
52521
59248
84256
38737
45527
36837
39059
76369
67881
55887
20299
24750
68491
60379
81784
67783
62143
60173
11551
16419
46536
75289
71294
7339
17608
5061
66527
61800
34066
49636
7515
23709
26583
14836
84393
28112
60822
35584
16862
41381
50317
32865
20125
26536
21233
17508
21182
27661
44373
30852
2883
39547
51494
51439
27603
81659
52623
79065
84256
63783
56349
44000
49704
87742
39817
26908
83525
36618
61783
28207
40157
75853
76860
51006
62683
37608
47035
17110
4833
61203
57808
83013
2897
76685
47197
72274
7330
2891
40321
74813
60974
17353
65507
5900
40455
61928
78052
84729
41360
84132
2479
61696
10246
40145
88832
8590
22522
4900
64415
14666
80613
63070
21280
27680
81861
53794
15410
30087
17859
47207
25062
21206
85789
45365
68920
66641
30603
52451
65101
30107
3151
31826
48631
77562
14253
40371
6335
12769
40913
61424
43784
46943
44439
58938
6584
25219
4139
9439
66698
63402
33418
30022
79337
82358
89109
83510
63343
66857
27112
40690
61288
13518
33970
25596
30894
66641
27324
57327
24618
85577
74187
36799
82567
64959
57824
88764
43544
26423
66149
50763
26326
4212
47839
81237
46926
50452
67117
31842
58750
83066
75506
27056
59866
76392
76808
50948
38181
6318
48223
59464
35962
59802
1995
67317
20722
5619
33038
63019
45672
30268
27436
6364
22615
62702
86256
77992
45149
62908
77284
22600
53390
22856
69959
87453
39678
75770
52611
51526
67030
24328
5272
64138
49328
59264
72634
65333
5969
24750
82305
56095
6523
66838
33019
47122
41732
86708
51060
27745
30657
53500
2395
51480
34245
85607
83324
55660
2852
8126
14725
89421
10008
69546
51999
10453
58608
57073
20507
85529
24434
21990
79082
55765
56814
7234
80630
77823
76349
82939
88294
72621
59808
14055
73833
79392
67084
58576
39298
3869
12791
83232
1361
41999
37532
49354
38928
82115
26860
71392
23301
27372
611
35965
21726
57360
48679
9116
53039
87267
73983
28620
10074
36196
16056
15061
44038
41571
58481
30429
35716
14584
11759
24718
73852
15201
74481
41242
60874
42055
11321
84550
48876
57229
68201
22329
43257
34396
66863
11799
86339
17314
2285
50876
15797
18512
82571
77435
9193
75760
62519
56631
55475
86065
70094
86949
40828
89168
64760
70667
43615
11534
26462
49263
25845
77522
55555
38987
66457
59586
78020
42982
7697
30446
13558
83143
81033
81316
58445
74545
77573
38564
40853
19274
52334
46608
13171
57189
60008
33833
15873
65758
56161
47195
79702
83648
24997
74504
19517
71500
46389
68718
85033
82666
30218
63300
20787
51823
49808
8194
60550
67813
88025
77917
17367
47436
55019
72200
39122
73460
49197
41267
27453
58299
63110
36748
13466
36540
21682
76317
58007
33432
16496
42023
64971
49943
16346
28084
49823
83833
10680
64488
9085
82789
8378
4741
62524
68196
28312
11859
79342
7710
8784
21144
11042
37768
53627
19972
85307
61698
25048
27552
4333
39865
29777
55214
23494
49197
65339
26434
36762
85183
12089
68166
20769
71519
53936
71490
24751
55447
13417
79504
25945
18311
34251
40783
22078
70097
48478
45335
31375
23010
43813
63206
35899
71808
63301
48338
53198
79150
36012
71214
82272
59169
79771
15959
47466
74143
73572
87588
81020
79558
55215
33599
78326
60091
35602
89969
46249
44469
55120
80344
72896
64279
30929
9642
76772
11201
81715
49541
37893
50345
51753
43920
47211
2364
71559
24262
35520
42763
87354
55493
8932
87085
86274
10871
89656
24629
66105
80880
40271
85778
53707
67164
13887
56024
37329
40852
59810
12534
60773
80901
13388
33658
59228
60539
41328
19144
66871
33153
61992
39278
25495
27176
54177
15422
25290
32137
37148
32817
44367
30086
58602
67794
6780
34426
57624
8990
19147
56759
42682
83738
7384
8912
13825
12132
74980
27496
75187
77466
35770
62858
61268
70337
76805
32005
67559
62522
83731
67330
18612
68831
30578
14917
61213
62933
1677
11140
14611
21638
63418
72904
3096
19379
2545
32565
16128
33943
69571
77867
26465
5282
74786
34940
77656
17341
47577
24386
80265
51139
32373
39896
82128
8345
48524
76217
74267
43098
45711
33746
54586
63401
54909
36876
87465
12783
52904
74791
34050
39465
50620
11524
42691
7927
18554
81817
20926
65819
16584
24343
54560
69393
30298
61295
6854
48402
20571
4137
58609
36377
14525
2998
58533
76661
19098
66826
29774
61174
77463
86734
46570
41654
28743
25210
57701
17655
32175
11677
8317
25457
88104
49560
37099
59113
68428
45627
80989
24282
24194
57075
36400
1366
73801
82527
64775
49207
34700
50113
82799
61627
70574
87039
9654
40948
33469
47239
29869
22121
77389
19371
1786
10761
36534
17448
50996
6208
71081
40700
10776
15667
26516
38641
78361
65310
79366
63359
49682
56539
3478
51190
15448
28962
20432
85777
7470
57761
72710
19245
18422
29122
36756
47781
81143
85606
86289
15486
3586
4194
81313
40827
21498
42289
37587
65210
84750
84807
13817
25578
50774
56621
34674
6995
67977
9993
87276
76313
83727
2214
72404
24380
22114
30608
65553
23462
39604
25201
52402
85060
50720
38805
60457
41923
54381
86492
16628
11479
87708
37904
25800
42659
25092
67634
73533
49058
33609
78342
27351
89365
12975
76177
86270
72709
52455
43281
70880
32286
78337
15105
59316
52173
52363
33483
36319
31292
5516
15623
58443
65173
69726
41124
55838
40354
73303
24759
50507
70894
20825
32254
15429
47859
41271
63610
21839
65148
11829
55422
82034
11308
13655
71256
41916
46997
36717
61709
25533
30185
80984
78602
36722
20381
45564
6016
9439
44502
6021
14332
83259
14628
31627
34086
84520
4628
86925
74262
79706
17798
60684
89683
50803
52219
39125
13137
50056
66229
61786
34011
43165
6260
58230
29620
11960
33366
44280
54101
37523
39044
36885
36430
47420
14557
48839
45974
83794
9894
66466
23031
77321
41817
67627
31238
73447
42210
57140
16707
61110
69507
4875
63822
62222
66215
32771
51238
64893
25379
48443
23090
10093
78915
51972
37791
51149
89628
17481
81963
25403
88552
41271
61965
79336
16984
67190
69869
46012
72120
36070
41144
61585
42204
30737
28399
64064
30926
81606
43410
77308
17401
66621
69775
69301
19210
6285
76281
6557
38249
63459
19281
73785
21536
43473
27939
2156
46406
23226
62777
68031
61935
68074
73208
34508
1800
7728
21454
9263
9281
67489
57303
29708
72504
16474
80780
33799
62652
25105
48836
31901
41566
51659
44704
26833
4531
40670
28774
77152
70127
30604
69850
20102
67656
37461
47231
22433
76633
36726
28461
59123
63337
6774
74035
66757
85962
37262
39329
19030
76043
58567
123
47164
87503
46997
29905
54736
28784
53761
11286
62546
10565
41961
8367
20353
56052
22596
36221
69292
70376
24306
38732
47989
51062
48132
23850
46925
52073
32405
67622
36692
76336
33911
40950
30497
15215
3346
57245
13647
70702
55359
18183
62903
28926
2724
2249
79583
88902
82923
44433
37503
67622
50931
75168
35022
20193
83123
48317
80028
64079
45361
13934
88380
89864
64315
79809
18548
69968
4915
76703
52319
78869
526
43274
52353
83379
62986
46854
6273
49689
4157
7809
69738
15001
60519
68354
40818
767
30130
67206
37219
58002
84220
1489
71391
33762
63760
78260
46045
34010
43487
56828
76167
63455
3930
79714
62422
72817
25488
34132
8309
56651
29141
78462
36776
28910
31358
69132
70539
82669
3679
5467
78685
23904
46444
88632
60213
10990
53725
64538
84737
28765
48250
19092
76530
53085
68058
10768
6711
35142
85951
2669
57759
43700
58392
84585
21007
46652
73685
52117
34393
33014
1027
43598
89307
32158
53073
47540
15559
43293
34768
7124
64199
81213
23295
61816
24830
57370
30084
68663
82878
21842
31709
74445
13644
69798
9813
17288
25813
31445
52475
21234
78568
63111
83329
38243
21153
37696
60562
41773
47543
25214
51817
81939
83055
63309
66963
6968
66880
57814
59100
74539
59459
32015
87840
22616
87813
79602
58599
17192
37448
8003
2084
78888
52168
67586
15765
68815
17601
46102
1587
70906
25613
70636
53619
66121
37834
80297
45775
41951
45409
32129
59650
27354
21558
25351
88650
46107
49695
48226
24940
56481
19780
82049
36427
87698
3824
70368
41990
81800
89373
60747
7204
17235
7818
34804
44418
72491
54728
10078
23858
55295
30917
40845
51425
71011
60331
83290
74956
82645
36909
19198
33277
76116
321
12771
43324
67050
52171
36032
74438
53796
62966
4536
31326
41809
71129
84891
30045
11751
66380
8024
52440
52185
10947
32239
43538
87090
38432
43263
61421
81535
15759
33204
20470
32976
32709
81159
67618
34458
49057
75833
58673
83548
26055
9844
84002
87725
8659
39547
72144
82053
36166
4728
3441
76545
26192
63743
31287
7056
56660
65479
14015
10301
28069
34170
33997
4485
66283
56029
67166
85242
59369
49195
40402
89235
81757
39878
70523
88056
78631
42568
56757
69352
22983
41139
86340
24453
45601
24713
6962
31065
45762
41656
17881
35134
45144
18983
21719
37401
68803
16686
46551
73089
20584
82695
38138
11769
66607
58209
29355
21880
34559
57541
81993
24616
75426
14482
89377
88736
7656
32300
83482
12180
48582
17011
9832
71942
16135
73092
50351
6412
38977
61001
15471
80858
58621
52834
83999
72986
68110
7967
65578
54634
49054
22624
44590
78568
7005
37174
28797
44853
17940
28659
32557
48313
69496
88167
18476
13256
84196
29108
52670
58265
52335
61484
57464
71258
52818
14713
5581
59724
43655
29759
67673
70153
59163
51774
15252
47702
73300
37436
53159
43885
59950
5271
6375
34727
71409
87035
37779
74628
31832
56460
40944
59852
61586
78843
76320
73030
16262
37410
67789
19158
83243
66134
81305
31184
13830
79203
62508
24586
6661
80619
87357
9090
85617
6912
53011
6468
44195
26584
47403
7951
6505
16660
61899
69496
44068
56789
52452
76419
33144
73909
74018
26184
41517
25432
77292
61413
35791
89320
71752
24641
43148
31903
53609
10551
17315
10556
39955
81739
79815
79541
80599
48418
24301
74693
55237
79706
23991
33092
54124
56109
42627
73164
15321
41997
65757
48688
53269
40470
56221
78181
6465
87332
40916
13084
86548
50419
21899
20111
31626
50573
75958
79622
32245
76986
74343
59347
1560
66058
1000
83136
44483
86720
16156
52342
48102
31096
36551
11294
13675
69394
55101
48444
27372
83580
54925
12198
82398
41707
43058
8050
54490
46458
32606
67052
2741
83572
30533
55640
44079
75905
52561
6561
39092
56198
18929
65151
70825
32769
38647
71117
9831
48070
89039
78370
84809
64605
34018
24194
22780
37363
57396
87931
33289
34168
28234
12489
3064
75899
84346
57070
41951
61207
61928
3811
28748
66057
61284
9369
19637
46718
53173
32838
45873
44843
48753
28258
65342
80956
64504
62337
51675
4450
12659
50672
19921
19621
15352
53290
84491
63385
45190
7685
41762
53630
81068
40694
13003
21683
17669
71187
65569
77731
43936
81800
11832
70093
53254
21477
18135
70620
59708
53337
28264
35672
70940
79366
4947
33085
12275
84097
33629
74681
8081
85891
77638
81978
39728
9700
43514
41136
52680
28890
74163
78412
72683
39549
34563
47592
64213
25037
66957
644
46780
26513
47017
67150
49712
22641
68218
47914
34030
82469
48685
55742
16334
62411
45831
2741
20127
61505
12017
57384
75007
24726
29239
10677
60863
14896
38855
56840
63008
32705
58702
25364
61880
84789
6085
15930
57533
62476
58584
34809
37371
23008
66334
6469
75782
58158
77748
60537
47727
42226
7700
59288
72010
55570
87055
15939
60273
77969
8509
72179
44147
17060
56583
29523
39803
4136
66182
19075
44261
49587
54078
61771
39447
2154
33884
63006
80965
82288
80237
17560
72670
1421
7781
50819
7311
9244
7767
53100
11652
50539
90000
38604
52449
48945
10312
41180
39263
34688
13321
13113
21061
72695
76682
83644
69360
65494
87405
34337
55566
67883
58326
76457
52841
32227
71592
51519
12119
50201
82666
21186
80956
14544
25971
14214
79381
57018
74472
13095
396
87077
39759
84655
52069
35464
73463
38338
82001
45544
59035
26008
30070
56672
33455
60067
79301
24072
71213
29676
27335
10461
65317
67536
79132
78236
20276
80292
8924
1779
88580
28409
24059
12601
4980
2915
50045
63632
61626
40173
64769
52412
55709
10036
25355
45577
31014
77530
70526
61816
59142
44420
58830
2695
14545
54675
50594
58111
78552
18848
53741
11384
25401
31411
61430
27933
65733
81853
61558
60874
39648
2732
49334
46276
72016
14570
37810
19335
73826
27246
21474
1394
28278
82314
26526
52489
33963
28287
41625
22563
51660
47394
74218
6466
60973
46033
59944
30930
12721
65956
59668
37369
32918
19188
13566
9124
48880
2831
72445
69882
82726
27705
51794
541
56132
5846
27911
34076
40198
14935
48722
53447
47526
25260
53938
7217
80122
63035
33827
21745
38942
78591
82276
56572
69312
71431
40745
12378
16920
32282
20454
33082
60434
28004
78352
67459
86565
75038
30989
82409
82440
25242
43838
28945
58616
48600
65402
66734
6722
16649
74370
18001
10342
25429
30732
49025
36150
23787
34392
57746
77326
86451
63192
73710
29166
35563
55634
47192
7816
38808
27106
68689
633
73142
15919
57785
47363
79940
86362
62607
56549
38023
62178
20368
88200
76105
89728
66015
71437
20677
58499
21666
89822
36704
1803
1560
28458
7687
78109
12801
11143
42687
43630
46453
50013
56555
69190
41668
34646
47919
38111
413
9008
16858
9363
68554
49812
3984
41555
35085
15550
19119
27205
65554
80291
44708
70451
39994
86172
29848
32271
59647
15101
29332
87651
3229
30868
61443
40740
5435
79347
72304
21344
18448
12622
58232
73834
81103
61093
23521
78049
17690
36770
24639
87983
83146
22868
12625
60301
33176
53675
88193
672
77147
26993
3200
69320
89214
52565
87351
72263
85123
5459
87815
2334
66512
23405
8196
84271
74795
77715
45459
29945
52596
89872
78927
63889
45480
48112
13916
72148
1607
6143
11561
6401
34756
55623
40071
21364
30748
79809
14284
89540
20241
7607
46819
78095
37689
22304
59834
8153
16370
65098
46958
11258
22944
15100
78700
81950
70560
67459
43409
84067
87937
36637
54890
60980
36723
38917
4409
51728
74881
30569
77329
72458
33969
57159
1824
81800
36174
80
72367
78566
40989
75478
38854
1963
10254
81566
37992
21374
77648
37370
22731
51406
31767
25007
32910
77258
32248
5245
9575
53837
19647
21515
24983
26528
11240
13551
39750
61516
45648
35880
83154
14472
12462
19695
13551
50211
12881
7470
42031
30001
14526
24251
68724
62322
43654
61791
28072
77700
76010
18605
87066
42581
46925
44447
12494
45846
40992
44519
80950
74616
62605
83697
8752
21368
56780
5184
57910
85473
30992
86487
21148
70290
88735
50950
5203
8815
3688
11216
19235
45466
51085
33261
6599
13019
9536
67060
29277
67127
66429
70699
23641
2917
76363
4569
26083
3247
63989
49233
48259
71507
19950
68410
34799
34004
51299
69977
31366
69663
3931
57835
56063
49020
89738
83847
70645
4773
54679
55388
22528
45359
20435
40234
14502
62802
11551
56139
66747
26612
81171
50868
53051
30790
12935
35617
88390
34675
33597
69312
71734
22691
70122
7504
49699
23930
49248
57498
72203
42614
74834
56003
68517
83079
32704
21628
49949
7080
41540
19761
85514
50364
46455
76236
14856
58376
48155
39784
23215
31889
36341
73075
22436
58046
32530
56847
81421
61950
86510
49487
71757
50697
11501
78856
30221
76056
5678
19567
11474
71976
543
62789
73213
41682
40784
33124
64138
5283
4025
13280
24592
7679
85885
40559
75277
79924
4175
14638
35676
87389
34065
70436
27392
85862
41352
50294
16605
74958
78995
29016
59075
45336
11446
75353
80206
38562
21072
38523
56408
33208
85205
8569
18904
51588
1938
22165
57855
62965
65202
88519
51244
42150
66768
9241
68591
61136
83012
26993
74698
48939
57730
11006
35649
48423
61179
57410
52992
75079
75882
89279
82609
26160
19801
31632
51611
41607
28430
69847
80730
66482
54234
37535
87473
50402
49395
20663
87215
13218
87700
62656
37161
72172
41938
14906
10773
20079
39978
59602
837
88971
45668
36799
32342
65196
81410
10671
41696
8639
23254
34796
57533
7545
42216
7352
25700
76324
57213
29985
25683
37653
17282
64664
66365
17002
64972
41149
36547
27601
65206
21048
69036
52647
8668
5156
86830
50394
58351
53121
21834
76718
32571
86029
53718
62613
20581
62969
47770
38481
54587
9660
72227
2387
87399
54477
2564
31827
43419
2351
49277
50338
27433
85217
87900
41007
68090
31665
20800
39505
31416
22419
68675
76588
76405
36929
63959
15620
38404
54417
63251
29623
29291
9991
24772
21008
80680
70775
48146
64159
19006
45986
75380
67890
18336
47815
11297
55624
30736
66800
48867
75106
21195
16490
41911
8377
19072
24198
4913
14218
77347
8467
23129
78068
31578
5542
86850
73258
7755
3946
38046
59750
75924
21004
842
80216
55338
57293
79445
26794
59951
64965
54423
33172
36455
62354
10896
81277
56484
77115
71724
35238
59367
22725
13065
3092
54596
53505
23767
44161
87836
39018
87789
17426
54480
52091
67482
54054
33645
80893
24292
3459
794
23853
5000
60292
24945
79520
46930
33489
44417
47653
26041
37885
73756
75435
80130
46204
26289
30496
33076
8321
13266
4231
24034
8471
3286
83970
5253
35415
38972
37208
32551
81249
8886
72700
70246
22843
50600
83736
80304
8585
32712
28343
15341
61474
41588
46799
15799
16156
45468
48502
34656
57978
65730
15200
48414
29479
23642
40447
27603
16438
73565
85849
75060
65921
84881
66357
86640
23168
19792
49053
58496
52529
4065
34574
76396
83343
63101
29860
24155
79318
70840
5227
70128
65780
62414
78033
55015
68344
61440
35343
56645
53077
20891
58550
71532
45814
63307
76692
6105
22976
13602
18546
88997
48365
68926
11171
47960
56329
67958
29814
35225
84343
47228
74678
73522
42306
51999
71460
86273
69781
47971
31448
48324
16428
44303
387
65553
76073
9976
62146
9857
86873
39327
8464
35344
18107
30148
2728
48495
84840
37871
71871
23434
42193
61004
58577
19001
17968
54249
64549
29922
44478
75994
87039
1187
25751
81828
53195
7264
47915
16
5533
54278
76170
78544
17280
51277
14794
27095
37879
36837
43420
38218
57891
67135
36219
80765
56946
65114
82426
82962
37174
49160
37409
62830
39157
35156
16803
48427
21271
77219
13922
5016
46653
59300
87512
77775
38919
2296
82875
74090
75962
21221
88796
30942
72192
46449
2104
69110
39578
77467
85732
25599
4457
23424
31377
12937
46444
61392
78274
59143
31813
16790
64992
9820
89623
58490
177
21187
6467
59876
64770
43627
71396
42875
21618
32309
46513
75298
34772
88062
84561
8058
76683
51007
8991
43028
11727
6341
2542
48690
75406
60999
59939
39693
72676
29987
4684
70602
19678
20344
17965
31216
43338
65240
28869
54205
5966
15816
31749
35904
62819
52599
88215
61940
19674
42077
2085
37463
4459
54114
82243
67930
6726
25803
51447
73253
70259
76079
79375
6546
66492
22022
69769
59060
56021
8030
7486
89672
24757
27498
87918
53986
78030
23420
84112
37675
10066
89760
46524
69237
33596
68867
7971
73278
68368
15876
66631
2565
54880
32731
59101
11418
51919
12219
39109
38233
88618
53299
21556
20616
8954
31251
31039
1466
17749
62086
74331
78940
22682
33169
72884
12507
9402
28518
70154
69728
85086
12984
40182
78432
13231
7528
25254
87784
10845
43493
17199
11621
40972
38713
34041
17271
81719
87280
58065
35090
10192
77600
6471
84871
3816
14728
65690
32027
17266
24877
27198
28855
78688
59970
47635
85336
35725
69802
68703
65892
49734
13495
47042
2989
43719
25738
24855
42567
86788
62456
53946
23646
51348
22128
23956
51639
62689
72498
16275
13432
76995
33315
58699
42036
63976
59702
14412
69336
81710
82036
68985
39235
3660
49584
76307
51119
71407
5660
44044
85242
36722
54634
85292
55626
88574
14402
26126
54840
86618
7262
7571
85416
27979
2862
45209
20423
77668
54502
21822
21626
22847
79534
51637
87413
3359
51350
78404
12479
77035
21492
70008
67914
83241
72476
73842
18647
80858
81489
66948
16784
87206
31257
81418
66440
32335
67680
44651
58772
80536
37896
83647
62005
50636
16606
26955
22500
46932
69938
71559
13797
58499
74486
24139
44976
41259
61321
32595
45845
29183
86130
72360
35303
51873
78044
67277
49215
26419
37793
5476
85001
61553
49836
35852
18308
46237
15879
66759
34045
78912
22222
42470
81402
81126
89768
28690
77805
39277
48195
4508
3064
75420
28509
84145
19797
23636
39257
45837
65202
13490
21629
7241
73903
83643
20906
66464
9391
28994
78733
65444
44899
25594
17083
17962
56496
22457
57714
86906
84507
35152
8896
20001
80262
60570
49527
48106
40823
35007
37285
23771
70620
5880
75127
84075
84293
62982
83186
64994
21914
85905
25243
11778
72799
9540
52503
18677
8776
18355
12186
29892
23794
64920
36256
4995
41567
47761
59455
26736
16643
82048
55393
75077
56153
34692
75514
13011
5278
36517
18377
62318
67124
9250
46385
57879
28726
30955
17922
34239
26496
46253
23477
7460
85076
73605
15550
44343
59570
11595
52231
84871
70335
67554
1098
68678
24018
51437
87609
35878
658
11759
31356
41277
54732
34001
61157
5899
37681
20578
48714
45060
43685
6409
39595
73781
28776
66103
67540
53987
9201
2241
18422
29584
80025
8494
24475
43124
45545
9070
49998
64105
11822
62516
45341
22534
49194
64394
49245
439
5645
21271
73128
3660
29262
32300
21383
28725
62873
70624
74002
28735
74850
78273
11213
65686
87681
52275
28025
88868
20123
27394
69076
28817
68601
87316
36533
16789
36740
35554
52870
27381
16808
82812
43437
83765
78236
41308
3196
21455
78061
18813
72157
77912
12857
79321
34426
11676
48079
30945
49191
28983
79180
53193
36567
10700
28079
75397
49165
43099
27720
89130
40150
197
20591
22456
73358
81011
44392
61716
26075
16495
49412
39575
36999
13538
34297
28155
19130
48170
20295
1051
62226
1064
37012
26487
82124
34528
71956
55088
13582
49002
26660
10056
59515
22700
50245
48322
28995
35936
55899
52198
77053
7276
12418
73702
87401
80953
60972
57975
83730
48464
29124
47165
28355
31897
21463
34211
56509
52728
50674
63167
35977
78258
22340
47869
38587
42020
25821
28217
22452
25622
70946
85850
11192
12846
41294
14649
18633
83923
15478
29372
7004
79675
27728
33207
75578
24561
61054
4290
44815
29085
19445
36088
4843
35327
60016
26998
87220
51831
11001
71851
86836
87302
44226
14584
19446
51709
74892
80178
48798
71840
34757
82158
16905
70446
7263
18315
79648
54849
56940
53272
23797
79682
66178
61755
72937
64877
12607
10374
88066
51170
77622
64151
74984
39095
71930
59494
11945
72658
64869
4001
6619
40061
77550
21609
72975
42098
67594
11711
36780
5200
40207
47171
70560
25655
49542
7048
68659
36007
26350
66766
25424
81460
11925
36574
39395
87210
24912
37268
79526
24986
40575
84464
67239
70615
17230
54630
2909
33881
56616
19838
73157
14800
1723
73790
9270
43332
61543
83631
16162
26534
25176
82217
67997
66538
42887
73120
10846
21623
56059
84366
48030
5624
79926
62347
20640
80944
51822
56992
14747
38687
56418
48872
60952
65534
66753
41598
3049
7717
79770
63734
84584
24693
80025
22776
29418
81580
38952
39234
86856
33161
65447
59765
54570
52577
15161
29143
49925
55799
23999
3691
12579
50815
89371
77467
6644
69120
45717
12493
83413
28852
57733
55742
74352
75490
3126
36978
54839
46802
40167
48351
34992
46815
41241
80076
5587
51439
65961
75680
47219
50261
22901
44044
29446
10583
70149
53467
56516
40012
42777
34942
29292
60191
19612
15730
21312
74208
59995
58109
22254
74689
47598
80510
70962
63810
56550
42438
87328
86654
55097
80919
45582
58083
52839
42129
38808
39399
70761
43487
38164
56934
26586
64909
69706
10522
8802
89576
4511
9396
84126
49759
37383
31399
38106
64176
77489
19966
64607
59872
35127
79234
58733
61979
15602
23965
30084
67482
10488
83198
3175
24985
31260
20110
9520
3595
43757
86017
75895
31151
56912
87684
72319
59097
16086
3393
85423
1181
67385
72322
24759
1885
64703
89509
32309
41582
57244
78840
45494
15767
26456
41296
45418
50929
931
70724
31733
10638
8875
21867
20145
83857
30189
5562
77500
52094
20990
48475
15436
29257
33620
37036
31110
85329
60195
24261
24289
494
72344
73829
60823
72995
22941
35121
85083
70821
48471
82832
28080
10074
37300
45069
4528
13805
64190
61369
68940
74745
65297
43433
71241
78744
34977
68428
53497
33009
38988
68300
40820
3011
39367
2034
55878
88666
37430
33590
14992
31265
86506
26054
33028
39826
28265
57997
28146
2121
43593
18295
16265
12120
40719
48454
23329
32105
19488
43883
50427
64110
82915
14065
66064
5521
58433
44896
78367
18150
25026
25380
40658
25272
82817
6444
72929
13860
18986
31292
88889
76003
46759
33655
6415
55413
81245
28123
70686
5698
29861
50047
71516
59431
20893
25514
65920
5943
48295
43712
80548
30894
10552
53712
54670
22019
61967
88621
66459
19904
51720
41726
79307
78405
43828
51625
49459
71292
31595
47886
30058
37293
51902
80464
14138
27182
28202
61712
36785
62134
81432
70320
42899
55948
86401
83080
46482
19441
27157
77781
5684
85522
16007
84585
48903
20525
13660
46238
1454
10988
44387
75645
42508
82366
88131
4429
12345
20691
17062
26174
12552
691
32110
8787
59112
85476
66346
31482
46163
89634
80271
41148
3078
14382
74609
69696
81725
53365
57263
25381
79319
71778
79071
13948
19793
78858
49164
16603
23785
32787
32651
69676
2386
12238
88566
79538
61839
81666
70733
78426
5046
61778
27606
26684
2315
15386
82727
33238
42633
58843
61565
6812
80788
81238
47782
14682
64538
33213
10218
66953
54390
66038
86471
88343
70364
76128
19767
82477
19397
22775
20687
19200
84756
75710
5209
44594
56348
29472
58873
34813
70039
32633
5130
88804
22431
31035
22811
19031
12424
46859
74861
49149
20643
55414
82019
65301
23082
20808
38978
47233
63778
87725
43889
38067
80406
33573
68903
17843
52365
85538
45146
42897
7383
24533
56263
34472
88853
11146
54823
39451
9097
56499
56374
17758
33677
66219
3293
70606
47708
22685
72101
85699
32031
60650
29418
7594
72862
37385
64155
8898
55164
70793
67073
34050
72716
72749
57433
5485
73892
55782
25105
30135
84976
47057
54442
17119
9264
16022
67257
68631
7245
82919
60443
26919
61060
78893
12715
16389
2967
67777
28392
22000
53435
78815
8819
79526
32421
43147
48327
10537
7747
54339
73797
36246
41979
62026
67544
9608
15391
7040
5918
75398
6370
6151
35458
25539
61390
66642
16506
89493
32687
28294
33759
64714
49354
78051
85016
26249
12375
6995
61458
87338
29535
75392
83611
38778
19434
15561
85340
50698
15725
23250
44984
89863
80323
69682
86313
33216
47294
57206
20320
48044
62703
58149
13123
17466
51932
87082
8525
32182
28760
59141
72867
17458
29897
2183
33529
58568
57649
55075
4507
82231
486
26022
12825
80062
5287
33064
27049
59110
67957
52245
50892
29397
55516
36010
70149
55826
37484
3888
34923
38547
61549
68489
86490
33479
30418
1661
77123
81358
28163
48091
62933
88534
45686
41511
52630
29139
24184
1554
89530
48398
69110
81981
1588
3680
58513
7904
66813
3667
64917
8249
9269
502
40563
18802
59797
57907
73068
61142
16869
69538
81763
40561
2094
76793
42473
69931
8169
80839
87441
72152
56940
82307
35551
81358
80107
20215
80260
457
39589
7117
51866
52713
70211
35733
23912
54216
28010
39763
83640
47798
29951
65565
53382
27625
55039
49899
38922
65977
84390
63017
81345
28003
49579
25264
52565
43280
66580
51167
70105
87556
18424
70318
69626
25514
78515
80034
76509
24990
68911
37203
82027
33173
27095
7179
51244
73237
34039
496
59334
59125
45055
20980
55749
30814
14482
62744
40841
67463
34137
1688
1270
58796
35298
36236
70738
42374
71027
40134
54713
82571
74256
67658
20481
87499
6891
22034
8676
5053
23658
81672
89830
88138
70144
19665
64159
83456
62265
12955
55888
10687
41413
65931
33948
65723
88693
56135
71965
12719
16915
83331
3626
21598
3252
13931
371
55568
30252
24742
69335
69556
74559
46405
3812
50534
71458
47809
68534
10615
36842
68165
7584
68191
49719
63042
81107
58414
40787
11287
84924
85337
46094
80037
85545
4658
22208
28897
50131
63484
71119
83825
73910
55263
85333
39270
9113
47336
75058
50360
78769
27553
41185
82160
17254
33189
61412
82384
76008
4304
16173
7744
37044
7146
13508
78517
4691
72161
18512
53571
10537
85726
88150
17319
59934
29199
25061
87357
9535
23234
4546
31785
43393
19817
73622
24400
30960
34853
16695
89354
19363
49229
39590
27020
12620
55630
14940
19833
37662
10466
19284
71703
31287
8159
16240
6240
67405
3987
7001
56571
63554
77082
39137
31617
74888
49658
57445
63146
49246
59357
66868
14993
37162
15327
684
50691
32599
2925
80844
57374
66499
76442
8831
63819
21896
59660
68782
56830
33834
34434
84121
24149
79870
2658
66604
28479
39942
57893
47702
2325
35884
32525
26843
87579
27415
85183
52100
84902
69131
83673
65943
9787
71317
30730
30871
14332
62075
29272
31677
18386
37224
70786
32810
49207
36840
34165
68992
72227
23848
68621
42202
53079
4496
45041
42289
70665
84124
53685
17253
64511
11173
60854
28603
74731
59753
48532
20604
24851
27260
66045
2564
440
33547
28937
56214
74176
41133
59489
78033
21065
32543
30215
16396
69471
45855
53950
40030
75325
67626
72034
58776
70527
12709
8086
83191
65771
13654
49807
7543
43126
79320
56119
76812
40421
62827
74911
13107
12511
23704
8415
60516
84669
48279
55538
73508
35843
65792
47448
46861
81919
8292
60569
43169
58482
29538
69947
46762
15294
20163
86266
65917
54202
2821
76894
89740
34288
15872
45096
34423
535
9796
57651
56274
14787
64390
65440
79288
88875
79430
53738
32330
31298
11158
53683
60889
2808
64417
32564
28505
60047
84406
74290
42083
63306
57011
29400
61297
59340
66006
13553
63193
50398
44223
36999
69987
13879
36531
12953
38979
85667
88098
6181
82419
21064
75084
22357
17339
86877
79895
62741
17528
57732
14414
36695
62739
27984
19767
55184
31295
34461
5971
52929
87023
62868
4558
41806
32214
44571
54670
79716
55632
46159
72547
45107
63575
46909
24759
39327
51889
72317
42716
81381
51986
8100
31916
51521
10937
39172
16167
64240
15374
65238
76018
19117
42073
74400
49597
58613
89362
77166
46040
13480
33195
49239
19463
46116
44964
11283
55141
21878
20287
86250
22006
58219
11633
12578
17935
8972
33198
4931
47408
56646
75321
82884
36528
27823
40144
35283
36889
13769
46665
73175
11723
9291
19846
77921
39575
48920
74586
26404
18222
40679
82669
83791
20207
27538
47050
15209
60523
62361
68929
28404
41288
85228
995
40700
86129
83852
62485
3134
41988
48271
24124
76868
58358
57772
84171
80013
75986
21646
31153
60798
74402
56144
40062
47869
64884
75169
36408
7363
32030
62482
32300
15219
64206
26110
63827
18706
72038
34352
49432
67381
44995
7023
44956
38740
78356
75893
12366
77132
34290
32436
21944
34330
35557
63051
59028
11998
60010
20836
76104
53495
13771
71558
71168
17992
48806
76947
13491
79666
76965
52896
88628
54859
44436
33635
58050
74033
65461
36450
34636
53635
4283
13103
83630
58706
30463
64586
13537
82877
27809
81208
66825
62417
26640
89654
78008
24480
63198
9705
58162
70666
32616
58293
59913
44883
71638
2386
2068
21766
32699
3681
30768
26160
88167
21579
67241
79610
2983
7669
45156
80296
80446
15522
9029
71690
24801
33027
58279
18864
53596
18708
72566
21331
36496
38747
10193
46519
18644
28166
73554
56473
59951
75030
58861
756
84544
48234
9440
9497
45392
83196
23369
69956
19205
30002
32298
13184
53153
44881
70752
26714
9327
51646
34056
49986
79783
18405
73823
44661
67752
32141
42230
17578
25896
73587
81105
83215
11666
53433
42235
43641
11204
25874
62220
80296
51304
1989
43430
84182
57099
44148
27527
41443
17737
10490
79028
75915
80698
67988
34492
58702
28149
17147
10100
84102
35443
7376
24665
16806
12666
34543
55610
55403
40373
35004
11609
71984
58439
31218
27143
8811
71035
74309
20616
11112
33581
32951
67942
38589
39230
87118
58061
65725
77619
60426
79500
72262
61620
19343
26155
21707
76885
33436
50654
78411
40362
50201
79702
58659
41892
35154
85019
71118
31655
60754
49891
55125
9405
44364
680
39410
75259
37495
24530
44030
52677
83114
12836
33710
67974
39893
38639
39716
46227
10111
85934
30228
12424
58911
76780
62060
12710
41905
63678
20482
36100
79314
56450
54003
50656
87796
37493
85611
6542
19321
73103
68549
89261
11131
60335
11839
83951
53652
32931
18543
14093
554
69612
4172
53464
24839
79246
54216
14432
41510
15627
49822
68578
32125
28974
35315
81804
23865
70420
64095
30316
72123
43487
13711
85584
27468
54674
5920
43462
70801
21421
67818
87297
73053
45520
89096
59964
60572
13222
57479
78157
22708
16880
60736
6505
65982
56031
43368
28760
16774
16457
39922
12585
81711
71394
31623
38866
57781
50198
16754
63612
9053
42307
51996
74255
75494
57449
61995
3984
9278
85796
57288
72043
37772
32544
26276
65924
46430
66670
65900
44622
44686
74339
44512
80820
51725
45661
41572
80797
15518
7836
59569
66828
6703
82732
32243
21792
41136
72446
74689
22572
43235
3101
44813
17588
68855
53593
14193
59702
18558
31261
29959
43038
5766
87828
44793
66472
66558
67363
49399
56813
42157
84846
80672
59293
77239
33771
6601
49964
39375
41433
13016
44488
84086
70923
18195
73722
49360
50400
54422
9655
81631
72432
47087
61480
21603
46087
71662
7133
19138
21034
51179
63981
83090
88130
32841
55111
58612
70292
79837
31919
59165
62426
59740
31054
18445
65382
49140
17965
4250
27251
18868
5439
50177
52588
74024
10468
51385
83795
40480
61799
14862
16248
82859
39653
78833
17942
65860
81051
78550
71379
48558
17750
531
54797
43422
55240
44069
70128
30902
14595
42042
63067
81618
86295
17370
77584
87091
43946
77798
83651
80833
34359
48852
72686
29839
84622
76774
71006
60975
34584
81585
5667
59048
5896
64711
87119
76936
79122
23690
2889
64545
79134
41988
36410
16131
23908
37318
73447
72870
83824
61733
62073
45896
29714
5952
56803
46891
7322
37975
37281
38733
23742
75243
42179
59217
24478
77494
84488
23457
27602
10685
28020
65457
25769
5533
40160
29120
55031
84031
9117
36937
23434
36183
29434
54356
17139
89195
53737
85541
73540
15305
32634
20769
43527
44633
51414
80146
33765
30180
35704
42064
85314
19536
13513
51573
55728
51016
13463
6364
80855
19176
57936
44935
68010
52065
69288
56644
19500
14205
56685
27857
30202
76303
26203
51376
68511
6444
86530
74710
64072
56277
39853
51409
21626
20144
25336
4157
29294
49979
58230
36404
21714
67556
79327
17521
65728
55165
41647
23769
39158
26102
58168
26646
49405
49908
33187
62425
89035
21948
55059
68462
37031
36421
20329
4378
58281
55623
35504
31655
66461
4782
48972
55188
40625
60530
48685
7293
62326
18031
82015
68508
70682
50325
56119
85639
28417
3393
58966
8906
80341
47866
61583
79068
41565
70276
50854
30827
14305
88477
63056
35291
62510
3818
34112
36247
9955
67130
83631
35985
20009
31305
20158
43658
80529
31875
4269
23743
34528
16338
68680
84670
11016
37607
81425
77657
14588
73928
61789
7909
7239
1490
13764
67330
3702
23036
25904
40472
56527
74540
5551
63359
78473
53729
17517
27405
73491
50073
71746
26390
41303
79690
38448
11663
8864
48283
71980
72601
42954
14669
81768
37955
11103
71005
64008
20991
71728
16602
62336
35358
53009
27826
83092
36377
256
29255
67984
31589
19373
36124
79455
7396
5368
40335
74350
70684
52698
49194
42056
34183
19186
13647
12610
46982
15879
67273
89637
49454
75322
53111
54638
82066
86362
86115
29485
72406
66799
58233
8930
45309
89814
11373
32316
20229
34712
40945
51174
73482
77614
51306
77076
69135
41890
24581
69864
63781
49710
4997
67222
1810
62944
67259
61104
48733
7727
34699
14949
29280
67207
74934
18956
25068
26777
76461
66065
16985
59088
30694
35014
39831
89645
42766
45732
13081
35986
43681
16903
25388
56778
1821
58721
52450
45132
77257
55129
74788
56404
69782
22767
4464
86762
39657
33471
66943
87418
21928
41519
72247
45594
63017
37306
15847
32928
17778
30756
5322
37581
19441
76689
16861
71964
33107
76595
51782
15022
66470
7927
22841
59059
52236
5324
54376
59130
66802
832
1600
79738
42516
24588
34331
87776
24179
24760
87759
68956
62471
42598
24200
62630
59194
83311
56509
27938
51320
55474
88586
29611
24145
22166
47280
69413
57438
64214
38250
84021
3154
42254
39506
31723
5492
39086
30897
72527
86472
14306
15781
85048
49393
81791
83538
27534
55434
68987
7635
84368
16239
48877
54910
1042
42291
22498
16366
66277
48226
34709
25345
14396
22824
34773
9720
74266
45879
59980
80786
20997
61545
37066
13164
65372
63377
25846
35668
11004
4832
19570
65267
71496
1615
24384
59507
54034
49178
14695
82218
36773
54716
35300
36329
61297
70274
75338
33119
20295
73515
76449
43852
77716
36667
12958
69434
82897
71823
13018
42400
10752
33474
4305
78049
51077
54446
1932
2797
89874
22931
44454
48643
65250
48919
88888
19959
23870
38537
69705
88133
36529
46109
76077
72673
81951
42821
37474
12978
15310
14057
3907
17651
47817
17490
59221
69523
40553
20246
41480
30413
30399
23378
18499
46754
73108
10755
51495
28255
78335
65943
27728
28984
1691
22917
48796
8414
10966
39221
65019
27988
80724
46254
70602
24654
57631
15707
77088
62577
36786
29367
19888
11794
62051
75372
43625
41586
35904
13598
22941
9159
8565
54403
12952
64462
60684
48987
80484
81471
51840
7107
654
37456
67902
51908
71309
26323
65268
64293
70429
84000
35562
65259
59493
72721
62682
67876
15691
81841
88584
79272
12696
82250
25844
31438
40732
912
53359
44796
70099
26458
35588
486
32331
12895
54520
24722
57078
54937
62026
52465
35154
60496
81302
3320
49171
24508
46440
5665
87779
72299
29764
82841
16464
72449
65822
82510
81261
21745
67111
39292
83336
40562
50459
43801
54289
77991
57623
19777
8408
89460
52162
39235
88834
5182
12071
77034
33664
27089
23906
32026
11218
19283
85273
35054
74823
5427
34894
5958
42330
54892
30894
5162
72047
52662
23653
23179
21841
80589
82896
46443
20276
58939
67436
61151
2717
71039
81532
22522
57944
11629
16859
467
89934
82838
72273
74444
70585
21495
38863
69791
71838
58092
62400
18391
23458
5405
80483
55670
71818
20244
55585
3587
63705
59706
89256
70428
60358
1991
61960
43360
81782
4969
4887
24037
41181
12757
19398
84885
56726
1906
52100
61644
5150
75639
42023
32539
21404
69726
66085
3178
88712
38186
19380
10962
51368
13005
84388
65816
82032
54152
58303
69894
15698
21393
53525
46475
44673
82193
47446
65099
48377
89065
23582
17420
46032
32677
37590
7819
52108
34203
85830
24434
8523
50273
32143
64650
50119
28525
23422
76168
5509
23291
79698
52600
24306
67719
40316
64715
41174
32169
14612
27053
52569
77201
74
36414
54051
62489
30299
44179
2377
48630
53709
23993
3009
43356
69922
14652
25452
47767
11345
64328
56028
58707
72316
53552
30639
79986
8145
48074
39034
43947
20120
34207
82072
27927
89036
12429
32242
12677
9287
49658
65759
82447
62758
6877
76580
26340
70405
60948
41637
4287
6288
38252
26132
49172
41770
81650
82658
57838
46524
83792
75951
82455
70726
11085
22431
19957
3087
42437
83853
85977
75590
35137
41933
28890
55285
24939
64343
41256
8303
59464
49341
12221
89170
88230
71325
70194
31029
59860
85746
86978
74867
45413
10124
53607
62761
86159
3780
79282
66799
53675
50835
64481
77204
5545
19028
14226
24248
48583
49951
15319
82662
42287
62247
63884
58537
26986
66291
45868
84049
14428
56023
83281
30528
5859
42140
1296
3626
13772
32397
50603
26993
19463
69983
5548
62816
86293
48628
64586
82876
30550
75720
4344
12474
15848
81626
16528
79413
52023
31052
6867
82059
40361
80264
77228
44884
21900
45429
62168
30340
77081
74855
75160
42158
25035
5819
85246
722
19714
64723
80788
66961
79667
76237
82391
4179
80549
44791
64181
73724
19807
70266
83369
83433
64660
75242
18568
64712
48446
914
12872
4654
27210
63302
25069
71719
89097
48940
46284
52312
86630
41517
59804
78979
25551
11772
4441
79225
12449
22911
42974
19710
65070
73951
44577
17863
34917
63899
10889
8578
26319
55923
63900
77405
65727
13197
83729
36023
28567
62919
76748
73677
22143
45242
56808
63940
4103
1062
31903
67874
76133
74671
14733
15091
38399
26235
17768
9335
42967
67972
7550
63649
52421
67854
15745
56609
77818
15567
49117
86036
7052
11038
8742
72457
4249
69344
88486
55136
72996
7409
46222
78932
63317
52912
10495
72777
56244
44323
26499
46743
85866
637
27071
35513
76040
67305
40034
74483
74851
29168
77541
32576
79670
17300
83126
68290
82132
76158
70313
25154
9800
86848
45854
70016
61008
7466
17782
68988
32486
74422
45472
64586
24852
22362
20735
60128
12340
5082
24629
38197
29959
62572
83660
7267
79826
81303
8904
52893
78013
8641
36162
12776
74018
83841
71408
38768
74015
34999
20770
32376
33596
75157
36138
83633
47359
38483
7401
7692
27755
63411
64049
42558
53342
41911
88448
24530
79431
72543
17929
26125
48032
48784
24753
81736
38258
38844
83660
43498
83280
50287
57132
81199
43064
67273
84009
16320
2475
38860
72161
89814
68348
56857
2203
49385
74041
68820
40996
19098
81605
9310
63118
628
80665
12799
66415
28466
21511
69830
62157
88753
44921
22253
5517
50872
13161
19247
36003
47451
38361
58913
8165
46240
50109
11674
36422
53364
70738
80111
36747
28289
14751
26972
60079
21478
26837
80437
83045
56557
74327
89860
69104
81474
8737
24774
31566
27480
73469
49419
56266
73128
37777
42951
18423
47905
17877
38667
12228
85967
82308
54550
39134
23242
78363
77514
13717
26742
8569
46605
72068
21618
24600
1533
37754
13152
65053
49426
79802
22483
64647
51957
33432
63396
86572
87486
9241
45242
12035
43666
49832
60063
88895
20064
11662
20075
76715
47564
41237
76543
74384
19347
60245
44878
3927
37893
78111
35472
21936
42566
739
29410
37324
48228
50040
52235
39817
24897
46697
9947
72723
83560
85100
5770
51288
36923
36620
60665
80288
30795
33833
64816
22877
11935
36038
19668
56747
8129
13792
47898
31483
35507
25393
37717
13775
18355
82676
84935
80940
43640
84391
37678
79911
36170
85534
63682
49592
80266
20845
46958
23784
76297
35375
13894
81107
36954
33619
27065
83216
19065
53885
5501
32282
54802
33342
31908
3672
68941
37997
29480
47099
58451
50332
7693
46110
33907
2936
84203
80609
62968
32077
56020
85491
72267
25209
36271
4950
84013
7900
81514
50246
60999
6376
35989
30389
65650
48922
30842
47965
34449
63889
42086
1267
64391
82235
80881
31289
2788
36015
59586
36644
42327
62861
50025
36305
55331
22509
65947
66032
8888
20528
21716
10401
46551
3408
63387
60285
14947
33968
65212
40979
20175
74850
2932
74282
63794
23626
19018
16081
65884
61251
22788
82983
48503
39516
16162
50617
64298
78175
29779
64442
17383
23906
72425
34686
76228
37658
24354
29364
61073
4716
11502
47897
14428
80373
64125
28709
26792
4138
48558
36190
53982
30676
13603
17834
31547
35552
48289
72917
6128
8381
27659
71148
5620
82911
39534
79773
75534
77451
31638
2072
84166
10320
77402
20878
14817
57821
54615
12363
41964
84822
22210
14380
77641
77492
28113
38180
71087
14623
73645
18662
31431
88135
61665
83901
42081
80056
73004
61233
48220
67313
51281
12767
81701
44379
8435
9094
27349
66387
8861
12108
28308
69001
56527
87560
89613
3633
54012
29634
9227
56103
46632
12049
73426
79137
84786
13333
87370
5977
59315
85970
73232
41290
69255
23295
70664
41912
67700
52814
14725
3445
1593
80994
52034
554
57279
79405
20341
38743
79163
52606
74070
14288
41996
82947
41366
53257
86460
727
28432
17384
30170
37213
45834
37557
82457
34400
3350
55239
543
82755
86733
70570
58040
11589
53021
14881
35388
34011
77031
75959
24221
12806
69646
59099
27062
23251
20914
47009
7156
25233
56600
40668
66288
46914
82389
86848
65863
2084
25242
35551
74497
56611
32133
65158
85707
85996
29769
994
38460
7504
58615
68900
41382
80042
54913
60231
86199
14743
62849
88583
57084
70663
72809
21941
84612
857
48850
34528
71688
26405
1013
69826
24246
17639
16509
27058
49096
77827
69750
9873
70559
51751
49958
54195
60424
50891
47871
48061
42295
46805
57546
34462
40708
20795
16109
3270
27962
13139
28223
53800
50950
85689
74649
67768
62274
50022
26889
85137
79902
66074
49534
87714
72104
59046
31739
73256
18834
75944
17615
46407
47826
37347
77658
7812
84405
39561
60021
50573
88325
12857
83230
76148
28200
48717
13856
84199
31314
72921
73816
53441
54616
79368
3461
41946
83856
24664
30426
68275
52270
85478
89016
72996
24792
82860
37688
51814
3192
47828
20939
52631
24917
73668
51725
4939
15188
64545
52313
20703
54672
44534
54491
80261
68316
37018
31062
51064
23298
48164
48297
48537
87224
32436
37728
87045
67426
24328
48090
81965
43535
50016
20521
83745
29263
64431
60326
80522
47553
11196
25474
80300
29505
41414
81517
11574
24308
16414
64288
10747
12698
62611
53621
30592
40969
22364
85007
27007
44021
56128
12841
52617
55620
11427
10564
85659
65820
48757
58821
72361
81380
72077
66383
80057
41277
10694
13785
78226
57144
78044
82961
31948
74713
51387
24077
46706
68043
63305
36430
52185
46935
71212
22444
50313
42632
25489
55773
71950
8780
4767
14224
3884
88024
9816
9501
14779
31259
81888
19217
75896
57228
53506
17312
22288
8562
27508
58877
2466
84867
70578
21351
1863
68058
54666
21754
20819
34184
88793
59478
39103
29731
18766
41413
75417
85278
75887
48335
44193
84103
70109
47773
48119
43205
4056
40190
27800
85202
4653
53918
77276
42441
70474
14206
83050
24627
61189
56966
24336
47144
68653
88079
36550
71752
81345
85606
77672
56813
12224
87811
11967
51183
33647
77327
24550
33324
61502
65181
15571
47633
56808
80685
77094
54586
33463
73119
40560
30546
14181
43171
15208
39502
67394
55065
38717
14263
29620
53646
25938
56125
53994
12881
72892
20724
41370
44668
1958
75892
3052
62349
48715
24468
64644
1382
43059
42800
83404
27828
19113
73111
82143
64763
45612
41626
37588
50902
48217
32059
68241
29359
58090
79449
65554
32084
49950
85070
27901
21144
31827
69979
14086
66090
41097
18776
79179
88242
22688
7010
77539
41801
78015
88200
7288
80543
85261
40086
65880
14011
55083
46248
47761
19108
6622
65162
43469
69096
82734
38988
34346
10998
79319
17651
54428
24658
36414
64640
10666
51826
14570
52957
24961
45646
74727
25068
74234
24385
5661
56618
3006
14166
53449
79989
44920
57405
12992
743
48970
87149
45200
84778
17511
4890
42572
2486
75961
68208
42633
70359
9001
14648
4024
41902
58982
28349
69293
13882
67878
64071
60423
78037
48935
51514
86068
61375
88241
75560
7278
65814
10460
33434
47207
61902
56771
71176
61775
80435
59948
71237
35096
61585
75740
67893
13141
45218
53682
26669
67081
64645
3127
44244
77635
69612
71026
62329
77558
56679
19313
45079
3695
18486
3624
6079
27111
48337
5240
7002
5157
63951
89326
1649
78945
12682
47558
441
79865
41233
27730
39260
36660
71041
56822
81110
54553
46335
56862
50172
53752
57060
68565
77532
11256
50366
36477
39394
82896
42179
70404
70901
23304
65364
25289
4066
11137
38818
58568
16581
54702
37466
24138
50565
79476
20164
79929
933
46647
10848
68424
32832
89311
36757
33727
34676
61851
39820
44760
25743
81453
32477
88856
12127
77832
76465
30958
81710
81110
26993
42105
55486
40335
4599
33476
84024
25450
48333
18593
30892
10279
23023
72714
52218
78722
48514
75269
48790
17557
70123
52927
5223
79154
69673
14654
20602
65539
44618
38199
80775
33559
72042
79313
73522
72581
73916
325
24181
80493
73087
6105
56354
74635
55918
50163
3505
12900
36504
56413
49301
4399
50976
38162
29170
52206
76818
68311
26874
20223
26754
21529
56419
38990
66270
42079
83770
77790
22438
33522
54723
84117
13913
53642
26226
3779
12108
89532
35275
37466
41051
22490
62318
60130
5796
27337
37294
50665
10953
80224
73977
64027
51780
65638
35316
56040
21658
61955
31031
11681
80401
32327
7883
18383
13896
64651
45850
45839
34246
58927
21748
45090
22370
80544
60693
31888
12123
7575
7686
24697
32494
39256
58888
3397
33348
86083
71540
36952
44518
4482
75158
83430
65704
73598
70378
14082
17291
48744
45313
75349
8576
23760
79415
22990
81103
69103
34082
62516
40078
47775
9495
11408
71360
28126
37449
56354
37502
43635
70872
61989
41687
12951
58182
50818
87973
23328
62077
21964
86809
85599
19304
48692
73222
31042
27617
15890
54628
16202
74644
30479
25780
15611
49246
55094
72264
37519
87711
766
34671
10181
63630
22227
77530
47116
81402
13710
18011
4387
24656
10180
62860
78259
82331
61968
81633
89727
73572
51668
36743
80177
33175
26049
34392
37008
72732
67958
71403
78903
40940
12789
37404
26739
29037
45197
4035
20066
51923
32407
970
26353
55856
25602
57002
43034
61653
4473
20412
66696
82791
47587
47187
68616
67665
25554
81871
38296
24502
5988
84665
56745
26202
25136
29686
8647
9947
81126
58920
44522
79909
51020
76832
1179
66319
28155
50955
70292
73722
50350
16749
35661
10828
76035
72456
54024
70595
45841
46292
89753
60252
26066
82789
34404
19350
29735
54107
73229
85093
73956
62844
28788
80512
38747
25467
86249
51622
30218
60302
66234
41716
85390
46045
52756
52673
27984
9121
34175
60635
23154
84467
58895
63968
63545
35851
23545
77665
20702
87542
34923
5628
5704
60174
67577
64716
75964
54531
19968
35766
18527
41321
58361
77660
68888
65369
66565
30240
57376
58425
543
69524
47765
11718
31728
38776
35393
15273
72624
83051
34525
67511
50694
25693
74811
63653
47474
70132
73565
28062
32305
38104
71008
15273
4415
50035
48014
28623
44328
17759
89814
3239
84051
41785
13564
7802
36252
46751
85600
76197
24657
40225
87307
77794
4325
62313
54571
56314
8448
69724
13351
28525
30684
72762
6093
21423
72457
50177
62816
45235
38172
74462
50174
27861
65894
59839
34465
63261
69788
3924
74001
76320
68408
45366
29865
66721
322
82197
84017
51796
27315
70675
11954
85395
22045
83492
42441
7399
42335
20513
82018
53084
71252
34934
31291
37723
52568
17068
49589
39949
58038
74164
46129
19415
22331
9689
54452
29506
65326
4464
26884
30267
50868
5713
28694
19432
35387
24825
63648
8043
34539
60671
75922
7180
70930
88111
76298
56313
76225
61281
31595
60828
35400
79723
88495
75788
34461
85624
37815
81531
1145
78624
9385
79249
15748
16898
65270
2920
81545
87648
54493
63665
18958
41531
72718
59794
21261
456
22158
33906
83313
67319
60877
33996
8882
65477
66641
55228
24741
48321
44930
11669
45028
86523
805
8682
55066
53499
34714
86636
79193
25771
1981
8435
32954
47501
6155
58907
22957
19781
77533
25192
78753
58322
81962
28843
56528
14886
88085
66116
73318
66033
75726
34548
63058
42028
23151
75321
40024
23437
41596
15962
77438
10233
11185
36123
42810
29975
52080
16189
58563
18320
87480
23164
64781
13396
48125
67800
969
26053
55709
39307
64156
43267
12960
12318
51834
80678
16491
39366
28767
68213
33670
62494
21807
23774
63301
44872
43415
15270
31633
1014
61720
11520
50211
52530
30976
28701
10921
61558
3837
81325
81135
79558
85432
8871
42508
13063
53885
86085
52217
84808
48441
77733
57639
9475
66897
12122
24696
17926
25518
30967
52545
34173
4207
82821
79099
73477
775
27330
41351
17835
53651
2023
62917
59983
11330
67700
29531
682
71222
21136
55424
61615
85036
35235
34603
449
69155
61802
42689
45748
40457
29689
48343
9688
54754
10473
87769
56806
23657
80936
32256
38786
81129
19434
43008
19880
6981
82735
27083
19515
76452
72678
57963
11324
59556
59614
72041
26959
63220
81329
79358
51661
67820
17929
78171
38045
67835
87344
89112
43536
83900
82098
39015
85249
39639
69204
6543
20498
77080
35537
27580
21222
26913
30824
35445
20092
8463
6417
83998
48766
42931
69641
76730
29458
34009
7536
85398
1374
70952
43320
78176
42649
200
28704
82683
27805
42484
84618
28265
16498
83555
59455
20410
55379
83012
69906
39753
66532
80974
6466
18303
12186
51701
68220
12402
4528
4964
5172
20404
57112
40156
39438
5695
81503
19713
69231
32853
56867
78387
28394
21239
54473
62342
78803
17973
86496
38636
42067
21745
39554
26698
56287
54624
66482
38493
78473
74916
46147
68737
24892
10673
13345
84600
57798
5262
70645
34385
84499
826
48502
47878
18820
10799
44504
57353
71356
51085
72963
37570
32160
8667
79007
67156
63821
26468
66654
58118
4737
9473
20413
43214
32132
71313
67882
37377
49672
9602
24483
70801
39189
16718
52459
79323
15618
70650
55726
9129
18959
32726
8942
1599
25259
57365
36690
62863
63284
42569
13778
58522
88459
58967
73551
50644
67279
71572
73921
63794
66037
7265
716
16208
55466
71175
80082
27782
64616
82320
52136
81665
66160
13395
45749
53345
55919
75563
57215
51580
54030
42539
25619
20241
15410
63595
84999
41924
28634
10572
74688
72385
73790
41790
28849
31033
21847
7330
63047
40028
87761
39503
62573
54162
1857
24894
25459
82532
52437
44393
78418
6494
49348
67822
73842
49920
2187
85066
69443
49664
27951
88381
34475
38964
332
80014
74164
44559
75761
67997
21972
24188
10000
1288
46327
12476
38536
53691
68603
27766
59864
33606
5183
47399
22741
6536
63752
31583
27912
19477
63669
78605
34535
36652
63606
33014
84346
9617
21505
75057
51929
4698
43059
77917
14481
15372
87811
35685
63708
56720
67941
67065
81975
22752
12476
53129
23720
3571
13354
23988
89908
31358
59998
88242
69124
51861
18550
38458
21629
66132
66998
58557
51477
87330
8990
28009
75020
62862
15793
54023
72494
57070
44880
52948
60389
13280
73089
57393
88086
16552
4365
21685
58076
78384
52308
67481
16198
17237
54874
24858
57082
81887
64233
83545
47307
11494
59230
68100
68563
87774
40082
75734
65597
21247
57896
4558
37533
76225
60968
31596
84980
46149
70163
71842
89067
71869
32213
41049
51519
50704
6732
31347
37996
14531
73106
72683
80577
22677
9281
71615
7156
10445
85950
32277
86630
2512
20431
33971
10562
59231
72715
16654
27361
5947
9933
13218
56851
37006
27435
13356
45507
48040
61250
68581
56872
86006
62424
9123
15271
50303
58181
44719
39641
68543
46084
64991
45566
58196
38884
25227
4053
66099
12385
29593
55586
77681
2303
65712
61920
33961
61375
36369
88057
78376
13069
64232
46027
11633
4854
47518
42853
31759
76798
57327
11109
8906
66721
7184
31708
62942
54860
57278
65465
76093
55930
84891
18356
28544
20862
47891
6798
3446
76566
51676
76200
26241
58429
78555
67938
84265
50353
40336
24463
74689
71284
29755
81531
17204
43301
8248
37417
34931
20244
67329
78009
70153
17721
68425
63070
19368
54642
89482
50557
19924
10906
19639
10791
86072
8863
48780
31344
31400
379
56317
4998
30999
69570
75557
34492
25940
41798
65151
88132
17213
88618
12022
34259
18339
30172
60101
72139
31472
6384
24313
20352
23516
77181
12909
77141
16407
58873
77921
15240
36023
16106
79039
67033
46460
65265
83126
69426
26068
44672
39704
57988
81702
82316
40740
48649
72367
83924
59592
51880
76598
87394
23737
89602
31071
43444
37603
76394
50646
70193
59924
39171
32864
53307
73630
7876
15898
26026
14583
31005
87719
43642
20575
5068
59022
84932
83143
14968
6711
6525
60888
51849
45062
80355
51178
80856
21254
28241
56095
89256
81127
59979
77233
78159
70678
78273
25674
10893
59531
44705
37816
54869
48713
78888
70890
51646
36602
38055
78465
84383
77057
25547
53087
39078
6587
83814
62014
33072
15987
43992
40256
27926
35102
45902
76854
37123
27621
37241
16328
65923
11040
20112
86974
7218
86172
7252
63415
5930
37480
16085
75665
20132
22807
46957
63420
54811
4351
37496
63164
66206
12826
13956
87462
32287
12408
2722
31566
7958
34163
53298
44266
23122
60125
36499
21043
80642
61649
50716
48941
835
18280
51824
79529
75793
64158
10637
8712
19937
64326
16312
74222
6319
83358
45030
9358
67859
76970
32164
20549
12347
66192
63402
40054
83313
61683
77089
4616
50326
14393
31139
89732
72461
5177
69669
28505
46614
51029
52207
1911
38910
20927
26389
21326
71300
87373
32079
25036
48676
78136
11349
13203
80241
12222
49224
58702
1841
29484
38962
64903
9831
84861
20441
15585
12001
66728
13542
16906
37324
74266
11474
19825
29101
56746
77568
30106
68543
83921
47954
40104
85289
86851
42511
41007
13337
27549
2624
82363
47574
55766
74855
72774
52752
29644
35101
30400
76343
86474
35553
697
45432
45800
59595
77081
54735
25117
58125
44619
67080
83390
13978
22931
33620
64184
82592
7456
52920
59784
73437
58780
54254
46594
13716
53213
84818
48691
3513
31833
10759
69763
4658
78901
2566
52610
11023
14565
33993
7207
59912
4575
17242
4509
77412
53902
19748
23032
71089
14936
16735
33153
33372
40998
77813
40898
28532
46937
34486
12222
56635
21976
30991
57007
71599
732
76307
72441
9022
15672
53458
73614
15966
45257
88268
29521
17670
47803
79464
76878
13688
87353
64699
32213
33073
83493
74187
17511
44584
28777
43158
64862
57910
73392
12817
27517
19051
9654
28395
82186
88413
41361
75132
70808
17102
14810
59049
71686
20641
63713
62417
57532
63723
51635
41751
15819
85298
44456
44190
9448
48778
55
21391
78019
1394
44347
49508
28202
63479
4785
22879
48956
52943
66935
65476
81943
46801
28854
65981
5755
80444
34439
63347
16187
34800
58320
14643
1364
29193
7472
18305
69799
46157
83706
22369
10578
48559
64200
74501
42697
71645
41270
15425
54046
1737
15433
17319
46791
87085
69298
61832
68759
10517
40779
9934
77218
39717
14844
44793
48730
22552
21332
84151
9591
71566
10800
29479
47001
85301
79933
27428
67815
53491
54441
69231
81811
15280
18126
23476
5812
65699
50147
14563
83686
46122
86280
28901
48398
54591
2587
45310
52026
29374
20618
64384
68072
46978
71053
8008
39446
42915
80929
44060
22958
4922
53406
30571
12394
65650
75216
35674
35931
34911
70726
25512
19925
85229
4569
43576
37869
16460
35348
51224
62278
62374
21903
6397
73208
15030
69702
15319
6627
79942
75591
33055
15283
82922
70343
58402
75316
13731
4606
86849
29248
33907
61595
70493
63061
81239
45205
28223
77527
27656
60115
50171
47090
50963
67844
76773
19997
11199
33142
49563
47165
22085
75023
54227
31455
17480
5384
20628
29445
4519
69617
67589
15865
10941
35517
50834
66704
33393
26324
72763
23596
69330
60687
10699
12916
46343
85132
16808
1002
81511
60420
37401
8
73743
64016
74017
31318
38049
39723
69484
40731
81242
63187
37108
73982
56205
50044
62091
75371
38002
3382
65237
48391
36684
81110
36822
41207
1376
71626
30119
65468
37619
49195
5343
75780
79864
36528
35391
48038
59778
79187
19500
32926
68344
89921
19844
26537
62606
73679
18255
28606
40238
58368
18860
81450
15585
74510
27829
81801
52410
63516
66539
69867
64570
82185
71880
77040
83375
19183
19829
4120
40761
78365
2358
60443
29050
59739
86195
50480
44589
37996
32569
50363
13710
6824
89626
52776
64065
34454
53583
57127
17974
27881
46159
3996
12056
75460
56014
20062
15653
58272
78606
53444
22118
31174
62195
2105
89504
63186
21624
70567
64954
73621
41730
87234
27093
29939
6870
49039
81067
32281
4003
43274
68328
17940
14769
20468
76860
68025
30213
68232
8480
35121
50303
81676
85210
21252
33514
28889
46861
9207
72043
1809
18300
47990
12831
64064
58486
54192
39623
66920
21576
85989
3054
35185
57519
30858
29314
82929
56782
57474
53737
42028
68555
67470
47383
41161
70233
65982
55556
13451
13053
57655
72421
68657
24362
37634
80321
206
44879
60349
27555
58265
82759
60730
70352
33676
16799
82110
54149
63946
43827
67918
32943
12361
5569
79368
22663
87813
72890
79060
14267
71313
79567
45376
83086
78635
40553
48149
73254
23140
83619
64155
8223
3734
63027
16071
5843
61062
77798
48569
50648
49162
16104
33545
56028
82293
13388
23439
30367
20350
15738
87398
44728
84745
81043
79806
74333
32598
59256
85859
27110
79775
22667
42709
50518
36869
84815
45745
35587
47321
63666
69589
64915
79310
49604
31275
58790
75238
21236
34430
61858
50483
44667
86710
36632
72136
79958
33512
38634
39169
67682
75754
29432
24655
86169
54652
26501
27019
89106
11126
64903
64259
10211
71727
42357
43940
80615
4631
25043
37774
20063
72676
73921
27802
58772
62722
31398
46333
58971
79909
61732
31133
64802
89802
6803
62655
17839
64435
77623
61205
13277
5009
75973
58288
41011
37047
8496
63705
47390
7432
60588
70377
20071
7718
65426
70306
51600
8033
83805
30381
85020
19323
9407
14276
10524
31171
38452
49636
61190
57612
60261
72582
70404
25946
67631
57578
57763
8522
37720
80902
81646
33483
35480
80107
29093
79815
9323
36201
76638
87189
36616
73597
53705
74271
64462
49457
76608
83514
21725
2439
71543
27490
40400
89475
55258
57851
29513
34309
9024
82647
78838
89349
36109
74393
81872
66247
36911
46978
79719
52103
73904
54842
66511
40020
38799
46560
58466
80195
64961
58629
51327
83895
56046
14784
22540
77751
28438
77641
58527
32535
63244
35212
10092
60118
62983
27783
86827
38426
27635
18800
23628
32990
48028
9427
61143
14012
18570
75383
22382
21324
57776
75230
41670
47092
59147
57705
12850
20751
66107
66755
62570
44875
78643
69300
30212
8972
12065
15556
12040
34007
63004
42707
34581
36057
72673
67716
61262
8934
46089
88629
20071
76797
62749
31027
74283
66048
21049
4224
66712
41841
32136
39526
13349
36225
57897
30697
38157
68423
41865
65277
84839
29026
755
47689
62879
47306
78726
64918
33009
67664
14586
31181
52728
54719
54828
56694
47937
72373
26395
58450
69540
83680
6870
17063
77244
45813
9327
52764
55343
52804
57407
13998
80293
42230
88322
18173
62116
18667
41370
48001
50525
38769
22272
9902
87410
37213
30054
28340
36740
19300
35563
77889
52865
24458
53921
66713
950
17726
73506
62197
71166
67858
84504
4942
35181
27296
84128
4669
33625
12166
17533
78877
66783
43094
2028
71338
36778
39354
71606
70487
64606
35061
11675
54855
86800
27616
59460
32608
53745
81191
38896
76627
47899
76738
56414
23468
36262
51191
53405
49493
71180
10331
82252
38261
69938
55112
81636
29746
78300
49983
31485
47031
78032
7490
45266
39316
52824
46352
40557
57355
25013
9974
52311
85400
42438
77497
31543
13715
45970
44873
87291
34778
71204
10512
17186
6174
22404
7299
46377
82240
66417
48673
82995
82234
82169
68314
30240
56288
59574
73304
85186
20221
79252
17085
23002
83477
60977
33352
52123
86667
5783
37632
23557
18667
55978
33120
65608
16581
8322
3611
11276
31149
8737
4949
73372
53972
11326
64439
63925
26731
66180
47704
54031
71825
72211
84328
30078
67423
3038
43259
81322
41109
48229
77091
76696
39402
9624
858
17558
7627
31307
76456
81000
86645
15482
68100
5745
16578
57396
11489
22249
1749
58870
68141
56923
52309
14284
60526
41658
29745
54427
21449
56952
72251
17863
73656
73008
43129
3709
28598
39404
76519
80610
30448
4425
31684
53741
81464
49000
48032
1869
12541
16290
61040
6112
54571
7032
16674
33123
61794
51066
76259
64484
71463
83667
36482
22934
18621
42381
35711
2857
6376
45140
31822
36202
50210
64071
50702
29077
16217
77758
47535
88176
73666
81789
40372
69004
17575
37151
41739
16576
50728
72771
70445
38515
23338
10782
8830
77666
40506
60201
82560
73924
41109
38207
32283
37312
34562
345
11089
68593
83147
69100
64990
73193
75394
39675
5752
49324
34442
32932
75008
38333
62479
68241
20594
22092
83777
65308
62509
51152
44528
13438
18178
27159
34259
81274
18674
36191
21866
85723
6479
47298
21433
81186
38516
34200
36353
75985
79353
57100
89964
45443
87279
82904
45435
21007
86549
88564
78453
4248
81419
15050
18635
19150
41957
69906
49907
37720
85970
51398
70114
82573
57540
21672
15045
30548
70856
57638
67422
12853
12484
79479
72599
72863
89303
43924
41041
43118
73496
35462
50980
65790
16085
82922
2540
37380
12803
81508
78292
77411
3373
84756
27121
68332
10569
77335
86287
3653
82212
54992
65257
18988
2171
64861
14437
79708
16968
53412
89485
38638
72477
77463
58932
76998
80842
12356
85155
21976
10903
11959
12065
77934
73494
9627
35887
55921
54279
76177
47155
66536
80972
31335
23675
86098
58582
67611
61920
57215
56706
47520
49597
34947
22028
45809
67412
59587
55662
46272
35112
28887
79850
67199
83721
11630
68234
4306
31563
62224
18330
3574
17587
57986
60973
48020
13457
70369
28415
20011
77806
33641
50967
34382
16485
37573
7890
83988
24026
63516
45530
30573
48254
17284
85238
107
84624
52820
75128
27962
39960
66167
54188
52301
80954
71867
58615
44059
71720
61809
29932
29281
61011
45200
14916
86300
5223
8193
76371
39702
56708
39703
89947
43615
76274
28351
23391
4563
12481
88165
64968
26453
59827
53789
55293
3948
30215
73874
84602
82652
56577
60244
3302
82009
54680
54779
79993
55602
72003
29108
48436
1299
9913
57896
18366
18061
74744
64813
17753
30650
16558
16105
78717
14986
78142
31930
24542
33362
25539
65267
1163
32864
44107
43218
26521
12096
12947
9343
69026
63188
16185
15709
21411
86254
6372
35504
23018
41498
29044
81068
53258
54049
8358
86231
20048
83883
20093
5909
48529
83662
15495
72314
13256
86179
24423
3691
82594
37254
13010
78409
67806
32107
69191
45447
40417
58263
57237
28276
86032
88718
10156
39462
10437
21669
81402
4503
49532
50523
22656
60664
71182
32706
3081
74516
56114
48356
43810
22538
80513
60238
27981
31251
88567
85481
38316
45342
49764
62549
76330
63120
38034
78261
27428
70661
42694
44191
18477
17165
56756
21047
87791
81415
70058
9767
86133
34252
50700
39426
34352
6209
16126
51979
54892
32926
85992
42408
61657
10774
59473
42672
46817
5835
35533
20522
69250
22921
40191
44345
54014
48821
8733
16927
44297
31396
24380
47122
37484
3424
81198
29493
10843
47883
62509
65607
65013
20393
6098
16698
85535
50433
85901
9064
81723
64883
45369
68566
83528
63875
13253
2968
39809
67258
56071
34916
39334
14833
18129
33872
50900
41640
77329
44596
32415
54220
85472
83636
63440
61691
43546
82134
13862
76245
85054
51755
23228
3719
63053
65079
55081
32055
23232
88361
63999
65177
20425
12288
11996
24968
76804
71211
74399
17349
12478
80724
43460
21372
42208
46957
65613
27165
4843
46256
68519
31869
41956
408
3679
57742
19999
17654
39476
15977
15869
37077
25690
76197
30126
40373
68527
31715
46091
78866
31043
58729
32498
22738
87288
41462
55808
32790
74532
19486
62104
27601
15541
16051
10993
39532
30067
79664
60274
42539
87562
63764
76678
72565
45818
32154
78782
54289
34743
70037
32532
54403
58369
50252
60666
27091
11471
13977
72350
72330
2837
38982
69460
19869
14422
64745
9635
47476
55003
11013
69248
71665
35446
86784
13195
30368
75275
32518
74508
37660
35964
31319
5032
3649
49066
22626
41420
4231
76857
4460
48509
25776
74415
59702
73627
87725
84541
35759
27357
30014
70818
36466
8505
41637
29584
564
41491
26518
47589
