19
211
441
32
163
165
147
165
42
292
74
263
419
101
289
415
0
162
73
175
395
49
1
36
83
539
416
283
195
186
3
27
120
54
351
239
171
441
61
0
303
290
83
494
273
300
199
17
99
174
117
0
10
0
474
160
197
219
0
153
150
121
288
43
84
216
377
284
151
93
93
28
223
2
102
0
17
150
134
108
0
447
0
191
81
152
104
517
226
291
0
172
105
18
108
205
310
0
127
0
178
80
0
127
0
0
191
27
0
310
26
85
60
38
132
197
31
172
148
50
0
62
0
17
99
137
9
13
72
64
427
14
98
0
297
209
0
268
8
257
86
244
70
188
418
267
0
172
0
161
40
322
192
0
71
232
197
273
215
229
362
72
265
134
213
238
302
146
63
229
131
103
44
65
128
0
129
0
11
101
263
71
203
295
311
222
300
178
222
72
9
0
20
163
26
330
27
168
88
290
119
0
75
82
236
138
178
107
233
0
0
8
0
16
112
186
352
64
265
0
80
335
295
0
160
268
20
37
31
149
0
117
19
69
6
36
263
48
160
129
196
58
99
156
380
0
0
276
44
162
243
5
263
189
169
125
101
72
64
159
306
336
70
253
0
106
326
34
316
221
484
57
365
40
24
50
230
0
43
151
203
92
269
185
0
111
74
171
0
56
326
60
176
18
46
164
181
0
229
140
12
162
84
71
48
68
76
276
92
4
188
149
514
87
96
86
308
253
85
0
179
111
172
33
72
124
338
152
7
266
185
258
360
480
172
61
0
62
163
250
0
60
48
144
138
203
23
359
312
42
309
99
98
106
479
165
333
184
95
23
0
0
156
86
0
61
294
441
219
0
182
100
14
0
296
85
427
423
77
300
0
186
261
161
326
335
20
0
46
42
36
23
341
7
7
0
302
103
26
238
174
302
14
137
23
235
0
122
0
103
208
161
277
121
421
212
21
0
63
351
109
42
310
523
0
108
197
115
102
323
233
0
93
37
315
125
24
111
0
185
75
0
65
31
43
324
452
182
58
275
0
10
438
272
342
161
297
128
63
358
90
338
216
299
151
126
130
229
138
117
188
65
119
175
281
0
27
7
66
321
165
37
259
58
114
24
334
409
175
243
0
71
171
5
253
0
128
167
64
0
