626045193
1994327820
0
0
1600269009
1643970551
228218
448854578
0
0
201800638
242067325
152652670
267251706
0
1457680
1489744436
2114418
133449902
4441504341
6062931
1284585240
2405540505
3518512420
672698895
0
0
142205595
3063739219
519366965
0
938774364
297632506
87873685
174585852
586277793
0
0
910473851
0
0
38881353
323514596
232003737
402534259
0
1328413757
0
56251778
411315358
970998963
0
3644800
0
97437870
4008023452
0
10560150
597619525
93700215
4003160
6787927
2102220
352024475
0
129893262
233839210
0
0
130756932
190404012
0
197832400
1596616560
119538025
0
117061929
238735568
83998500
34290713
14324400
1661833100
1065308779
427951353
41340376
641016426
0
1032591062
99729305
25578996
2828045141
86960250
20689152
0
0
440527183
124125586
463085406
0
283143035
