263154370529
112388651791
8690614918
218753544484
146379452677
30480312190
377003806519
1668414436
165840667054
26246895224
358054041235
54609143282
155729915232
11749996755
3329055235
109909510842
469175844
300258796090
189675736888
2699203370
365171366719
33948842813
20408561649
142928582130
137087937228
531872270559
62275305293
86114655000
323353458874
69754138533
158430344801
49880624829
301668530171
77363695750
137506211345
50410598455
145869506041
218564436600
26989874143
12930063421
238394314570
3175722908
10659694019
263639633491
12972954713
114111336504
179856525538
4892418343
230103594038
420131486076
27041288265
50466721303
8785654738
218951826151
152685330214
214014373965
384815950445
150580305014
1531217326
234813458182
10296369556
41111514727
12339879871
12755469119
20201164652
48918131389
334800858343
306524546113
134399900306
48270079251
55941667519
10835266357
185304525225
243327457336
563879030936
53574372630
194577553048
108255598117
253585347216
240705464564
183590434255
5767408757
211245442505
102243164082
76683026407
4135401493
36494305904
689920406
16298547455
173477238880
124599964203
135279761711
18750164840
99715668952
263855718044
3516890108
4347944099
119188247218
632529509
460454382540
42042396427
124656149480
13411048026
38338527118
5660671911
13380664964
61626191199
146219359960
108452581030
79613565890
327689865236
4456612068
39034653040
20243735460
117816606100
203794346003
767208851
459389620905
209401245440
51295990903
331731696437
79267563797
28398782054
85866831652
91200717473
27518825984
509942639542
132702662474
62970493728
56103412000
2076466851
221513309233
37257992419
55912000004
62932385239
288747071033
30358654838
164913901163
76408207746
139227732418
102139220917
232139803345
213623722405
271899069697
136523812975
39516420333
195216644867
150144479160
548631740338
26241006071
74157583686
43862600288
1196880757
236504653117
62028870500
330833332038
319807035784
150423086645
71414777323
669880799795
111629928657
75846666456
21648957718
4546509039
83271344233
63929502913
32715996174
13956899391
595690217774
4555536557
18171334080
38003862952
39341856569
237421985760
396511399888
101352327838
92291294414
15859833119
64021212012
33476743913
39531284800
83267434433
21310574718
242025247498
100488113378
172027832197
21193659157
111411010203
11006716309
1976121864
312491508690
119139009159
62313496069
18729859000
116815720858
50474839407
1400642741
227926884780
62706609948
81590254313
63411926513
166749161938
2588602172
217512998562
150193222463
47806443731
207816909242
4519906000
80435775600
147983716666
185477853115
231054992390
47848237183
78694623867
4163251138
397291829243
452937656533
168031335625
22188317667
347278422173
258285725264
9222776837
452027947685
175100847
40940443433
27912148192
18451185693
69469530417
28496513763
9517844009
226318740641
48372196589
12134562853
34780203791
229055476354
192840239366
32443350030
10968328315
120286265929
121296034911
18052055345
376457025200
72836228087
5105692257
2544441175
23997946552
1785203041
3488616814
108748194392
77049531878
160479504215
14622744029
56381349473
361316484000
37912662919
5238655727
2293215116
46589737390
43085888876
368762209455
1079026238
51368001492
275550744545
117634464963
479104215582
37679398274
160671102325
36319874331
29738879832
18236123971
81712376784
184949523841
5843169492
133248388007
220938624350
124122313306
243368509313
110985546464
59601593082
87165431628
78883648638
19067665988
24445017133
631388652
355981949273
295376181573
207749129305
14305963009
20530035521
17337030809
29160895939
23125129282
13393647389
49717260532
42939931072
34406380971
92174931609
9447745411
63568029225
227316794665
136901508941
104519875592
451418052676
9973066493
90691342881
85398267963
27787476586
12973600666
31849336596
163729696000
64685222562
42593857011
10531348229
434423584085
445753614023
125066006355
6141124547
419239410007
204202811411
315999093000
20297394000
317500707916
435745121324
109769749984
214749507683
135795684651
360877810085
57889138907
523423343573
29424154475
82788943808
4698248300
77545845432
77464744478
76481875227
79203443438
4685275207
18629574569
2443535708
559456382
122314148541
264833916594
27594470519
48779149034
108040174463
28217524818
354868125650
124725343310
89233418584
28577340051
99056189296
255353363507
29740081555
189363384145
6394864743
11664893913
3910025910
323761340995
351071885314
27236696758
59733996259
31044891555
8641030673
7847246972
36954789523
2892838688
63593193906
97785930211
10492641345
11603995942
481648469608
53585204471
161668311825
335684386187
601531993
12223283909
99886285467
217286213940
122817028239
479239371726
273008555515
2298828454
33368749897
114986049815
12673614763
47746965300
473699040145
2314283231
127641439195
7102073845
57334016335
14329636705
21141014108
192252865237
21824256647
138801116841
17935129950
78412231783
58622422956
92446707732
508360517504
748822852535
278835894043
257512652780
15185195387
18255703970
26776150626
210905339516
25164275897
116506117957
41322905032
35651472832
32011746142
171398868739
178332712396
118968286628
12929236211
53032068369
55095857578
565682157
240403674535
1218945707
46260086732
23766518422
212720584763
31686932167
21206910108
68723396
43148011318
28916023066
160888482263
62547817181
220131883973
29928247856
563988748013
227149269571
71746983500
62534910445
201853611789
34221120202
411556182941
113722544090
166347424105
71148877313
322065611533
78286144391
142358676646
140236192744
232743790252
282773603035
107828903128
37411109490
828732540
30616176555
3867976322
88812072327
4188248909
142814730435
2982228589
88767725119
34401468051
39686238847
99245765867
146744646291
182701827482
31461728011
281045761604
13198426573
587036482
1887678277
166173543633
9980429505
239097042546
52275926865
86205556
23264938018
25052778571
122105981773
329407037178
17809327107
32465993103
87329760689
150749996206
14069742740
28002829828
165983747714
198514905582
56308231023
41969470600
29886474189
93638641964
17021243945
500196733319
137108818
9741086419
61248144356
45087979836
246376521168
214477109024
123634847786
119560848090
302797375491
35659107181
399670887044
31265106796
192114358436
349362015681
64093483075
183638452756
291682237814
17990725086
115918927761
72613716109
38811283271
155505564007
4561919421
311224635248
17402893686
56665409036
4821664618
47098477813
188074298296
316599744723
238296257800
63344970172
19313655557
2332599163
480414758206
147676701627
64801259047
38413465002
29955620003
80415872664
86340529400
5944885917
7981868210
92698654576
20420274030
56397284271
325880813454
97207761069
330545799142
51118336835
4784516345
43431942421
1971307571
3900512525
659017418
216061117675
235253990971
15210807816
162852023553
115833289977
23494752700
5792660592
252906910460
54577225701
220808505923
468177853
667311447
44627107150
110919206538
11705632791
500211551361
123704647836
3488814996
192191716500
368790981
15387399955
221207720225
6673804502
602332142755
14396621503
371390839680
86277486
211050359533
74895846577
30938300005
172958155458
211662074386
212573749362
191987209
126879908652
59948140327
33015236816
179932274780
190576301158
211386854782
143868646830
104082111069
18018038669
254222604290
40686874493
326911766856
261057143693
8400507775
3686003952
22398271714
277658783844
495926085228
13414713833
49938160400
17154981639
13458318207
2800624764
131360533218
215506286
83394631582
27388562349
443039618228
2692164771
95755618833
17671412528
9571878657
1592601526
10776331972
249091758876
557578111412
273561807777
276177975176
119418578387
2694398127
18359530357
315349496
34075179922
57756843664
202469068842
359603093990
361904419138
305864499467
11267284663
234420581909
124635229272
277054054448
149699940608
283532287365
47906929155
64315122492
50249124662
19966655126
10491349544
26829654473
178520449879
214916009938
86322456769
201405873
87115010511
190007700000
24808089990
99090091908
20992704736
6976492738
131364581278
13916650075
157720160005
363794928569
52762846462
1559292805
180453585060
43561151176
424518892033
72671708218
88362092140
299270830571
276008796105
61814018232
128328067011
116540393926
544471620922
107506736886
12236986185
128725839551
50582414647
557024148781
118961584262
50881127373
97625382714
371422849094
92432940565
13660434418
111166730686
21782434335
248577696151
162805079400
50529800671
43112440750
118116996204
79718942500
26219232258
293955515111
25845265055
3819957415
7779772146
5212404503
40185030918
66716640180
208095600964
9550114438
21214203330
51330005893
90975837486
48114355835
9496539961
49901103100
296650475363
276592847935
119957211048
73296377393
255208302018
75099882828
51877670469
57610013396
195261628962
195102133158
116846103326
55563499108
31466420343
185187139500
9442782753
4588199070
9787520573
2383167419
5609430398
38122373800
90248227606
298581824401
33969675576
829404491
71010226327
29916814100
14327271822
160507330002
48124362467
270221462
3898219536
125086421242
80110973723
52149406141
123119379448
92449132116
160396341481
221686911507
289967172669
124779896366
43281574800
12963226864
58452226391
214956770727
54073362952
159347837052
375812010818
9832497156
60839648385
78786266824
51036460813
68765329318
274182965702
33230272696
283550887
305427683497
148811012988
94386124500
113272230719
82003047518
15333964137
67190176318
312570298
12503401233
24805505898
10883920667
38680493620
25430589511
77161673770
1560332411
12983308525
208332725748
446173676909
264766866746
741517584
27393968494
227817058528
95000468873
12967876471
124036393700
17861239355
271315904127
109812826178
191682419311
19844876642
153094060278
23205119082
67214773672
101442791637
23983073051
173437924252
16085890311
35188746200
218248574038
73925489189
20114018871
117152280710
1246621833
36484548901
186150745579
55484191187
27963405942
6002652292
100974043756
219331085255
140986969241
24044881370
31223699675
377566645863
27489434655
2235844537
96414653435
194365296000
269271055928
1111103700
60657982373
89656305158
70475403630
12664385217
51242338047
202538349393
24275890268
335379404886
13926608958
47187139655
104815492571
1258034785
26576302874
108235561959
304585146000
29636270429
38799596749
519458627742
118679285790
4982612722
49240995166
185767308909
39194497942
22760842805
3149825281
84437282072
110354904790
307482396241
152725931292
149164572456
33574844844
273401760423
26813479173
54784978413
84387605475
10691387
64466513886
299437545678
66200685593
263970816
88587428491
1364891878
34229974186
92470561231
119339904702
167389419982
13331929293
83398281505
70337826200
136581964843
67177755747
122312811806
101254397271
83828884328
79892697828
51974755082
20428688419
76567544011
118505968881
19541412424
6679477684
259848437995
81144445724
117306188070
181934276503
90282444680
21210486129
22996231652
74069352696
312755810519
15816236704
293791069947
81160814771
11217175897
159205651036
201788284906
48068348207
82111880322
518531791640
59516587142
46841068347
20081031658
95264153967
134912358172
222426086185
1902952708
36958856245
363152037112
416417174764
135470088745
11203763369
83770421931
42364873782
41324018331
353879562449
51307957810
16703295038
133224500862
81449260692
188691426856
174890396501
171051786144
233434160671
200949398196
84659925330
36455000054
2490780611
67042705460
75877893191
286121007919
26079968049
18175254395
646271294655
98935303398
509700838122
139452368658
37914602193
375506658505
833587243
43108199769
50915349658
406647984157
312305456535
1247441158
120459957781
188572217238
137680756614
353033404665
215411912237
25977204755
46610792850
226553505096
45997817851
10723947065
280253701509
44122316657
9163905686
32313174288
47695155162
259332181557
72176766485
113279332015
133585121553
60153526209
9332855624
41036613788
36119471904
123436182802
10334508651
10508726
1698433703
13212531814
253041827418
106992313674
60204710082
94973589779
273354875911
3463195505
122996759757
120608435327
62345448263
227384218882
23809852839
32798951616
55343848962
10943341090
42899745886
64161390008
142752035028
16642968369
24704161165
51663869806
53198215525
970124829
119583636504
28700792918
66087039528
47283005918
184679151718
15086157957
4825339809
