273
776
88
24
272
56
160
120
270
272
142
582
108
206
96
96
538
124
465
26
141
108
60
69
131
122
32
69
21
106
626
8
484
45
420
248
28
266
48
662
88
231
79
64
35
191
586
56
25
760
171
677
725
134
500
298
384
80
558
55
504
35
337
320
544
462
159
96
220
105
98
216
329
251
148
28
75
42
657
138
266
122
108
630
220
191
339
174
18
72
126
954
72
287
112
136
177
288
158
284
28
689
196
42
22
684
414
346
92
156
292
340
402
114
60
173
65
70
53
179
57
483
32
119
36
45
63
32
66
50
21
116
39
108
240
220
134
56
96
208
396
291
128
559
53
225
53
522
664
85
458
216
131
84
77
344
105
247
80
5
66
311
14
406
216
80
175
360
686
381
114
384
14
78
112
24
142
383
63
381
510
344
117
169
449
8
101
464
324
72
100
121
566
176
287
337
870
19
132
236
36
794
124
21
241
80
102
683
330
525
383
380
16
33
263
456
216
47
224
168
60
168
48
120
46
112
216
492
246
96
161
330
182
115
144
48
407
8
52
434
94
112
113
421
26
88
231
345
123
562
38
315
168
803
450
190
313
244
79
240
36
26
68
638
106
558
172
182
271
63
112
285
575
171
88
192
111
80
32
544
406
247
112
236
652
57
647
144
80
56
72
105
737
224
128
294
750
107
94
1102
44
70
159
140
344
35
163
35
154
96
684
368
290
125
83
141
64
347
84
363
66
168
265
450
266
28
206
421
140
28
66
376
144
506
358
82
416
403
462
78
289
120
185
83
61
72
584
7
